[       8ms] [ERROR] [JavaScript Error: "Firefox can’t establish a connection to the server at http://localhost:5173/api/agents/events/stream." {file: "http://localhost:5173/src/agent-status/hooks/useEventStream.ts" line: 11}] @ http://localhost:5173/src/agent-status/hooks/useEventStream.ts:11
[      11ms] [TIMESTAMP] Blocking Track @ http://localhost:5173/node_modules/.vite/deps/react-dom_client.js?v=68fe320d:12095
[      12ms] [TIMESTAMP] Transition Track @ http://localhost:5173/node_modules/.vite/deps/react-dom_client.js?v=68fe320d:12102
[      12ms] [TIMESTAMP] Suspense Track @ http://localhost:5173/node_modules/.vite/deps/react-dom_client.js?v=68fe320d:12109
[      12ms] [TIMESTAMP] Idle Track @ http://localhost:5173/node_modules/.vite/deps/react-dom_client.js?v=68fe320d:12116
[      13ms] [TIMESTAMP] Render @ http://localhost:5173/node_modules/.vite/deps/react-dom_client.js?v=68fe320d:3314
[      13ms] [TIMESTAMP] ChatPanel @ http://localhost:5173/node_modules/.vite/deps/react-dom_client.js?v=68fe320d:3200
[     170ms] [INFO] Download the React DevTools for a better development experience: https://react.dev/link/react-devtools @ http://localhost:5173/node_modules/.vite/deps/react-dom_client.js?v=68fe320d:20102
[     205ms] [TIMESTAMP] Blocking Track @ http://localhost:5173/node_modules/.vite/deps/react-dom_client.js?v=68fe320d:12095
[     205ms] [TIMESTAMP] Transition Track @ http://localhost:5173/node_modules/.vite/deps/react-dom_client.js?v=68fe320d:12102
[     205ms] [TIMESTAMP] Suspense Track @ http://localhost:5173/node_modules/.vite/deps/react-dom_client.js?v=68fe320d:12109
[     205ms] [TIMESTAMP] Idle Track @ http://localhost:5173/node_modules/.vite/deps/react-dom_client.js?v=68fe320d:12116
[     220ms] [TIMESTAMP] Render @ http://localhost:5173/node_modules/.vite/deps/react-dom_client.js?v=68fe320d:3314
[     220ms] [TIMESTAMP] Commit @ http://localhost:5173/node_modules/.vite/deps/react-dom_client.js?v=68fe320d:12955
[     229ms] [TIMESTAMP] Waiting for Paint @ http://localhost:5173/node_modules/.vite/deps/react-dom_client.js?v=68fe320d:13132
[     229ms] [TIMESTAMP] App @ http://localhost:5173/node_modules/.vite/deps/react-dom_client.js?v=68fe320d:3200
[     229ms] [TIMESTAMP] NavButton @ http://localhost:5173/node_modules/.vite/deps/react-dom_client.js?v=68fe320d:3200
[     229ms] [TIMESTAMP] NavButton @ http://localhost:5173/node_modules/.vite/deps/react-dom_client.js?v=68fe320d:3200
[     229ms] [TIMESTAMP] NavButton @ http://localhost:5173/node_modules/.vite/deps/react-dom_client.js?v=68fe320d:3200
[     229ms] [TIMESTAMP] NavButton @ http://localhost:5173/node_modules/.vite/deps/react-dom_client.js?v=68fe320d:3200
[     229ms] [TIMESTAMP] NavButton @ http://localhost:5173/node_modules/.vite/deps/react-dom_client.js?v=68fe320d:3200
[     229ms] [TIMESTAMP] ThemeToggle @ http://localhost:5173/node_modules/.vite/deps/react-dom_client.js?v=68fe320d:3200
[     229ms] [TIMESTAMP] AgentSidebar @ http://localhost:5173/node_modules/.vite/deps/react-dom_client.js?v=68fe320d:3200
[     229ms] [TIMESTAMP] AgentSidebar @ http://localhost:5173/node_modules/.vite/deps/react-dom_client.js?v=68fe320d:3291
[     229ms] [TIMESTAMP] ChatPanel @ http://localhost:5173/node_modules/.vite/deps/react-dom_client.js?v=68fe320d:3200
[     229ms] [TIMESTAMP] ForwardRef(ChatInput2) @ http://localhost:5173/node_modules/.vite/deps/react-dom_client.js?v=68fe320d:3200
[     229ms] [TIMESTAMP] AgentDashboard @ http://localhost:5173/node_modules/.vite/deps/react-dom_client.js?v=68fe320d:3200
[     229ms] [TIMESTAMP] DashboardHeader @ http://localhost:5173/node_modules/.vite/deps/react-dom_client.js?v=68fe320d:3200
[     229ms] [TIMESTAMP] HealthIndicator @ http://localhost:5173/node_modules/.vite/deps/react-dom_client.js?v=68fe320d:3200
[     229ms] [TIMESTAMP] ForwardRef(CheckCircleIcon) @ http://localhost:5173/node_modules/.vite/deps/react-dom_client.js?v=68fe320d:3200
[     229ms] [TIMESTAMP] ThemeToggle @ http://localhost:5173/node_modules/.vite/deps/react-dom_client.js?v=68fe320d:3200
[     229ms] [TIMESTAMP] DashboardLayout @ http://localhost:5173/node_modules/.vite/deps/react-dom_client.js?v=68fe320d:3200
[     230ms] [TIMESTAMP] FilterBar @ http://localhost:5173/node_modules/.vite/deps/react-dom_client.js?v=68fe320d:3200
[     230ms] [TIMESTAMP] AgentTable @ http://localhost:5173/node_modules/.vite/deps/react-dom_client.js?v=68fe320d:3200
[     230ms] [TIMESTAMP] Sidebar @ http://localhost:5173/node_modules/.vite/deps/react-dom_client.js?v=68fe320d:3200
[     230ms] [TIMESTAMP] EventLogFeed @ http://localhost:5173/node_modules/.vite/deps/react-dom_client.js?v=68fe320d:3200
[     230ms] [TIMESTAMP] AgentDetailPanel @ http://localhost:5173/node_modules/.vite/deps/react-dom_client.js?v=68fe320d:3200
[     230ms] [TIMESTAMP] DashboardFooter @ http://localhost:5173/node_modules/.vite/deps/react-dom_client.js?v=68fe320d:3200
[     230ms] [TIMESTAMP] AgentDashboard @ http://localhost:5173/node_modules/.vite/deps/react-dom_client.js?v=68fe320d:3291
[     230ms] [TIMESTAMP] MemoryGraphTab @ http://localhost:5173/node_modules/.vite/deps/react-dom_client.js?v=68fe320d:3200
[     230ms] [TIMESTAMP] VaultTab @ http://localhost:5173/node_modules/.vite/deps/react-dom_client.js?v=68fe320d:3200
[     230ms] [TIMESTAMP] VaultFileViewer @ http://localhost:5173/node_modules/.vite/deps/react-dom_client.js?v=68fe320d:3200
[     230ms] [TIMESTAMP] SessionsPanel @ http://localhost:5173/node_modules/.vite/deps/react-dom_client.js?v=68fe320d:3200
[     230ms] [TIMESTAMP] ObservabilityTab @ http://localhost:5173/node_modules/.vite/deps/react-dom_client.js?v=68fe320d:3200
[     233ms] [TIMESTAMP] ForwardRef(ChatInput2) @ http://localhost:5173/node_modules/.vite/deps/react-dom_client.js?v=68fe320d:3291
[     234ms] [TIMESTAMP] VaultTab @ http://localhost:5173/node_modules/.vite/deps/react-dom_client.js?v=68fe320d:3291
[     234ms] [TIMESTAMP] Remaining Effects @ http://localhost:5173/node_modules/.vite/deps/react-dom_client.js?v=68fe320d:13177
[     235ms] [ERROR] [JavaScript Error: "Firefox can’t establish a connection to the server at ws://localhost:5173/ws." {file: "http://localhost:5173/src/hooks/useWebSocket.ts" line: 36}] @ http://localhost:5173/src/hooks/useWebSocket.ts:36
[     254ms] [ERROR] [JavaScript Error: "The connection to ws://localhost:5173/ws was interrupted while the page was loading." {file: "http://localhost:5173/src/hooks/useWebSocket.ts" line: 36}] @ http://localhost:5173/src/hooks/useWebSocket.ts:36
[     288ms] [TIMESTAMP] Blocking Track @ http://localhost:5173/node_modules/.vite/deps/react-dom_client.js?v=68fe320d:12095
[     289ms] [TIMESTAMP] Transition Track @ http://localhost:5173/node_modules/.vite/deps/react-dom_client.js?v=68fe320d:12102
[     289ms] [TIMESTAMP] Suspense Track @ http://localhost:5173/node_modules/.vite/deps/react-dom_client.js?v=68fe320d:12109
[     289ms] [TIMESTAMP] Idle Track @ http://localhost:5173/node_modules/.vite/deps/react-dom_client.js?v=68fe320d:12116
[     297ms] [TIMESTAMP] Render @ http://localhost:5173/node_modules/.vite/deps/react-dom_client.js?v=68fe320d:3314
[     297ms] [TIMESTAMP] Commit @ http://localhost:5173/node_modules/.vite/deps/react-dom_client.js?v=68fe320d:12955
[     299ms] [TIMESTAMP] Waiting for Paint @ http://localhost:5173/node_modules/.vite/deps/react-dom_client.js?v=68fe320d:13132
[     299ms] [TIMESTAMP] AgentSidebar @ http://localhost:5173/node_modules/.vite/deps/react-dom_client.js?v=68fe320d:3200
[     299ms] [TIMESTAMP] AgentCard @ http://localhost:5173/node_modules/.vite/deps/react-dom_client.js?v=68fe320d:3200
[     299ms] [TIMESTAMP] AgentCard @ http://localhost:5173/node_modules/.vite/deps/react-dom_client.js?v=68fe320d:3291
[     299ms] [TIMESTAMP] AgentCard @ http://localhost:5173/node_modules/.vite/deps/react-dom_client.js?v=68fe320d:3200
[     300ms] [TIMESTAMP] AgentCard @ http://localhost:5173/node_modules/.vite/deps/react-dom_client.js?v=68fe320d:3200
[     300ms] [TIMESTAMP] AgentCard @ http://localhost:5173/node_modules/.vite/deps/react-dom_client.js?v=68fe320d:3200
[     300ms] [TIMESTAMP] AgentCard @ http://localhost:5173/node_modules/.vite/deps/react-dom_client.js?v=68fe320d:3200
[     300ms] [TIMESTAMP] AgentCard @ http://localhost:5173/node_modules/.vite/deps/react-dom_client.js?v=68fe320d:3200
[     300ms] [TIMESTAMP] AgentCard @ http://localhost:5173/node_modules/.vite/deps/react-dom_client.js?v=68fe320d:3200
[     300ms] [TIMESTAMP] AgentCard @ http://localhost:5173/node_modules/.vite/deps/react-dom_client.js?v=68fe320d:3200
[     300ms] [TIMESTAMP] AgentCard @ http://localhost:5173/node_modules/.vite/deps/react-dom_client.js?v=68fe320d:3200
[     300ms] [TIMESTAMP] AgentCard @ http://localhost:5173/node_modules/.vite/deps/react-dom_client.js?v=68fe320d:3200
[     300ms] [TIMESTAMP] Remaining Effects @ http://localhost:5173/node_modules/.vite/deps/react-dom_client.js?v=68fe320d:13177
[     305ms] [TIMESTAMP] Blocking Track @ http://localhost:5173/node_modules/.vite/deps/react-dom_client.js?v=68fe320d:12095
[     305ms] [TIMESTAMP] Transition Track @ http://localhost:5173/node_modules/.vite/deps/react-dom_client.js?v=68fe320d:12102
[     305ms] [TIMESTAMP] Suspense Track @ http://localhost:5173/node_modules/.vite/deps/react-dom_client.js?v=68fe320d:12109
[     305ms] [TIMESTAMP] Idle Track @ http://localhost:5173/node_modules/.vite/deps/react-dom_client.js?v=68fe320d:12116
[     305ms] [TIMESTAMP] Render @ http://localhost:5173/node_modules/.vite/deps/react-dom_client.js?v=68fe320d:3314
[     307ms] [TIMESTAMP] Commit @ http://localhost:5173/node_modules/.vite/deps/react-dom_client.js?v=68fe320d:12955
[     312ms] [TIMESTAMP] Waiting for Paint @ http://localhost:5173/node_modules/.vite/deps/react-dom_client.js?v=68fe320d:13132
[     312ms] [TIMESTAMP] AgentCard @ http://localhost:5173/node_modules/.vite/deps/react-dom_client.js?v=68fe320d:3200
[     312ms] [TIMESTAMP] AgentCard @ http://localhost:5173/node_modules/.vite/deps/react-dom_client.js?v=68fe320d:3200
[     312ms] [TIMESTAMP] AgentCard @ http://localhost:5173/node_modules/.vite/deps/react-dom_client.js?v=68fe320d:3200
[     312ms] [TIMESTAMP] AgentCard @ http://localhost:5173/node_modules/.vite/deps/react-dom_client.js?v=68fe320d:3200
[     312ms] [TIMESTAMP] AgentCard @ http://localhost:5173/node_modules/.vite/deps/react-dom_client.js?v=68fe320d:3200
[     312ms] [TIMESTAMP] AgentCard @ http://localhost:5173/node_modules/.vite/deps/react-dom_client.js?v=68fe320d:3200
[     312ms] [TIMESTAMP] AgentCard @ http://localhost:5173/node_modules/.vite/deps/react-dom_client.js?v=68fe320d:3200
[     312ms] [TIMESTAMP] AgentCard @ http://localhost:5173/node_modules/.vite/deps/react-dom_client.js?v=68fe320d:3200
[     312ms] [TIMESTAMP] AgentCard @ http://localhost:5173/node_modules/.vite/deps/react-dom_client.js?v=68fe320d:3200
[     312ms] [TIMESTAMP] AgentCard @ http://localhost:5173/node_modules/.vite/deps/react-dom_client.js?v=68fe320d:3200
[     312ms] [TIMESTAMP] Remaining Effects @ http://localhost:5173/node_modules/.vite/deps/react-dom_client.js?v=68fe320d:13177
[     536ms] [TIMESTAMP] Blocking Track @ http://localhost:5173/node_modules/.vite/deps/react-dom_client.js?v=68fe320d:12095
[     536ms] [TIMESTAMP] Transition Track @ http://localhost:5173/node_modules/.vite/deps/react-dom_client.js?v=68fe320d:12102
[     537ms] [TIMESTAMP] Suspense Track @ http://localhost:5173/node_modules/.vite/deps/react-dom_client.js?v=68fe320d:12109
[     537ms] [TIMESTAMP] Idle Track @ http://localhost:5173/node_modules/.vite/deps/react-dom_client.js?v=68fe320d:12116
[     575ms] [TIMESTAMP] Render @ http://localhost:5173/node_modules/.vite/deps/react-dom_client.js?v=68fe320d:3314
[     575ms] [TIMESTAMP] Waiting for Paint @ http://localhost:5173/node_modules/.vite/deps/react-dom_client.js?v=68fe320d:13132
[     575ms] [TIMESTAMP] MemoryGraphTab @ http://localhost:5173/node_modules/.vite/deps/react-dom_client.js?v=68fe320d:3200
[     575ms] [TIMESTAMP] ScatterPlot @ http://localhost:5173/node_modules/.vite/deps/react-dom_client.js?v=68fe320d:3200
[     576ms] [TIMESTAMP] ClusterLegend @ http://localhost:5173/node_modules/.vite/deps/react-dom_client.js?v=68fe320d:3200
[     576ms] [TIMESTAMP] Remaining Effects @ http://localhost:5173/node_modules/.vite/deps/react-dom_client.js?v=68fe320d:13177
[     577ms] [TIMESTAMP] Blocking Track @ http://localhost:5173/node_modules/.vite/deps/react-dom_client.js?v=68fe320d:12095
[     577ms] [TIMESTAMP] Transition Track @ http://localhost:5173/node_modules/.vite/deps/react-dom_client.js?v=68fe320d:12102
[     577ms] [TIMESTAMP] Suspense Track @ http://localhost:5173/node_modules/.vite/deps/react-dom_client.js?v=68fe320d:12109
[     577ms] [TIMESTAMP] Idle Track @ http://localhost:5173/node_modules/.vite/deps/react-dom_client.js?v=68fe320d:12116
[     648ms] [TIMESTAMP] Render @ http://localhost:5173/node_modules/.vite/deps/react-dom_client.js?v=68fe320d:3314
[     649ms] [TIMESTAMP] Commit @ http://localhost:5173/node_modules/.vite/deps/react-dom_client.js?v=68fe320d:12955
[     650ms] [TIMESTAMP] AgentDashboard @ http://localhost:5173/node_modules/.vite/deps/react-dom_client.js?v=68fe320d:3200
[     652ms] [TIMESTAMP] AgentRow @ http://localhost:5173/node_modules/.vite/deps/react-dom_client.js?v=68fe320d:3200
[     652ms] [TIMESTAMP] HealthIndicator @ http://localhost:5173/node_modules/.vite/deps/react-dom_client.js?v=68fe320d:3200
[     652ms] [TIMESTAMP] ForwardRef(XCircleIcon) @ http://localhost:5173/node_modules/.vite/deps/react-dom_client.js?v=68fe320d:3200
[     652ms] [TIMESTAMP] TimestampCell @ http://localhost:5173/node_modules/.vite/deps/react-dom_client.js?v=68fe320d:3200
[     653ms] [TIMESTAMP] AgentRow @ http://localhost:5173/node_modules/.vite/deps/react-dom_client.js?v=68fe320d:3200
[     653ms] [TIMESTAMP] HealthIndicator @ http://localhost:5173/node_modules/.vite/deps/react-dom_client.js?v=68fe320d:3200
[     653ms] [TIMESTAMP] ForwardRef(CheckCircleIcon) @ http://localhost:5173/node_modules/.vite/deps/react-dom_client.js?v=68fe320d:3200
[     653ms] [TIMESTAMP] TimestampCell @ http://localhost:5173/node_modules/.vite/deps/react-dom_client.js?v=68fe320d:3200
[     653ms] [TIMESTAMP] AgentRow @ http://localhost:5173/node_modules/.vite/deps/react-dom_client.js?v=68fe320d:3200
[     653ms] [TIMESTAMP] HealthIndicator @ http://localhost:5173/node_modules/.vite/deps/react-dom_client.js?v=68fe320d:3200
[     653ms] [TIMESTAMP] TimestampCell @ http://localhost:5173/node_modules/.vite/deps/react-dom_client.js?v=68fe320d:3200
[     653ms] [TIMESTAMP] AgentRow @ http://localhost:5173/node_modules/.vite/deps/react-dom_client.js?v=68fe320d:3200
[     653ms] [TIMESTAMP] StatusBadge @ http://localhost:5173/node_modules/.vite/deps/react-dom_client.js?v=68fe320d:3200
[     653ms] [TIMESTAMP] TimestampCell @ http://localhost:5173/node_modules/.vite/deps/react-dom_client.js?v=68fe320d:3200
[     653ms] [TIMESTAMP] AgentRow @ http://localhost:5173/node_modules/.vite/deps/react-dom_client.js?v=68fe320d:3200
[     654ms] [TIMESTAMP] HealthIndicator @ http://localhost:5173/node_modules/.vite/deps/react-dom_client.js?v=68fe320d:3200
[     654ms] [TIMESTAMP] TimestampCell @ http://localhost:5173/node_modules/.vite/deps/react-dom_client.js?v=68fe320d:3200
[     654ms] [TIMESTAMP] AgentRow @ http://localhost:5173/node_modules/.vite/deps/react-dom_client.js?v=68fe320d:3200
[     654ms] [TIMESTAMP] TimestampCell @ http://localhost:5173/node_modules/.vite/deps/react-dom_client.js?v=68fe320d:3200
[     654ms] [TIMESTAMP] AgentRow @ http://localhost:5173/node_modules/.vite/deps/react-dom_client.js?v=68fe320d:3200
[     654ms] [TIMESTAMP] TimestampCell @ http://localhost:5173/node_modules/.vite/deps/react-dom_client.js?v=68fe320d:3200
[     654ms] [TIMESTAMP] AgentRow @ http://localhost:5173/node_modules/.vite/deps/react-dom_client.js?v=68fe320d:3200
[     654ms] [TIMESTAMP] TimestampCell @ http://localhost:5173/node_modules/.vite/deps/react-dom_client.js?v=68fe320d:3200
[     655ms] [TIMESTAMP] AgentRow @ http://localhost:5173/node_modules/.vite/deps/react-dom_client.js?v=68fe320d:3200
[     655ms] [TIMESTAMP] TimestampCell @ http://localhost:5173/node_modules/.vite/deps/react-dom_client.js?v=68fe320d:3200
[     655ms] [TIMESTAMP] AgentRow @ http://localhost:5173/node_modules/.vite/deps/react-dom_client.js?v=68fe320d:3200
[     655ms] [TIMESTAMP] HealthIndicator @ http://localhost:5173/node_modules/.vite/deps/react-dom_client.js?v=68fe320d:3200
[     656ms] [TIMESTAMP] ForwardRef(CheckCircleIcon) @ http://localhost:5173/node_modules/.vite/deps/react-dom_client.js?v=68fe320d:3200
[     656ms] [TIMESTAMP] TimestampCell @ http://localhost:5173/node_modules/.vite/deps/react-dom_client.js?v=68fe320d:3200
[     657ms] [TIMESTAMP] ForwardRef(XCircleIcon) @ http://localhost:5173/node_modules/.vite/deps/react-dom_client.js?v=68fe320d:3200
[     657ms] [TIMESTAMP] VaultTab @ http://localhost:5173/node_modules/.vite/deps/react-dom_client.js?v=68fe320d:3200
[     657ms] [TIMESTAMP] VaultTree @ http://localhost:5173/node_modules/.vite/deps/react-dom_client.js?v=68fe320d:3200
[     657ms] [TIMESTAMP] VaultTreeNode @ http://localhost:5173/node_modules/.vite/deps/react-dom_client.js?v=68fe320d:3200
[     658ms] [TIMESTAMP] VaultTreeNode @ http://localhost:5173/node_modules/.vite/deps/react-dom_client.js?v=68fe320d:3200
[     659ms] [TIMESTAMP] VaultTreeNode @ http://localhost:5173/node_modules/.vite/deps/react-dom_client.js?v=68fe320d:3200
[     662ms] [TIMESTAMP] VaultTreeNode @ http://localhost:5173/node_modules/.vite/deps/react-dom_client.js?v=68fe320d:3200
[     662ms] [TIMESTAMP] VaultTreeNode @ http://localhost:5173/node_modules/.vite/deps/react-dom_client.js?v=68fe320d:3200
[     662ms] [TIMESTAMP] VaultTreeNode @ http://localhost:5173/node_modules/.vite/deps/react-dom_client.js?v=68fe320d:3200
[     662ms] [TIMESTAMP] VaultTreeNode @ http://localhost:5173/node_modules/.vite/deps/react-dom_client.js?v=68fe320d:3200
[     662ms] [TIMESTAMP] VaultTreeNode @ http://localhost:5173/node_modules/.vite/deps/react-dom_client.js?v=68fe320d:3200
[     669ms] [TIMESTAMP] VaultTreeNode @ http://localhost:5173/node_modules/.vite/deps/react-dom_client.js?v=68fe320d:3200
[     669ms] [TIMESTAMP] VaultTreeNode @ http://localhost:5173/node_modules/.vite/deps/react-dom_client.js?v=68fe320d:3200
[     669ms] [TIMESTAMP] VaultTreeNode @ http://localhost:5173/node_modules/.vite/deps/react-dom_client.js?v=68fe320d:3200
[     669ms] [TIMESTAMP] VaultTreeNode @ http://localhost:5173/node_modules/.vite/deps/react-dom_client.js?v=68fe320d:3200
[     669ms] [TIMESTAMP] VaultTreeNode @ http://localhost:5173/node_modules/.vite/deps/react-dom_client.js?v=68fe320d:3200
[     669ms] [TIMESTAMP] VaultTreeNode @ http://localhost:5173/node_modules/.vite/deps/react-dom_client.js?v=68fe320d:3200
[     669ms] [TIMESTAMP] VaultTreeNode @ http://localhost:5173/node_modules/.vite/deps/react-dom_client.js?v=68fe320d:3200
[     669ms] [TIMESTAMP] VaultTreeNode @ http://localhost:5173/node_modules/.vite/deps/react-dom_client.js?v=68fe320d:3200
[     669ms] [TIMESTAMP] VaultTreeNode @ http://localhost:5173/node_modules/.vite/deps/react-dom_client.js?v=68fe320d:3200
[     669ms] [TIMESTAMP] VaultTreeNode @ http://localhost:5173/node_modules/.vite/deps/react-dom_client.js?v=68fe320d:3200
[     669ms] [TIMESTAMP] ObservabilityTab @ http://localhost:5173/node_modules/.vite/deps/react-dom_client.js?v=68fe320d:3200
[     669ms] [TIMESTAMP] Stat @ http://localhost:5173/node_modules/.vite/deps/react-dom_client.js?v=68fe320d:3200
[     669ms] [TIMESTAMP] Stat @ http://localhost:5173/node_modules/.vite/deps/react-dom_client.js?v=68fe320d:3200
[     669ms] [TIMESTAMP] Stat @ http://localhost:5173/node_modules/.vite/deps/react-dom_client.js?v=68fe320d:3200
[     669ms] [TIMESTAMP] Stat @ http://localhost:5173/node_modules/.vite/deps/react-dom_client.js?v=68fe320d:3200
[     669ms] [TIMESTAMP] Stat @ http://localhost:5173/node_modules/.vite/deps/react-dom_client.js?v=68fe320d:3200
[     669ms] [TIMESTAMP] Remaining Effects @ http://localhost:5173/node_modules/.vite/deps/react-dom_client.js?v=68fe320d:13177
[     670ms] [TIMESTAMP] Blocking Track @ http://localhost:5173/node_modules/.vite/deps/react-dom_client.js?v=68fe320d:12095
[     671ms] [TIMESTAMP] Transition Track @ http://localhost:5173/node_modules/.vite/deps/react-dom_client.js?v=68fe320d:12102
[     671ms] [TIMESTAMP] Suspense Track @ http://localhost:5173/node_modules/.vite/deps/react-dom_client.js?v=68fe320d:12109
[     672ms] [TIMESTAMP] Idle Track @ http://localhost:5173/node_modules/.vite/deps/react-dom_client.js?v=68fe320d:12116
[     685ms] [TIMESTAMP] Render @ http://localhost:5173/node_modules/.vite/deps/react-dom_client.js?v=68fe320d:3314
[     701ms] [TIMESTAMP] Commit @ http://localhost:5173/node_modules/.vite/deps/react-dom_client.js?v=68fe320d:12955
[     702ms] [TIMESTAMP] Waiting for Paint @ http://localhost:5173/node_modules/.vite/deps/react-dom_client.js?v=68fe320d:13132
[     702ms] [TIMESTAMP] ScatterPlot @ http://localhost:5173/node_modules/.vite/deps/react-dom_client.js?v=68fe320d:3200
[     980ms] [TIMESTAMP] Blocking Track @ http://localhost:5173/node_modules/.vite/deps/react-dom_client.js?v=68fe320d:12095
[     980ms] [TIMESTAMP] Transition Track @ http://localhost:5173/node_modules/.vite/deps/react-dom_client.js?v=68fe320d:12102
[     980ms] [TIMESTAMP] Suspense Track @ http://localhost:5173/node_modules/.vite/deps/react-dom_client.js?v=68fe320d:12109
[     980ms] [TIMESTAMP] Idle Track @ http://localhost:5173/node_modules/.vite/deps/react-dom_client.js?v=68fe320d:12116
[     988ms] [TIMESTAMP] Render @ http://localhost:5173/node_modules/.vite/deps/react-dom_client.js?v=68fe320d:3314
[     995ms] [TIMESTAMP] Commit @ http://localhost:5173/node_modules/.vite/deps/react-dom_client.js?v=68fe320d:12955
[     995ms] [TIMESTAMP] Waiting @ http://localhost:5173/node_modules/.vite/deps/react-dom_client.js?v=68fe320d:13132
[     995ms] [TIMESTAMP] MemoryGraphTab @ http://localhost:5173/node_modules/.vite/deps/react-dom_client.js?v=68fe320d:3200
[     998ms] [TIMESTAMP] Remaining Effects @ http://localhost:5173/node_modules/.vite/deps/react-dom_client.js?v=68fe320d:13177
[     998ms] [TIMESTAMP] Blocking Track @ http://localhost:5173/node_modules/.vite/deps/react-dom_client.js?v=68fe320d:12095
[     998ms] [TIMESTAMP] Transition Track @ http://localhost:5173/node_modules/.vite/deps/react-dom_client.js?v=68fe320d:12102
[     999ms] [TIMESTAMP] Suspense Track @ http://localhost:5173/node_modules/.vite/deps/react-dom_client.js?v=68fe320d:12109
[     999ms] [TIMESTAMP] Idle Track @ http://localhost:5173/node_modules/.vite/deps/react-dom_client.js?v=68fe320d:12116
[     999ms] [TIMESTAMP] Render @ http://localhost:5173/node_modules/.vite/deps/react-dom_client.js?v=68fe320d:3314
[     999ms] [TIMESTAMP] Commit @ http://localhost:5173/node_modules/.vite/deps/react-dom_client.js?v=68fe320d:12955
[     999ms] [TIMESTAMP] ChatPanel @ http://localhost:5173/node_modules/.vite/deps/react-dom_client.js?v=68fe320d:3200
[    1000ms] [TIMESTAMP] Blocking Track @ http://localhost:5173/node_modules/.vite/deps/react-dom_client.js?v=68fe320d:12095
[    1000ms] [TIMESTAMP] Transition Track @ http://localhost:5173/node_modules/.vite/deps/react-dom_client.js?v=68fe320d:12102
[    1000ms] [TIMESTAMP] Suspense Track @ http://localhost:5173/node_modules/.vite/deps/react-dom_client.js?v=68fe320d:12109
[    1000ms] [TIMESTAMP] Idle Track @ http://localhost:5173/node_modules/.vite/deps/react-dom_client.js?v=68fe320d:12116
[    1002ms] [TIMESTAMP] Blocking Track @ http://localhost:5173/node_modules/.vite/deps/react-dom_client.js?v=68fe320d:12095
[    1002ms] [TIMESTAMP] Transition Track @ http://localhost:5173/node_modules/.vite/deps/react-dom_client.js?v=68fe320d:12102
[    1002ms] [TIMESTAMP] Suspense Track @ http://localhost:5173/node_modules/.vite/deps/react-dom_client.js?v=68fe320d:12109
[    1003ms] [TIMESTAMP] Idle Track @ http://localhost:5173/node_modules/.vite/deps/react-dom_client.js?v=68fe320d:12116
[    1020ms] [TIMESTAMP] Render @ http://localhost:5173/node_modules/.vite/deps/react-dom_client.js?v=68fe320d:3314
[    1022ms] [TIMESTAMP] Commit @ http://localhost:5173/node_modules/.vite/deps/react-dom_client.js?v=68fe320d:12955
[    1022ms] [TIMESTAMP] AgentSidebar @ http://localhost:5173/node_modules/.vite/deps/react-dom_client.js?v=68fe320d:3200
[    1023ms] [TIMESTAMP] AgentDashboard @ http://localhost:5173/node_modules/.vite/deps/react-dom_client.js?v=68fe320d:3200
[    1023ms] [TIMESTAMP] VaultTab @ http://localhost:5173/node_modules/.vite/deps/react-dom_client.js?v=68fe320d:3200
[    1024ms] [TIMESTAMP] ObservabilityTab @ http://localhost:5173/node_modules/.vite/deps/react-dom_client.js?v=68fe320d:3200
[    1024ms] [TIMESTAMP] SortButton @ http://localhost:5173/node_modules/.vite/deps/react-dom_client.js?v=68fe320d:3200
[    1024ms] [TIMESTAMP] SortButton @ http://localhost:5173/node_modules/.vite/deps/react-dom_client.js?v=68fe320d:3200
[    1024ms] [TIMESTAMP] SortButton @ http://localhost:5173/node_modules/.vite/deps/react-dom_client.js?v=68fe320d:3200
[    1024ms] [TIMESTAMP] SortButton @ http://localhost:5173/node_modules/.vite/deps/react-dom_client.js?v=68fe320d:3200
[    1024ms] [TIMESTAMP] SortButton @ http://localhost:5173/node_modules/.vite/deps/react-dom_client.js?v=68fe320d:3200
[    1025ms] [TIMESTAMP] Remaining Effects @ http://localhost:5173/node_modules/.vite/deps/react-dom_client.js?v=68fe320d:13177
[    2315ms] [TIMESTAMP] Blocking Track @ http://localhost:5173/node_modules/.vite/deps/react-dom_client.js?v=68fe320d:12095
[    2315ms] [TIMESTAMP] Transition Track @ http://localhost:5173/node_modules/.vite/deps/react-dom_client.js?v=68fe320d:12102
[    2315ms] [TIMESTAMP] Suspense Track @ http://localhost:5173/node_modules/.vite/deps/react-dom_client.js?v=68fe320d:12109
[    2315ms] [TIMESTAMP] Idle Track @ http://localhost:5173/node_modules/.vite/deps/react-dom_client.js?v=68fe320d:12116
[    2316ms] [TIMESTAMP] Render @ http://localhost:5173/node_modules/.vite/deps/react-dom_client.js?v=68fe320d:3314
[    2317ms] [TIMESTAMP] Commit @ http://localhost:5173/node_modules/.vite/deps/react-dom_client.js?v=68fe320d:12955
[    2317ms] [TIMESTAMP] AgentSidebar @ http://localhost:5173/node_modules/.vite/deps/react-dom_client.js?v=68fe320d:3200
[    3197ms] [TIMESTAMP] Blocking Track @ http://localhost:5173/node_modules/.vite/deps/react-dom_client.js?v=68fe320d:12095
[    3197ms] [TIMESTAMP] Transition Track @ http://localhost:5173/node_modules/.vite/deps/react-dom_client.js?v=68fe320d:12102
[    3197ms] [TIMESTAMP] Suspense Track @ http://localhost:5173/node_modules/.vite/deps/react-dom_client.js?v=68fe320d:12109
[    3197ms] [TIMESTAMP] Idle Track @ http://localhost:5173/node_modules/.vite/deps/react-dom_client.js?v=68fe320d:12116
[    3204ms] [TIMESTAMP] Render @ http://localhost:5173/node_modules/.vite/deps/react-dom_client.js?v=68fe320d:3314
[    3205ms] [TIMESTAMP] Commit @ http://localhost:5173/node_modules/.vite/deps/react-dom_client.js?v=68fe320d:12955
[    3205ms] [TIMESTAMP] AgentDashboard @ http://localhost:5173/node_modules/.vite/deps/react-dom_client.js?v=68fe320d:3200
[    4314ms] [TIMESTAMP] Blocking Track @ http://localhost:5173/node_modules/.vite/deps/react-dom_client.js?v=68fe320d:12095
[    4314ms] [TIMESTAMP] Transition Track @ http://localhost:5173/node_modules/.vite/deps/react-dom_client.js?v=68fe320d:12102
[    4314ms] [TIMESTAMP] Suspense Track @ http://localhost:5173/node_modules/.vite/deps/react-dom_client.js?v=68fe320d:12109
[    4314ms] [TIMESTAMP] Idle Track @ http://localhost:5173/node_modules/.vite/deps/react-dom_client.js?v=68fe320d:12116
[    4316ms] [TIMESTAMP] Render @ http://localhost:5173/node_modules/.vite/deps/react-dom_client.js?v=68fe320d:3314
[    4316ms] [TIMESTAMP] Waiting for Paint @ http://localhost:5173/node_modules/.vite/deps/react-dom_client.js?v=68fe320d:13132
[    4317ms] [TIMESTAMP] AgentSidebar @ http://localhost:5173/node_modules/.vite/deps/react-dom_client.js?v=68fe320d:3200
[    5326ms] [TIMESTAMP] Blocking Track @ http://localhost:5173/node_modules/.vite/deps/react-dom_client.js?v=68fe320d:12095
[    5326ms] [TIMESTAMP] Transition Track @ http://localhost:5173/node_modules/.vite/deps/react-dom_client.js?v=68fe320d:12102
[    5326ms] [TIMESTAMP] Suspense Track @ http://localhost:5173/node_modules/.vite/deps/react-dom_client.js?v=68fe320d:12109
[    5326ms] [TIMESTAMP] Idle Track @ http://localhost:5173/node_modules/.vite/deps/react-dom_client.js?v=68fe320d:12116
[    5338ms] [TIMESTAMP] Render @ http://localhost:5173/node_modules/.vite/deps/react-dom_client.js?v=68fe320d:3314
[    5340ms] [TIMESTAMP] Commit @ http://localhost:5173/node_modules/.vite/deps/react-dom_client.js?v=68fe320d:12955
[    5340ms] [TIMESTAMP] AgentDashboard @ http://localhost:5173/node_modules/.vite/deps/react-dom_client.js?v=68fe320d:3200
[    5340ms] [TIMESTAMP] Remaining Effects @ http://localhost:5173/node_modules/.vite/deps/react-dom_client.js?v=68fe320d:13177
[    6355ms] [TIMESTAMP] Blocking Track @ http://localhost:5173/node_modules/.vite/deps/react-dom_client.js?v=68fe320d:12095
[    6355ms] [TIMESTAMP] Transition Track @ http://localhost:5173/node_modules/.vite/deps/react-dom_client.js?v=68fe320d:12102
[    6355ms] [TIMESTAMP] Suspense Track @ http://localhost:5173/node_modules/.vite/deps/react-dom_client.js?v=68fe320d:12109
[    6355ms] [TIMESTAMP] Idle Track @ http://localhost:5173/node_modules/.vite/deps/react-dom_client.js?v=68fe320d:12116
[    6355ms] [TIMESTAMP] Render @ http://localhost:5173/node_modules/.vite/deps/react-dom_client.js?v=68fe320d:3314
[    7895ms] [TIMESTAMP] Blocking Track @ http://localhost:5173/node_modules/.vite/deps/react-dom_client.js?v=68fe320d:12095
[    7895ms] [TIMESTAMP] Transition Track @ http://localhost:5173/node_modules/.vite/deps/react-dom_client.js?v=68fe320d:12102
[    7895ms] [TIMESTAMP] Suspense Track @ http://localhost:5173/node_modules/.vite/deps/react-dom_client.js?v=68fe320d:12109
[    7896ms] [TIMESTAMP] Idle Track @ http://localhost:5173/node_modules/.vite/deps/react-dom_client.js?v=68fe320d:12116
[    7904ms] [TIMESTAMP] Render @ http://localhost:5173/node_modules/.vite/deps/react-dom_client.js?v=68fe320d:3314
[    7905ms] [TIMESTAMP] Commit @ http://localhost:5173/node_modules/.vite/deps/react-dom_client.js?v=68fe320d:12955
[    7906ms] [TIMESTAMP] AgentDashboard @ http://localhost:5173/node_modules/.vite/deps/react-dom_client.js?v=68fe320d:3200
[    8351ms] [TIMESTAMP] Blocking Track @ http://localhost:5173/node_modules/.vite/deps/react-dom_client.js?v=68fe320d:12095
[    8351ms] [TIMESTAMP] Transition Track @ http://localhost:5173/node_modules/.vite/deps/react-dom_client.js?v=68fe320d:12102
[    8351ms] [TIMESTAMP] Suspense Track @ http://localhost:5173/node_modules/.vite/deps/react-dom_client.js?v=68fe320d:12109
[    8351ms] [TIMESTAMP] Idle Track @ http://localhost:5173/node_modules/.vite/deps/react-dom_client.js?v=68fe320d:12116
[    8355ms] [TIMESTAMP] Render @ http://localhost:5173/node_modules/.vite/deps/react-dom_client.js?v=68fe320d:3314
[    8357ms] [TIMESTAMP] Commit @ http://localhost:5173/node_modules/.vite/deps/react-dom_client.js?v=68fe320d:12955
[    8358ms] [TIMESTAMP] Waiting for Paint @ http://localhost:5173/node_modules/.vite/deps/react-dom_client.js?v=68fe320d:13132
[    8359ms] [TIMESTAMP] AgentSidebar @ http://localhost:5173/node_modules/.vite/deps/react-dom_client.js?v=68fe320d:3200
[    8359ms] [TIMESTAMP] Remaining Effects @ http://localhost:5173/node_modules/.vite/deps/react-dom_client.js?v=68fe320d:13177
[   10043ms] [TIMESTAMP] Blocking Track @ http://localhost:5173/node_modules/.vite/deps/react-dom_client.js?v=68fe320d:12095
[   10043ms] [TIMESTAMP] Transition Track @ http://localhost:5173/node_modules/.vite/deps/react-dom_client.js?v=68fe320d:12102
[   10043ms] [TIMESTAMP] Suspense Track @ http://localhost:5173/node_modules/.vite/deps/react-dom_client.js?v=68fe320d:12109
[   10043ms] [TIMESTAMP] Idle Track @ http://localhost:5173/node_modules/.vite/deps/react-dom_client.js?v=68fe320d:12116
[   10054ms] [TIMESTAMP] Render @ http://localhost:5173/node_modules/.vite/deps/react-dom_client.js?v=68fe320d:3314
[   10056ms] [TIMESTAMP] Commit @ http://localhost:5173/node_modules/.vite/deps/react-dom_client.js?v=68fe320d:12955
[   10056ms] [TIMESTAMP] AgentDashboard @ http://localhost:5173/node_modules/.vite/deps/react-dom_client.js?v=68fe320d:3200
[   10056ms] [TIMESTAMP] Remaining Effects @ http://localhost:5173/node_modules/.vite/deps/react-dom_client.js?v=68fe320d:13177
[   10350ms] [TIMESTAMP] Blocking Track @ http://localhost:5173/node_modules/.vite/deps/react-dom_client.js?v=68fe320d:12095
[   10350ms] [TIMESTAMP] Transition Track @ http://localhost:5173/node_modules/.vite/deps/react-dom_client.js?v=68fe320d:12102
[   10350ms] [TIMESTAMP] Suspense Track @ http://localhost:5173/node_modules/.vite/deps/react-dom_client.js?v=68fe320d:12109
[   10350ms] [TIMESTAMP] Idle Track @ http://localhost:5173/node_modules/.vite/deps/react-dom_client.js?v=68fe320d:12116
[   10352ms] [TIMESTAMP] Render @ http://localhost:5173/node_modules/.vite/deps/react-dom_client.js?v=68fe320d:3314
[   10352ms] [TIMESTAMP] AgentSidebar @ http://localhost:5173/node_modules/.vite/deps/react-dom_client.js?v=68fe320d:3200
[   10353ms] [TIMESTAMP] Remaining Effects @ http://localhost:5173/node_modules/.vite/deps/react-dom_client.js?v=68fe320d:13177
[   12360ms] [TIMESTAMP] Blocking Track @ http://localhost:5173/node_modules/.vite/deps/react-dom_client.js?v=68fe320d:12095
[   12360ms] [TIMESTAMP] Transition Track @ http://localhost:5173/node_modules/.vite/deps/react-dom_client.js?v=68fe320d:12102
[   12360ms] [TIMESTAMP] Suspense Track @ http://localhost:5173/node_modules/.vite/deps/react-dom_client.js?v=68fe320d:12109
[   12360ms] [TIMESTAMP] Idle Track @ http://localhost:5173/node_modules/.vite/deps/react-dom_client.js?v=68fe320d:12116
[   12366ms] [TIMESTAMP] Render @ http://localhost:5173/node_modules/.vite/deps/react-dom_client.js?v=68fe320d:3314
[   12367ms] [TIMESTAMP] Commit @ http://localhost:5173/node_modules/.vite/deps/react-dom_client.js?v=68fe320d:12955
[   12368ms] [TIMESTAMP] Waiting for Paint @ http://localhost:5173/node_modules/.vite/deps/react-dom_client.js?v=68fe320d:13132
[   12368ms] [TIMESTAMP] AgentSidebar @ http://localhost:5173/node_modules/.vite/deps/react-dom_client.js?v=68fe320d:3200
[   12368ms] [TIMESTAMP] Remaining Effects @ http://localhost:5173/node_modules/.vite/deps/react-dom_client.js?v=68fe320d:13177
[   12528ms] [TIMESTAMP] Blocking Track @ http://localhost:5173/node_modules/.vite/deps/react-dom_client.js?v=68fe320d:12095
[   12528ms] [TIMESTAMP] Transition Track @ http://localhost:5173/node_modules/.vite/deps/react-dom_client.js?v=68fe320d:12102
[   12528ms] [TIMESTAMP] Suspense Track @ http://localhost:5173/node_modules/.vite/deps/react-dom_client.js?v=68fe320d:12109
[   12528ms] [TIMESTAMP] Idle Track @ http://localhost:5173/node_modules/.vite/deps/react-dom_client.js?v=68fe320d:12116
[   12537ms] [TIMESTAMP] Render @ http://localhost:5173/node_modules/.vite/deps/react-dom_client.js?v=68fe320d:3314
[   12539ms] [TIMESTAMP] Commit @ http://localhost:5173/node_modules/.vite/deps/react-dom_client.js?v=68fe320d:12955
[   12539ms] [TIMESTAMP] AgentDashboard @ http://localhost:5173/node_modules/.vite/deps/react-dom_client.js?v=68fe320d:3200
[   12539ms] [TIMESTAMP] Remaining Effects @ http://localhost:5173/node_modules/.vite/deps/react-dom_client.js?v=68fe320d:13177
[   14359ms] [TIMESTAMP] Blocking Track @ http://localhost:5173/node_modules/.vite/deps/react-dom_client.js?v=68fe320d:12095
[   14359ms] [TIMESTAMP] Transition Track @ http://localhost:5173/node_modules/.vite/deps/react-dom_client.js?v=68fe320d:12102
[   14359ms] [TIMESTAMP] Suspense Track @ http://localhost:5173/node_modules/.vite/deps/react-dom_client.js?v=68fe320d:12109
[   14359ms] [TIMESTAMP] Idle Track @ http://localhost:5173/node_modules/.vite/deps/react-dom_client.js?v=68fe320d:12116
[   14361ms] [TIMESTAMP] Render @ http://localhost:5173/node_modules/.vite/deps/react-dom_client.js?v=68fe320d:3314
[   14361ms] [TIMESTAMP] Commit @ http://localhost:5173/node_modules/.vite/deps/react-dom_client.js?v=68fe320d:12955
[   14362ms] [TIMESTAMP] AgentSidebar @ http://localhost:5173/node_modules/.vite/deps/react-dom_client.js?v=68fe320d:3200
[   14836ms] [TIMESTAMP] Blocking Track @ http://localhost:5173/node_modules/.vite/deps/react-dom_client.js?v=68fe320d:12095
[   14836ms] [TIMESTAMP] Transition Track @ http://localhost:5173/node_modules/.vite/deps/react-dom_client.js?v=68fe320d:12102
[   14836ms] [TIMESTAMP] Suspense Track @ http://localhost:5173/node_modules/.vite/deps/react-dom_client.js?v=68fe320d:12109
[   14836ms] [TIMESTAMP] Idle Track @ http://localhost:5173/node_modules/.vite/deps/react-dom_client.js?v=68fe320d:12116
[   14844ms] [TIMESTAMP] Render @ http://localhost:5173/node_modules/.vite/deps/react-dom_client.js?v=68fe320d:3314
[   14845ms] [TIMESTAMP] Commit @ http://localhost:5173/node_modules/.vite/deps/react-dom_client.js?v=68fe320d:12955
[   14845ms] [TIMESTAMP] AgentDashboard @ http://localhost:5173/node_modules/.vite/deps/react-dom_client.js?v=68fe320d:3200
[   16366ms] [TIMESTAMP] Blocking Track @ http://localhost:5173/node_modules/.vite/deps/react-dom_client.js?v=68fe320d:12095
[   16366ms] [TIMESTAMP] Transition Track @ http://localhost:5173/node_modules/.vite/deps/react-dom_client.js?v=68fe320d:12102
[   16367ms] [TIMESTAMP] Suspense Track @ http://localhost:5173/node_modules/.vite/deps/react-dom_client.js?v=68fe320d:12109
[   16367ms] [TIMESTAMP] Idle Track @ http://localhost:5173/node_modules/.vite/deps/react-dom_client.js?v=68fe320d:12116
[   16368ms] [TIMESTAMP] Render @ http://localhost:5173/node_modules/.vite/deps/react-dom_client.js?v=68fe320d:3314
[   16369ms] [TIMESTAMP] Waiting for Paint @ http://localhost:5173/node_modules/.vite/deps/react-dom_client.js?v=68fe320d:13132
[   16369ms] [TIMESTAMP] AgentSidebar @ http://localhost:5173/node_modules/.vite/deps/react-dom_client.js?v=68fe320d:3200
[   17149ms] [TIMESTAMP] Blocking Track @ http://localhost:5173/node_modules/.vite/deps/react-dom_client.js?v=68fe320d:12095
[   17149ms] [TIMESTAMP] Transition Track @ http://localhost:5173/node_modules/.vite/deps/react-dom_client.js?v=68fe320d:12102
[   17149ms] [TIMESTAMP] Suspense Track @ http://localhost:5173/node_modules/.vite/deps/react-dom_client.js?v=68fe320d:12109
[   17149ms] [TIMESTAMP] Idle Track @ http://localhost:5173/node_modules/.vite/deps/react-dom_client.js?v=68fe320d:12116
[   17157ms] [TIMESTAMP] Render @ http://localhost:5173/node_modules/.vite/deps/react-dom_client.js?v=68fe320d:3314
[   17158ms] [TIMESTAMP] Commit @ http://localhost:5173/node_modules/.vite/deps/react-dom_client.js?v=68fe320d:12955
[   17158ms] [TIMESTAMP] AgentDashboard @ http://localhost:5173/node_modules/.vite/deps/react-dom_client.js?v=68fe320d:3200
[   17159ms] [TIMESTAMP] Blocking Track @ http://localhost:5173/node_modules/.vite/deps/react-dom_client.js?v=68fe320d:12095
[   17159ms] [TIMESTAMP] Transition Track @ http://localhost:5173/node_modules/.vite/deps/react-dom_client.js?v=68fe320d:12102
[   17159ms] [TIMESTAMP] Suspense Track @ http://localhost:5173/node_modules/.vite/deps/react-dom_client.js?v=68fe320d:12109
[   17159ms] [TIMESTAMP] Idle Track @ http://localhost:5173/node_modules/.vite/deps/react-dom_client.js?v=68fe320d:12116
[   17160ms] [TIMESTAMP] Render @ http://localhost:5173/node_modules/.vite/deps/react-dom_client.js?v=68fe320d:3314
[   18376ms] [TIMESTAMP] Blocking Track @ http://localhost:5173/node_modules/.vite/deps/react-dom_client.js?v=68fe320d:12095
[   18376ms] [TIMESTAMP] Transition Track @ http://localhost:5173/node_modules/.vite/deps/react-dom_client.js?v=68fe320d:12102
[   18376ms] [TIMESTAMP] Suspense Track @ http://localhost:5173/node_modules/.vite/deps/react-dom_client.js?v=68fe320d:12109
[   18376ms] [TIMESTAMP] Idle Track @ http://localhost:5173/node_modules/.vite/deps/react-dom_client.js?v=68fe320d:12116
[   18377ms] [TIMESTAMP] Render @ http://localhost:5173/node_modules/.vite/deps/react-dom_client.js?v=68fe320d:3314
[   18378ms] [TIMESTAMP] AgentSidebar @ http://localhost:5173/node_modules/.vite/deps/react-dom_client.js?v=68fe320d:3200
[   19215ms] [TIMESTAMP] Blocking Track @ http://localhost:5173/node_modules/.vite/deps/react-dom_client.js?v=68fe320d:12095
[   19215ms] [TIMESTAMP] Transition Track @ http://localhost:5173/node_modules/.vite/deps/react-dom_client.js?v=68fe320d:12102
[   19216ms] [TIMESTAMP] Suspense Track @ http://localhost:5173/node_modules/.vite/deps/react-dom_client.js?v=68fe320d:12109
[   19216ms] [TIMESTAMP] Idle Track @ http://localhost:5173/node_modules/.vite/deps/react-dom_client.js?v=68fe320d:12116
[   19222ms] [TIMESTAMP] Render @ http://localhost:5173/node_modules/.vite/deps/react-dom_client.js?v=68fe320d:3314
[   19223ms] [TIMESTAMP] Commit @ http://localhost:5173/node_modules/.vite/deps/react-dom_client.js?v=68fe320d:12955
[   19223ms] [TIMESTAMP] AgentDashboard @ http://localhost:5173/node_modules/.vite/deps/react-dom_client.js?v=68fe320d:3200
[   20375ms] [TIMESTAMP] Blocking Track @ http://localhost:5173/node_modules/.vite/deps/react-dom_client.js?v=68fe320d:12095
[   20376ms] [TIMESTAMP] Transition Track @ http://localhost:5173/node_modules/.vite/deps/react-dom_client.js?v=68fe320d:12102
[   20376ms] [TIMESTAMP] Suspense Track @ http://localhost:5173/node_modules/.vite/deps/react-dom_client.js?v=68fe320d:12109
[   20376ms] [TIMESTAMP] Idle Track @ http://localhost:5173/node_modules/.vite/deps/react-dom_client.js?v=68fe320d:12116
[   20377ms] [TIMESTAMP] Render @ http://localhost:5173/node_modules/.vite/deps/react-dom_client.js?v=68fe320d:3314
[   20377ms] [TIMESTAMP] AgentSidebar @ http://localhost:5173/node_modules/.vite/deps/react-dom_client.js?v=68fe320d:3200
[   21531ms] [TIMESTAMP] Blocking Track @ http://localhost:5173/node_modules/.vite/deps/react-dom_client.js?v=68fe320d:12095
[   21531ms] [TIMESTAMP] Transition Track @ http://localhost:5173/node_modules/.vite/deps/react-dom_client.js?v=68fe320d:12102
[   21531ms] [TIMESTAMP] Suspense Track @ http://localhost:5173/node_modules/.vite/deps/react-dom_client.js?v=68fe320d:12109
[   21531ms] [TIMESTAMP] Idle Track @ http://localhost:5173/node_modules/.vite/deps/react-dom_client.js?v=68fe320d:12116
[   21538ms] [TIMESTAMP] Render @ http://localhost:5173/node_modules/.vite/deps/react-dom_client.js?v=68fe320d:3314
[   21539ms] [TIMESTAMP] Commit @ http://localhost:5173/node_modules/.vite/deps/react-dom_client.js?v=68fe320d:12955
[   21540ms] [TIMESTAMP] AgentDashboard @ http://localhost:5173/node_modules/.vite/deps/react-dom_client.js?v=68fe320d:3200
[   22386ms] [TIMESTAMP] Blocking Track @ http://localhost:5173/node_modules/.vite/deps/react-dom_client.js?v=68fe320d:12095
[   22386ms] [TIMESTAMP] Transition Track @ http://localhost:5173/node_modules/.vite/deps/react-dom_client.js?v=68fe320d:12102
[   22386ms] [TIMESTAMP] Suspense Track @ http://localhost:5173/node_modules/.vite/deps/react-dom_client.js?v=68fe320d:12109
[   22386ms] [TIMESTAMP] Idle Track @ http://localhost:5173/node_modules/.vite/deps/react-dom_client.js?v=68fe320d:12116
[   22388ms] [TIMESTAMP] Render @ http://localhost:5173/node_modules/.vite/deps/react-dom_client.js?v=68fe320d:3314
[   22388ms] [TIMESTAMP] AgentSidebar @ http://localhost:5173/node_modules/.vite/deps/react-dom_client.js?v=68fe320d:3200
[   22388ms] [TIMESTAMP] Remaining Effects @ http://localhost:5173/node_modules/.vite/deps/react-dom_client.js?v=68fe320d:13177
[   24007ms] [TIMESTAMP] Blocking Track @ http://localhost:5173/node_modules/.vite/deps/react-dom_client.js?v=68fe320d:12095
[   24007ms] [TIMESTAMP] Transition Track @ http://localhost:5173/node_modules/.vite/deps/react-dom_client.js?v=68fe320d:12102
[   24007ms] [TIMESTAMP] Suspense Track @ http://localhost:5173/node_modules/.vite/deps/react-dom_client.js?v=68fe320d:12109
[   24008ms] [TIMESTAMP] Idle Track @ http://localhost:5173/node_modules/.vite/deps/react-dom_client.js?v=68fe320d:12116
[   24015ms] [TIMESTAMP] Render @ http://localhost:5173/node_modules/.vite/deps/react-dom_client.js?v=68fe320d:3314
[   24015ms] [TIMESTAMP] Commit @ http://localhost:5173/node_modules/.vite/deps/react-dom_client.js?v=68fe320d:12955
[   24016ms] [TIMESTAMP] AgentDashboard @ http://localhost:5173/node_modules/.vite/deps/react-dom_client.js?v=68fe320d:3200
[   24016ms] [TIMESTAMP] Remaining Effects @ http://localhost:5173/node_modules/.vite/deps/react-dom_client.js?v=68fe320d:13177
[   24396ms] [TIMESTAMP] Blocking Track @ http://localhost:5173/node_modules/.vite/deps/react-dom_client.js?v=68fe320d:12095
[   24396ms] [TIMESTAMP] Transition Track @ http://localhost:5173/node_modules/.vite/deps/react-dom_client.js?v=68fe320d:12102
[   24396ms] [TIMESTAMP] Suspense Track @ http://localhost:5173/node_modules/.vite/deps/react-dom_client.js?v=68fe320d:12109
[   24396ms] [TIMESTAMP] Idle Track @ http://localhost:5173/node_modules/.vite/deps/react-dom_client.js?v=68fe320d:12116
[   24401ms] [TIMESTAMP] Render @ http://localhost:5173/node_modules/.vite/deps/react-dom_client.js?v=68fe320d:3314
[   24403ms] [TIMESTAMP] Commit @ http://localhost:5173/node_modules/.vite/deps/react-dom_client.js?v=68fe320d:12955
[   24403ms] [TIMESTAMP] Waiting for Paint @ http://localhost:5173/node_modules/.vite/deps/react-dom_client.js?v=68fe320d:13132
[   24403ms] [TIMESTAMP] AgentSidebar @ http://localhost:5173/node_modules/.vite/deps/react-dom_client.js?v=68fe320d:3200
[   26403ms] [TIMESTAMP] Blocking Track @ http://localhost:5173/node_modules/.vite/deps/react-dom_client.js?v=68fe320d:12095
[   26403ms] [TIMESTAMP] Transition Track @ http://localhost:5173/node_modules/.vite/deps/react-dom_client.js?v=68fe320d:12102
[   26403ms] [TIMESTAMP] Suspense Track @ http://localhost:5173/node_modules/.vite/deps/react-dom_client.js?v=68fe320d:12109
[   26403ms] [TIMESTAMP] Idle Track @ http://localhost:5173/node_modules/.vite/deps/react-dom_client.js?v=68fe320d:12116
[   26404ms] [TIMESTAMP] Render @ http://localhost:5173/node_modules/.vite/deps/react-dom_client.js?v=68fe320d:3314
[   26405ms] [TIMESTAMP] Commit @ http://localhost:5173/node_modules/.vite/deps/react-dom_client.js?v=68fe320d:12955
[   26405ms] [TIMESTAMP] AgentSidebar @ http://localhost:5173/node_modules/.vite/deps/react-dom_client.js?v=68fe320d:3200
[   26469ms] [TIMESTAMP] Blocking Track @ http://localhost:5173/node_modules/.vite/deps/react-dom_client.js?v=68fe320d:12095
[   26469ms] [TIMESTAMP] Transition Track @ http://localhost:5173/node_modules/.vite/deps/react-dom_client.js?v=68fe320d:12102
[   26469ms] [TIMESTAMP] Suspense Track @ http://localhost:5173/node_modules/.vite/deps/react-dom_client.js?v=68fe320d:12109
[   26469ms] [TIMESTAMP] Idle Track @ http://localhost:5173/node_modules/.vite/deps/react-dom_client.js?v=68fe320d:12116
[   26479ms] [TIMESTAMP] Render @ http://localhost:5173/node_modules/.vite/deps/react-dom_client.js?v=68fe320d:3314
[   26481ms] [TIMESTAMP] Commit @ http://localhost:5173/node_modules/.vite/deps/react-dom_client.js?v=68fe320d:12955
[   26481ms] [TIMESTAMP] AgentDashboard @ http://localhost:5173/node_modules/.vite/deps/react-dom_client.js?v=68fe320d:3200
[   26481ms] [TIMESTAMP] Remaining Effects @ http://localhost:5173/node_modules/.vite/deps/react-dom_client.js?v=68fe320d:13177
[   28411ms] [TIMESTAMP] Blocking Track @ http://localhost:5173/node_modules/.vite/deps/react-dom_client.js?v=68fe320d:12095
[   28411ms] [TIMESTAMP] Transition Track @ http://localhost:5173/node_modules/.vite/deps/react-dom_client.js?v=68fe320d:12102
[   28411ms] [TIMESTAMP] Suspense Track @ http://localhost:5173/node_modules/.vite/deps/react-dom_client.js?v=68fe320d:12109
[   28411ms] [TIMESTAMP] Idle Track @ http://localhost:5173/node_modules/.vite/deps/react-dom_client.js?v=68fe320d:12116
[   28413ms] [TIMESTAMP] Render @ http://localhost:5173/node_modules/.vite/deps/react-dom_client.js?v=68fe320d:3314
[   28414ms] [TIMESTAMP] AgentSidebar @ http://localhost:5173/node_modules/.vite/deps/react-dom_client.js?v=68fe320d:3200
[   28414ms] [TIMESTAMP] Remaining Effects @ http://localhost:5173/node_modules/.vite/deps/react-dom_client.js?v=68fe320d:13177
[   28628ms] [TIMESTAMP] Blocking Track @ http://localhost:5173/node_modules/.vite/deps/react-dom_client.js?v=68fe320d:12095
[   28629ms] [TIMESTAMP] Transition Track @ http://localhost:5173/node_modules/.vite/deps/react-dom_client.js?v=68fe320d:12102
[   28629ms] [TIMESTAMP] Suspense Track @ http://localhost:5173/node_modules/.vite/deps/react-dom_client.js?v=68fe320d:12109
[   28629ms] [TIMESTAMP] Idle Track @ http://localhost:5173/node_modules/.vite/deps/react-dom_client.js?v=68fe320d:12116
[   28637ms] [TIMESTAMP] Render @ http://localhost:5173/node_modules/.vite/deps/react-dom_client.js?v=68fe320d:3314
[   28638ms] [TIMESTAMP] Commit @ http://localhost:5173/node_modules/.vite/deps/react-dom_client.js?v=68fe320d:12955
[   28638ms] [TIMESTAMP] AgentDashboard @ http://localhost:5173/node_modules/.vite/deps/react-dom_client.js?v=68fe320d:3200
[   30420ms] [TIMESTAMP] Blocking Track @ http://localhost:5173/node_modules/.vite/deps/react-dom_client.js?v=68fe320d:12095
[   30420ms] [TIMESTAMP] Transition Track @ http://localhost:5173/node_modules/.vite/deps/react-dom_client.js?v=68fe320d:12102
[   30420ms] [TIMESTAMP] Suspense Track @ http://localhost:5173/node_modules/.vite/deps/react-dom_client.js?v=68fe320d:12109
[   30420ms] [TIMESTAMP] Idle Track @ http://localhost:5173/node_modules/.vite/deps/react-dom_client.js?v=68fe320d:12116
[   30422ms] [TIMESTAMP] Render @ http://localhost:5173/node_modules/.vite/deps/react-dom_client.js?v=68fe320d:3314
[   30422ms] [TIMESTAMP] Commit @ http://localhost:5173/node_modules/.vite/deps/react-dom_client.js?v=68fe320d:12955
[   30422ms] [TIMESTAMP] AgentSidebar @ http://localhost:5173/node_modules/.vite/deps/react-dom_client.js?v=68fe320d:3200
[   30664ms] [TIMESTAMP] Blocking Track @ http://localhost:5173/node_modules/.vite/deps/react-dom_client.js?v=68fe320d:12095
[   30664ms] [TIMESTAMP] Transition Track @ http://localhost:5173/node_modules/.vite/deps/react-dom_client.js?v=68fe320d:12102
[   30664ms] [TIMESTAMP] Suspense Track @ http://localhost:5173/node_modules/.vite/deps/react-dom_client.js?v=68fe320d:12109
[   30664ms] [TIMESTAMP] Idle Track @ http://localhost:5173/node_modules/.vite/deps/react-dom_client.js?v=68fe320d:12116
[   31115ms] [TIMESTAMP] Blocking Track @ http://localhost:5173/node_modules/.vite/deps/react-dom_client.js?v=68fe320d:12095
[   31115ms] [TIMESTAMP] Transition Track @ http://localhost:5173/node_modules/.vite/deps/react-dom_client.js?v=68fe320d:12102
[   31115ms] [TIMESTAMP] Suspense Track @ http://localhost:5173/node_modules/.vite/deps/react-dom_client.js?v=68fe320d:12109
[   31115ms] [TIMESTAMP] Idle Track @ http://localhost:5173/node_modules/.vite/deps/react-dom_client.js?v=68fe320d:12116
[   31120ms] [TIMESTAMP] Render @ http://localhost:5173/node_modules/.vite/deps/react-dom_client.js?v=68fe320d:3314
[   31120ms] [TIMESTAMP] Commit @ http://localhost:5173/node_modules/.vite/deps/react-dom_client.js?v=68fe320d:12955
[   31120ms] [TIMESTAMP] AgentDashboard @ http://localhost:5173/node_modules/.vite/deps/react-dom_client.js?v=68fe320d:3200
[   31121ms] [TIMESTAMP] Blocking Track @ http://localhost:5173/node_modules/.vite/deps/react-dom_client.js?v=68fe320d:12095
[   31121ms] [TIMESTAMP] Transition Track @ http://localhost:5173/node_modules/.vite/deps/react-dom_client.js?v=68fe320d:12102
[   31121ms] [TIMESTAMP] Suspense Track @ http://localhost:5173/node_modules/.vite/deps/react-dom_client.js?v=68fe320d:12109
[   31121ms] [TIMESTAMP] Idle Track @ http://localhost:5173/node_modules/.vite/deps/react-dom_client.js?v=68fe320d:12116
[   32428ms] [TIMESTAMP] Blocking Track @ http://localhost:5173/node_modules/.vite/deps/react-dom_client.js?v=68fe320d:12095
[   32428ms] [TIMESTAMP] Transition Track @ http://localhost:5173/node_modules/.vite/deps/react-dom_client.js?v=68fe320d:12102
[   32428ms] [TIMESTAMP] Suspense Track @ http://localhost:5173/node_modules/.vite/deps/react-dom_client.js?v=68fe320d:12109
[   32428ms] [TIMESTAMP] Idle Track @ http://localhost:5173/node_modules/.vite/deps/react-dom_client.js?v=68fe320d:12116
[   32431ms] [TIMESTAMP] Render @ http://localhost:5173/node_modules/.vite/deps/react-dom_client.js?v=68fe320d:3314
[   32432ms] [TIMESTAMP] Commit @ http://localhost:5173/node_modules/.vite/deps/react-dom_client.js?v=68fe320d:12955
[   32432ms] [TIMESTAMP] AgentSidebar @ http://localhost:5173/node_modules/.vite/deps/react-dom_client.js?v=68fe320d:3200
[   32432ms] [TIMESTAMP] Remaining Effects @ http://localhost:5173/node_modules/.vite/deps/react-dom_client.js?v=68fe320d:13177
[   33153ms] [TIMESTAMP] Blocking Track @ http://localhost:5173/node_modules/.vite/deps/react-dom_client.js?v=68fe320d:12095
[   33153ms] [TIMESTAMP] Transition Track @ http://localhost:5173/node_modules/.vite/deps/react-dom_client.js?v=68fe320d:12102
[   33153ms] [TIMESTAMP] Suspense Track @ http://localhost:5173/node_modules/.vite/deps/react-dom_client.js?v=68fe320d:12109
[   33153ms] [TIMESTAMP] Idle Track @ http://localhost:5173/node_modules/.vite/deps/react-dom_client.js?v=68fe320d:12116
[   33160ms] [TIMESTAMP] Render @ http://localhost:5173/node_modules/.vite/deps/react-dom_client.js?v=68fe320d:3314
[   33161ms] [TIMESTAMP] Commit @ http://localhost:5173/node_modules/.vite/deps/react-dom_client.js?v=68fe320d:12955
[   33161ms] [TIMESTAMP] Waiting @ http://localhost:5173/node_modules/.vite/deps/react-dom_client.js?v=68fe320d:13132
[   33161ms] [TIMESTAMP] AgentDashboard @ http://localhost:5173/node_modules/.vite/deps/react-dom_client.js?v=68fe320d:3200
[   34427ms] [TIMESTAMP] Blocking Track @ http://localhost:5173/node_modules/.vite/deps/react-dom_client.js?v=68fe320d:12095
[   34428ms] [TIMESTAMP] Transition Track @ http://localhost:5173/node_modules/.vite/deps/react-dom_client.js?v=68fe320d:12102
[   34428ms] [TIMESTAMP] Suspense Track @ http://localhost:5173/node_modules/.vite/deps/react-dom_client.js?v=68fe320d:12109
[   34428ms] [TIMESTAMP] Idle Track @ http://localhost:5173/node_modules/.vite/deps/react-dom_client.js?v=68fe320d:12116
[   34429ms] [TIMESTAMP] Render @ http://localhost:5173/node_modules/.vite/deps/react-dom_client.js?v=68fe320d:3314
[   34430ms] [TIMESTAMP] Waiting for Paint @ http://localhost:5173/node_modules/.vite/deps/react-dom_client.js?v=68fe320d:13132
[   34431ms] [TIMESTAMP] AgentSidebar @ http://localhost:5173/node_modules/.vite/deps/react-dom_client.js?v=68fe320d:3200
[   35310ms] [TIMESTAMP] Blocking Track @ http://localhost:5173/node_modules/.vite/deps/react-dom_client.js?v=68fe320d:12095
[   35310ms] [TIMESTAMP] Transition Track @ http://localhost:5173/node_modules/.vite/deps/react-dom_client.js?v=68fe320d:12102
[   35310ms] [TIMESTAMP] Suspense Track @ http://localhost:5173/node_modules/.vite/deps/react-dom_client.js?v=68fe320d:12109
[   35310ms] [TIMESTAMP] Idle Track @ http://localhost:5173/node_modules/.vite/deps/react-dom_client.js?v=68fe320d:12116
[   35318ms] [TIMESTAMP] Render @ http://localhost:5173/node_modules/.vite/deps/react-dom_client.js?v=68fe320d:3314
[   35319ms] [TIMESTAMP] Commit @ http://localhost:5173/node_modules/.vite/deps/react-dom_client.js?v=68fe320d:12955
[   35319ms] [TIMESTAMP] AgentDashboard @ http://localhost:5173/node_modules/.vite/deps/react-dom_client.js?v=68fe320d:3200
[   36435ms] [TIMESTAMP] Blocking Track @ http://localhost:5173/node_modules/.vite/deps/react-dom_client.js?v=68fe320d:12095
[   36436ms] [TIMESTAMP] Transition Track @ http://localhost:5173/node_modules/.vite/deps/react-dom_client.js?v=68fe320d:12102
[   36436ms] [TIMESTAMP] Suspense Track @ http://localhost:5173/node_modules/.vite/deps/react-dom_client.js?v=68fe320d:12109
[   36436ms] [TIMESTAMP] Idle Track @ http://localhost:5173/node_modules/.vite/deps/react-dom_client.js?v=68fe320d:12116
[   36438ms] [TIMESTAMP] Render @ http://localhost:5173/node_modules/.vite/deps/react-dom_client.js?v=68fe320d:3314
[   36438ms] [TIMESTAMP] Commit @ http://localhost:5173/node_modules/.vite/deps/react-dom_client.js?v=68fe320d:12955
[   36438ms] [TIMESTAMP] AgentSidebar @ http://localhost:5173/node_modules/.vite/deps/react-dom_client.js?v=68fe320d:3200
[   37638ms] [TIMESTAMP] Blocking Track @ http://localhost:5173/node_modules/.vite/deps/react-dom_client.js?v=68fe320d:12095
[   37638ms] [TIMESTAMP] Transition Track @ http://localhost:5173/node_modules/.vite/deps/react-dom_client.js?v=68fe320d:12102
[   37638ms] [TIMESTAMP] Suspense Track @ http://localhost:5173/node_modules/.vite/deps/react-dom_client.js?v=68fe320d:12109
[   37638ms] [TIMESTAMP] Idle Track @ http://localhost:5173/node_modules/.vite/deps/react-dom_client.js?v=68fe320d:12116
[   37646ms] [TIMESTAMP] Render @ http://localhost:5173/node_modules/.vite/deps/react-dom_client.js?v=68fe320d:3314
[   37647ms] [TIMESTAMP] Commit @ http://localhost:5173/node_modules/.vite/deps/react-dom_client.js?v=68fe320d:12955
[   37647ms] [TIMESTAMP] AgentDashboard @ http://localhost:5173/node_modules/.vite/deps/react-dom_client.js?v=68fe320d:3200
[   38443ms] [TIMESTAMP] Blocking Track @ http://localhost:5173/node_modules/.vite/deps/react-dom_client.js?v=68fe320d:12095
[   38443ms] [TIMESTAMP] Transition Track @ http://localhost:5173/node_modules/.vite/deps/react-dom_client.js?v=68fe320d:12102
[   38443ms] [TIMESTAMP] Suspense Track @ http://localhost:5173/node_modules/.vite/deps/react-dom_client.js?v=68fe320d:12109
[   38443ms] [TIMESTAMP] Idle Track @ http://localhost:5173/node_modules/.vite/deps/react-dom_client.js?v=68fe320d:12116
[   38444ms] [TIMESTAMP] Render @ http://localhost:5173/node_modules/.vite/deps/react-dom_client.js?v=68fe320d:3314
[   38445ms] [TIMESTAMP] Waiting for Paint @ http://localhost:5173/node_modules/.vite/deps/react-dom_client.js?v=68fe320d:13132
[   38445ms] [TIMESTAMP] AgentSidebar @ http://localhost:5173/node_modules/.vite/deps/react-dom_client.js?v=68fe320d:3200
[   39471ms] [TIMESTAMP] Blocking Track @ http://localhost:5173/node_modules/.vite/deps/react-dom_client.js?v=68fe320d:12095
[   39471ms] [TIMESTAMP] Transition Track @ http://localhost:5173/node_modules/.vite/deps/react-dom_client.js?v=68fe320d:12102
[   39471ms] [TIMESTAMP] Suspense Track @ http://localhost:5173/node_modules/.vite/deps/react-dom_client.js?v=68fe320d:12109
[   39471ms] [TIMESTAMP] Idle Track @ http://localhost:5173/node_modules/.vite/deps/react-dom_client.js?v=68fe320d:12116
[   39504ms] [TIMESTAMP] Render @ http://localhost:5173/node_modules/.vite/deps/react-dom_client.js?v=68fe320d:3314
[   39513ms] [TIMESTAMP] Commit @ http://localhost:5173/node_modules/.vite/deps/react-dom_client.js?v=68fe320d:12955
[   39513ms] [TIMESTAMP] ChatPanel @ http://localhost:5173/node_modules/.vite/deps/react-dom_client.js?v=68fe320d:3291
[   39513ms] [TIMESTAMP] App @ http://localhost:5173/node_modules/.vite/deps/react-dom_client.js?v=68fe320d:3200
[   39513ms] [TIMESTAMP] NavButton @ http://localhost:5173/node_modules/.vite/deps/react-dom_client.js?v=68fe320d:3200
[   39514ms] [TIMESTAMP] NavButton @ http://localhost:5173/node_modules/.vite/deps/react-dom_client.js?v=68fe320d:3200
[   39514ms] [TIMESTAMP] NavButton @ http://localhost:5173/node_modules/.vite/deps/react-dom_client.js?v=68fe320d:3200
[   39514ms] [TIMESTAMP] NavButton @ http://localhost:5173/node_modules/.vite/deps/react-dom_client.js?v=68fe320d:3200
[   39514ms] [TIMESTAMP] NavButton @ http://localhost:5173/node_modules/.vite/deps/react-dom_client.js?v=68fe320d:3200
[   39514ms] [TIMESTAMP] ChatPanel @ http://localhost:5173/node_modules/.vite/deps/react-dom_client.js?v=68fe320d:3291
[   39515ms] [TIMESTAMP] SortButton @ http://localhost:5173/node_modules/.vite/deps/react-dom_client.js?v=68fe320d:3200
[   39515ms] [TIMESTAMP] SortButton @ http://localhost:5173/node_modules/.vite/deps/react-dom_client.js?v=68fe320d:3200
[   39515ms] [TIMESTAMP] SortButton @ http://localhost:5173/node_modules/.vite/deps/react-dom_client.js?v=68fe320d:3200
[   39515ms] [TIMESTAMP] SortButton @ http://localhost:5173/node_modules/.vite/deps/react-dom_client.js?v=68fe320d:3200
[   39515ms] [TIMESTAMP] SortButton @ http://localhost:5173/node_modules/.vite/deps/react-dom_client.js?v=68fe320d:3200
[   39516ms] [TIMESTAMP] ObservabilityTab @ http://localhost:5173/node_modules/.vite/deps/react-dom_client.js?v=68fe320d:3291
[   39517ms] [TIMESTAMP] Remaining Effects @ http://localhost:5173/node_modules/.vite/deps/react-dom_client.js?v=68fe320d:13177
[   39519ms] [TIMESTAMP] Blocking Track @ http://localhost:5173/node_modules/.vite/deps/react-dom_client.js?v=68fe320d:12095
[   39519ms] [TIMESTAMP] Transition Track @ http://localhost:5173/node_modules/.vite/deps/react-dom_client.js?v=68fe320d:12102
[   39519ms] [TIMESTAMP] Suspense Track @ http://localhost:5173/node_modules/.vite/deps/react-dom_client.js?v=68fe320d:12109
[   39519ms] [TIMESTAMP] Idle Track @ http://localhost:5173/node_modules/.vite/deps/react-dom_client.js?v=68fe320d:12116
[   39527ms] [TIMESTAMP] Render @ http://localhost:5173/node_modules/.vite/deps/react-dom_client.js?v=68fe320d:3314
[   39528ms] [TIMESTAMP] Commit @ http://localhost:5173/node_modules/.vite/deps/react-dom_client.js?v=68fe320d:12955
[   39529ms] [TIMESTAMP] Waiting for Paint @ http://localhost:5173/node_modules/.vite/deps/react-dom_client.js?v=68fe320d:13132
[   39529ms] [TIMESTAMP] ObservabilityTab @ http://localhost:5173/node_modules/.vite/deps/react-dom_client.js?v=68fe320d:3200
[   39529ms] [TIMESTAMP] SortButton @ http://localhost:5173/node_modules/.vite/deps/react-dom_client.js?v=68fe320d:3200
[   39530ms] [TIMESTAMP] SortButton @ http://localhost:5173/node_modules/.vite/deps/react-dom_client.js?v=68fe320d:3200
[   39530ms] [TIMESTAMP] SortButton @ http://localhost:5173/node_modules/.vite/deps/react-dom_client.js?v=68fe320d:3200
[   39530ms] [TIMESTAMP] SortButton @ http://localhost:5173/node_modules/.vite/deps/react-dom_client.js?v=68fe320d:3200
[   39530ms] [TIMESTAMP] SortButton @ http://localhost:5173/node_modules/.vite/deps/react-dom_client.js?v=68fe320d:3200
[   39530ms] [TIMESTAMP] Remaining Effects @ http://localhost:5173/node_modules/.vite/deps/react-dom_client.js?v=68fe320d:13177
[   39531ms] [TIMESTAMP] Blocking Track @ http://localhost:5173/node_modules/.vite/deps/react-dom_client.js?v=68fe320d:12095
[   39531ms] [TIMESTAMP] Transition Track @ http://localhost:5173/node_modules/.vite/deps/react-dom_client.js?v=68fe320d:12102
[   39531ms] [TIMESTAMP] Suspense Track @ http://localhost:5173/node_modules/.vite/deps/react-dom_client.js?v=68fe320d:12109
[   39531ms] [TIMESTAMP] Idle Track @ http://localhost:5173/node_modules/.vite/deps/react-dom_client.js?v=68fe320d:12116
[   39537ms] [TIMESTAMP] Render @ http://localhost:5173/node_modules/.vite/deps/react-dom_client.js?v=68fe320d:3314
[   39538ms] [TIMESTAMP] Commit @ http://localhost:5173/node_modules/.vite/deps/react-dom_client.js?v=68fe320d:12955
[   39538ms] [TIMESTAMP] ObservabilityTab @ http://localhost:5173/node_modules/.vite/deps/react-dom_client.js?v=68fe320d:3200
[   39539ms] [TIMESTAMP] Remaining Effects @ http://localhost:5173/node_modules/.vite/deps/react-dom_client.js?v=68fe320d:13177
