[     295ms] [INFO] Download the React DevTools for a better development experience: https://react.dev/link/react-devtools @ http://localhost:5173/node_modules/.vite/deps/react-dom_client.js?v=68fe320d:20102
[     334ms] [TIMESTAMP] Blocking Track @ http://localhost:5173/node_modules/.vite/deps/react-dom_client.js?v=68fe320d:12095
[     335ms] [TIMESTAMP] Transition Track @ http://localhost:5173/node_modules/.vite/deps/react-dom_client.js?v=68fe320d:12102
[     335ms] [TIMESTAMP] Suspense Track @ http://localhost:5173/node_modules/.vite/deps/react-dom_client.js?v=68fe320d:12109
[     335ms] [TIMESTAMP] Idle Track @ http://localhost:5173/node_modules/.vite/deps/react-dom_client.js?v=68fe320d:12116
[     353ms] [TIMESTAMP] Render @ http://localhost:5173/node_modules/.vite/deps/react-dom_client.js?v=68fe320d:3314
[     354ms] [TIMESTAMP] Commit @ http://localhost:5173/node_modules/.vite/deps/react-dom_client.js?v=68fe320d:12955
[     373ms] [TIMESTAMP] Waiting for Paint @ http://localhost:5173/node_modules/.vite/deps/react-dom_client.js?v=68fe320d:13132
[     373ms] [TIMESTAMP] App @ http://localhost:5173/node_modules/.vite/deps/react-dom_client.js?v=68fe320d:3200
[     374ms] [TIMESTAMP] NavButton @ http://localhost:5173/node_modules/.vite/deps/react-dom_client.js?v=68fe320d:3200
[     374ms] [TIMESTAMP] NavButton @ http://localhost:5173/node_modules/.vite/deps/react-dom_client.js?v=68fe320d:3200
[     374ms] [TIMESTAMP] NavButton @ http://localhost:5173/node_modules/.vite/deps/react-dom_client.js?v=68fe320d:3200
[     374ms] [TIMESTAMP] NavButton @ http://localhost:5173/node_modules/.vite/deps/react-dom_client.js?v=68fe320d:3200
[     374ms] [TIMESTAMP] NavButton @ http://localhost:5173/node_modules/.vite/deps/react-dom_client.js?v=68fe320d:3200
[     374ms] [TIMESTAMP] ThemeToggle @ http://localhost:5173/node_modules/.vite/deps/react-dom_client.js?v=68fe320d:3200
[     374ms] [TIMESTAMP] AgentSidebar @ http://localhost:5173/node_modules/.vite/deps/react-dom_client.js?v=68fe320d:3200
[     374ms] [TIMESTAMP] ChatPanel @ http://localhost:5173/node_modules/.vite/deps/react-dom_client.js?v=68fe320d:3200
[     374ms] [TIMESTAMP] ForwardRef(ChatInput2) @ http://localhost:5173/node_modules/.vite/deps/react-dom_client.js?v=68fe320d:3200
[     374ms] [TIMESTAMP] AgentDashboard @ http://localhost:5173/node_modules/.vite/deps/react-dom_client.js?v=68fe320d:3200
[     374ms] [TIMESTAMP] DashboardHeader @ http://localhost:5173/node_modules/.vite/deps/react-dom_client.js?v=68fe320d:3200
[     375ms] [TIMESTAMP] HealthIndicator @ http://localhost:5173/node_modules/.vite/deps/react-dom_client.js?v=68fe320d:3200
[     375ms] [TIMESTAMP] ForwardRef(CheckCircleIcon) @ http://localhost:5173/node_modules/.vite/deps/react-dom_client.js?v=68fe320d:3200
[     375ms] [TIMESTAMP] ThemeToggle @ http://localhost:5173/node_modules/.vite/deps/react-dom_client.js?v=68fe320d:3200
[     375ms] [TIMESTAMP] DashboardLayout @ http://localhost:5173/node_modules/.vite/deps/react-dom_client.js?v=68fe320d:3200
[     375ms] [TIMESTAMP] FilterBar @ http://localhost:5173/node_modules/.vite/deps/react-dom_client.js?v=68fe320d:3200
[     375ms] [TIMESTAMP] AgentTable @ http://localhost:5173/node_modules/.vite/deps/react-dom_client.js?v=68fe320d:3200
[     375ms] [TIMESTAMP] Sidebar @ http://localhost:5173/node_modules/.vite/deps/react-dom_client.js?v=68fe320d:3200
[     375ms] [TIMESTAMP] EventLogFeed @ http://localhost:5173/node_modules/.vite/deps/react-dom_client.js?v=68fe320d:3200
[     375ms] [TIMESTAMP] AgentDetailPanel @ http://localhost:5173/node_modules/.vite/deps/react-dom_client.js?v=68fe320d:3200
[     375ms] [TIMESTAMP] DashboardFooter @ http://localhost:5173/node_modules/.vite/deps/react-dom_client.js?v=68fe320d:3200
[     375ms] [TIMESTAMP] MemoryGraphTab @ http://localhost:5173/node_modules/.vite/deps/react-dom_client.js?v=68fe320d:3200
[     375ms] [TIMESTAMP] VaultTab @ http://localhost:5173/node_modules/.vite/deps/react-dom_client.js?v=68fe320d:3200
[     375ms] [TIMESTAMP] VaultFileViewer @ http://localhost:5173/node_modules/.vite/deps/react-dom_client.js?v=68fe320d:3200
[     384ms] [TIMESTAMP] SessionsPanel @ http://localhost:5173/node_modules/.vite/deps/react-dom_client.js?v=68fe320d:3200
[     385ms] [TIMESTAMP] ObservabilityTab @ http://localhost:5173/node_modules/.vite/deps/react-dom_client.js?v=68fe320d:3200
[     386ms] [TIMESTAMP] AgentDashboard @ http://localhost:5173/node_modules/.vite/deps/react-dom_client.js?v=68fe320d:3291
[     386ms] [TIMESTAMP] Remaining Effects @ http://localhost:5173/node_modules/.vite/deps/react-dom_client.js?v=68fe320d:13177
[     387ms] [ERROR] [JavaScript Error: "Firefox can’t establish a connection to the server at ws://localhost:5173/ws." {file: "http://localhost:5173/src/hooks/useWebSocket.ts" line: 36}] @ http://localhost:5173/src/hooks/useWebSocket.ts:36
[     392ms] [ERROR] [JavaScript Error: "The connection to ws://localhost:5173/ws was interrupted while the page was loading." {file: "http://localhost:5173/src/hooks/useWebSocket.ts" line: 36}] @ http://localhost:5173/src/hooks/useWebSocket.ts:36
[     409ms] [TIMESTAMP] Blocking Track @ http://localhost:5173/node_modules/.vite/deps/react-dom_client.js?v=68fe320d:12095
[     410ms] [TIMESTAMP] Transition Track @ http://localhost:5173/node_modules/.vite/deps/react-dom_client.js?v=68fe320d:12102
[     410ms] [TIMESTAMP] Suspense Track @ http://localhost:5173/node_modules/.vite/deps/react-dom_client.js?v=68fe320d:12109
[     410ms] [TIMESTAMP] Idle Track @ http://localhost:5173/node_modules/.vite/deps/react-dom_client.js?v=68fe320d:12116
[     410ms] [TIMESTAMP] Render @ http://localhost:5173/node_modules/.vite/deps/react-dom_client.js?v=68fe320d:3314
[     410ms] [TIMESTAMP] Commit @ http://localhost:5173/node_modules/.vite/deps/react-dom_client.js?v=68fe320d:12955
[     410ms] [TIMESTAMP] ChatPanel @ http://localhost:5173/node_modules/.vite/deps/react-dom_client.js?v=68fe320d:3200
[     411ms] [TIMESTAMP] Blocking Track @ http://localhost:5173/node_modules/.vite/deps/react-dom_client.js?v=68fe320d:12095
[     411ms] [TIMESTAMP] Transition Track @ http://localhost:5173/node_modules/.vite/deps/react-dom_client.js?v=68fe320d:12102
[     411ms] [TIMESTAMP] Suspense Track @ http://localhost:5173/node_modules/.vite/deps/react-dom_client.js?v=68fe320d:12109
[     411ms] [TIMESTAMP] Idle Track @ http://localhost:5173/node_modules/.vite/deps/react-dom_client.js?v=68fe320d:12116
[     411ms] [TIMESTAMP] Render @ http://localhost:5173/node_modules/.vite/deps/react-dom_client.js?v=68fe320d:3314
[    1052ms] [TIMESTAMP] Blocking Track @ http://localhost:5173/node_modules/.vite/deps/react-dom_client.js?v=68fe320d:12095
[    1053ms] [TIMESTAMP] Transition Track @ http://localhost:5173/node_modules/.vite/deps/react-dom_client.js?v=68fe320d:12102
[    1053ms] [TIMESTAMP] Suspense Track @ http://localhost:5173/node_modules/.vite/deps/react-dom_client.js?v=68fe320d:12109
[    1053ms] [TIMESTAMP] Idle Track @ http://localhost:5173/node_modules/.vite/deps/react-dom_client.js?v=68fe320d:12116
[    1083ms] [TIMESTAMP] Render @ http://localhost:5173/node_modules/.vite/deps/react-dom_client.js?v=68fe320d:3314
[    1084ms] [TIMESTAMP] Commit @ http://localhost:5173/node_modules/.vite/deps/react-dom_client.js?v=68fe320d:12955
[    1117ms] [TIMESTAMP] Waiting for Paint @ http://localhost:5173/node_modules/.vite/deps/react-dom_client.js?v=68fe320d:13132
[    1123ms] [TIMESTAMP] ObservabilityTab @ http://localhost:5173/node_modules/.vite/deps/react-dom_client.js?v=68fe320d:3200
[    1124ms] [TIMESTAMP] Stat @ http://localhost:5173/node_modules/.vite/deps/react-dom_client.js?v=68fe320d:3200
[    1124ms] [TIMESTAMP] Stat @ http://localhost:5173/node_modules/.vite/deps/react-dom_client.js?v=68fe320d:3200
[    1124ms] [TIMESTAMP] Stat @ http://localhost:5173/node_modules/.vite/deps/react-dom_client.js?v=68fe320d:3200
[    1124ms] [TIMESTAMP] Stat @ http://localhost:5173/node_modules/.vite/deps/react-dom_client.js?v=68fe320d:3200
[    1124ms] [TIMESTAMP] Stat @ http://localhost:5173/node_modules/.vite/deps/react-dom_client.js?v=68fe320d:3200
[    1124ms] [TIMESTAMP] SortButton @ http://localhost:5173/node_modules/.vite/deps/react-dom_client.js?v=68fe320d:3200
[    1124ms] [TIMESTAMP] SortButton @ http://localhost:5173/node_modules/.vite/deps/react-dom_client.js?v=68fe320d:3200
[    1124ms] [TIMESTAMP] SortButton @ http://localhost:5173/node_modules/.vite/deps/react-dom_client.js?v=68fe320d:3200
[    1124ms] [TIMESTAMP] SortButton @ http://localhost:5173/node_modules/.vite/deps/react-dom_client.js?v=68fe320d:3200
[    1124ms] [TIMESTAMP] SortButton @ http://localhost:5173/node_modules/.vite/deps/react-dom_client.js?v=68fe320d:3200
[    1124ms] [TIMESTAMP] Remaining Effects @ http://localhost:5173/node_modules/.vite/deps/react-dom_client.js?v=68fe320d:13177
[    1591ms] [TIMESTAMP] Blocking Track @ http://localhost:5173/node_modules/.vite/deps/react-dom_client.js?v=68fe320d:12095
[    1592ms] [TIMESTAMP] Transition Track @ http://localhost:5173/node_modules/.vite/deps/react-dom_client.js?v=68fe320d:12102
[    1592ms] [TIMESTAMP] Suspense Track @ http://localhost:5173/node_modules/.vite/deps/react-dom_client.js?v=68fe320d:12109
[    1592ms] [TIMESTAMP] Idle Track @ http://localhost:5173/node_modules/.vite/deps/react-dom_client.js?v=68fe320d:12116
[    1630ms] [TIMESTAMP] Render @ http://localhost:5173/node_modules/.vite/deps/react-dom_client.js?v=68fe320d:3314
[    1631ms] [TIMESTAMP] Waiting for Paint @ http://localhost:5173/node_modules/.vite/deps/react-dom_client.js?v=68fe320d:13132
[    1631ms] [TIMESTAMP] MemoryGraphTab @ http://localhost:5173/node_modules/.vite/deps/react-dom_client.js?v=68fe320d:3200
[    1631ms] [TIMESTAMP] ScatterPlot @ http://localhost:5173/node_modules/.vite/deps/react-dom_client.js?v=68fe320d:3200
[    1631ms] [TIMESTAMP] ClusterLegend @ http://localhost:5173/node_modules/.vite/deps/react-dom_client.js?v=68fe320d:3200
[    1635ms] [TIMESTAMP] Blocking Track @ http://localhost:5173/node_modules/.vite/deps/react-dom_client.js?v=68fe320d:12095
[    1635ms] [TIMESTAMP] Transition Track @ http://localhost:5173/node_modules/.vite/deps/react-dom_client.js?v=68fe320d:12102
[    1635ms] [TIMESTAMP] Suspense Track @ http://localhost:5173/node_modules/.vite/deps/react-dom_client.js?v=68fe320d:12109
[    1635ms] [TIMESTAMP] Idle Track @ http://localhost:5173/node_modules/.vite/deps/react-dom_client.js?v=68fe320d:12116
[    1646ms] [TIMESTAMP] Render @ http://localhost:5173/node_modules/.vite/deps/react-dom_client.js?v=68fe320d:3314
[    1657ms] [TIMESTAMP] Commit @ http://localhost:5173/node_modules/.vite/deps/react-dom_client.js?v=68fe320d:12955
[    1658ms] [TIMESTAMP] Waiting for Paint @ http://localhost:5173/node_modules/.vite/deps/react-dom_client.js?v=68fe320d:13132
[    1658ms] [TIMESTAMP] ScatterPlot @ http://localhost:5173/node_modules/.vite/deps/react-dom_client.js?v=68fe320d:3200
[    1659ms] [TIMESTAMP] Blocking Track @ http://localhost:5173/node_modules/.vite/deps/react-dom_client.js?v=68fe320d:12095
[    1659ms] [TIMESTAMP] Transition Track @ http://localhost:5173/node_modules/.vite/deps/react-dom_client.js?v=68fe320d:12102
[    1659ms] [TIMESTAMP] Suspense Track @ http://localhost:5173/node_modules/.vite/deps/react-dom_client.js?v=68fe320d:12109
[    1659ms] [TIMESTAMP] Idle Track @ http://localhost:5173/node_modules/.vite/deps/react-dom_client.js?v=68fe320d:12116
[    1683ms] [TIMESTAMP] Render @ http://localhost:5173/node_modules/.vite/deps/react-dom_client.js?v=68fe320d:3314
[    1696ms] [TIMESTAMP] Commit @ http://localhost:5173/node_modules/.vite/deps/react-dom_client.js?v=68fe320d:12955
[    1697ms] [TIMESTAMP] Waiting for Paint @ http://localhost:5173/node_modules/.vite/deps/react-dom_client.js?v=68fe320d:13132
[    1752ms] [TIMESTAMP] AgentSidebar @ http://localhost:5173/node_modules/.vite/deps/react-dom_client.js?v=68fe320d:3200
[    1753ms] [TIMESTAMP] AgentCard @ http://localhost:5173/node_modules/.vite/deps/react-dom_client.js?v=68fe320d:3200
[    1753ms] [TIMESTAMP] AgentCard @ http://localhost:5173/node_modules/.vite/deps/react-dom_client.js?v=68fe320d:3291
[    1753ms] [TIMESTAMP] AgentCard @ http://localhost:5173/node_modules/.vite/deps/react-dom_client.js?v=68fe320d:3200
[    1753ms] [TIMESTAMP] AgentCard @ http://localhost:5173/node_modules/.vite/deps/react-dom_client.js?v=68fe320d:3200
[    1753ms] [TIMESTAMP] AgentCard @ http://localhost:5173/node_modules/.vite/deps/react-dom_client.js?v=68fe320d:3200
[    1753ms] [TIMESTAMP] AgentCard @ http://localhost:5173/node_modules/.vite/deps/react-dom_client.js?v=68fe320d:3200
[    1753ms] [TIMESTAMP] AgentCard @ http://localhost:5173/node_modules/.vite/deps/react-dom_client.js?v=68fe320d:3200
[    1753ms] [TIMESTAMP] AgentCard @ http://localhost:5173/node_modules/.vite/deps/react-dom_client.js?v=68fe320d:3200
[    1753ms] [TIMESTAMP] AgentCard @ http://localhost:5173/node_modules/.vite/deps/react-dom_client.js?v=68fe320d:3200
[    1757ms] [TIMESTAMP] AgentCard @ http://localhost:5173/node_modules/.vite/deps/react-dom_client.js?v=68fe320d:3200
[    1757ms] [TIMESTAMP] AgentCard @ http://localhost:5173/node_modules/.vite/deps/react-dom_client.js?v=68fe320d:3200
[    1757ms] [TIMESTAMP] VaultTab @ http://localhost:5173/node_modules/.vite/deps/react-dom_client.js?v=68fe320d:3200
[    1757ms] [TIMESTAMP] VaultTree @ http://localhost:5173/node_modules/.vite/deps/react-dom_client.js?v=68fe320d:3200
[    1757ms] [TIMESTAMP] VaultTreeNode @ http://localhost:5173/node_modules/.vite/deps/react-dom_client.js?v=68fe320d:3200
[    1757ms] [TIMESTAMP] VaultTreeNode @ http://localhost:5173/node_modules/.vite/deps/react-dom_client.js?v=68fe320d:3200
[    1757ms] [TIMESTAMP] VaultTreeNode @ http://localhost:5173/node_modules/.vite/deps/react-dom_client.js?v=68fe320d:3200
[    1757ms] [TIMESTAMP] VaultTreeNode @ http://localhost:5173/node_modules/.vite/deps/react-dom_client.js?v=68fe320d:3200
[    1757ms] [TIMESTAMP] VaultTreeNode @ http://localhost:5173/node_modules/.vite/deps/react-dom_client.js?v=68fe320d:3200
[    1757ms] [TIMESTAMP] VaultTreeNode @ http://localhost:5173/node_modules/.vite/deps/react-dom_client.js?v=68fe320d:3200
[    1757ms] [TIMESTAMP] VaultTreeNode @ http://localhost:5173/node_modules/.vite/deps/react-dom_client.js?v=68fe320d:3200
[    1757ms] [TIMESTAMP] VaultTreeNode @ http://localhost:5173/node_modules/.vite/deps/react-dom_client.js?v=68fe320d:3200
[    1757ms] [TIMESTAMP] VaultTreeNode @ http://localhost:5173/node_modules/.vite/deps/react-dom_client.js?v=68fe320d:3200
[    1757ms] [TIMESTAMP] VaultTreeNode @ http://localhost:5173/node_modules/.vite/deps/react-dom_client.js?v=68fe320d:3200
[    1757ms] [TIMESTAMP] VaultTreeNode @ http://localhost:5173/node_modules/.vite/deps/react-dom_client.js?v=68fe320d:3200
[    1757ms] [TIMESTAMP] VaultTreeNode @ http://localhost:5173/node_modules/.vite/deps/react-dom_client.js?v=68fe320d:3200
[    1757ms] [TIMESTAMP] VaultTreeNode @ http://localhost:5173/node_modules/.vite/deps/react-dom_client.js?v=68fe320d:3200
[    1757ms] [TIMESTAMP] VaultTreeNode @ http://localhost:5173/node_modules/.vite/deps/react-dom_client.js?v=68fe320d:3200
[    1758ms] [TIMESTAMP] VaultTreeNode @ http://localhost:5173/node_modules/.vite/deps/react-dom_client.js?v=68fe320d:3200
[    1758ms] [TIMESTAMP] VaultTreeNode @ http://localhost:5173/node_modules/.vite/deps/react-dom_client.js?v=68fe320d:3200
[    1758ms] [TIMESTAMP] ObservabilityTab @ http://localhost:5173/node_modules/.vite/deps/react-dom_client.js?v=68fe320d:3200
[    1758ms] [TIMESTAMP] SortButton @ http://localhost:5173/node_modules/.vite/deps/react-dom_client.js?v=68fe320d:3200
[    1758ms] [TIMESTAMP] SortButton @ http://localhost:5173/node_modules/.vite/deps/react-dom_client.js?v=68fe320d:3200
[    1758ms] [TIMESTAMP] SortButton @ http://localhost:5173/node_modules/.vite/deps/react-dom_client.js?v=68fe320d:3200
[    1758ms] [TIMESTAMP] SortButton @ http://localhost:5173/node_modules/.vite/deps/react-dom_client.js?v=68fe320d:3200
[    1758ms] [TIMESTAMP] SortButton @ http://localhost:5173/node_modules/.vite/deps/react-dom_client.js?v=68fe320d:3200
[    1758ms] [TIMESTAMP] Remaining Effects @ http://localhost:5173/node_modules/.vite/deps/react-dom_client.js?v=68fe320d:13177
[    1758ms] [TIMESTAMP] Blocking Track @ http://localhost:5173/node_modules/.vite/deps/react-dom_client.js?v=68fe320d:12095
[    1758ms] [TIMESTAMP] Transition Track @ http://localhost:5173/node_modules/.vite/deps/react-dom_client.js?v=68fe320d:12102
[    1758ms] [TIMESTAMP] Suspense Track @ http://localhost:5173/node_modules/.vite/deps/react-dom_client.js?v=68fe320d:12109
[    1758ms] [TIMESTAMP] Idle Track @ http://localhost:5173/node_modules/.vite/deps/react-dom_client.js?v=68fe320d:12116
[    1758ms] [TIMESTAMP] Render @ http://localhost:5173/node_modules/.vite/deps/react-dom_client.js?v=68fe320d:3314
[    1758ms] [TIMESTAMP] Commit @ http://localhost:5173/node_modules/.vite/deps/react-dom_client.js?v=68fe320d:12955
[    1758ms] [TIMESTAMP] AgentCard @ http://localhost:5173/node_modules/.vite/deps/react-dom_client.js?v=68fe320d:3200
[    1758ms] [TIMESTAMP] AgentCard @ http://localhost:5173/node_modules/.vite/deps/react-dom_client.js?v=68fe320d:3200
[    1758ms] [TIMESTAMP] AgentCard @ http://localhost:5173/node_modules/.vite/deps/react-dom_client.js?v=68fe320d:3200
[    1758ms] [TIMESTAMP] AgentCard @ http://localhost:5173/node_modules/.vite/deps/react-dom_client.js?v=68fe320d:3200
[    1758ms] [TIMESTAMP] AgentCard @ http://localhost:5173/node_modules/.vite/deps/react-dom_client.js?v=68fe320d:3200
[    1758ms] [TIMESTAMP] AgentCard @ http://localhost:5173/node_modules/.vite/deps/react-dom_client.js?v=68fe320d:3200
[    1758ms] [TIMESTAMP] AgentCard @ http://localhost:5173/node_modules/.vite/deps/react-dom_client.js?v=68fe320d:3200
[    1758ms] [TIMESTAMP] AgentCard @ http://localhost:5173/node_modules/.vite/deps/react-dom_client.js?v=68fe320d:3200
[    1758ms] [TIMESTAMP] AgentCard @ http://localhost:5173/node_modules/.vite/deps/react-dom_client.js?v=68fe320d:3200
[    1759ms] [TIMESTAMP] AgentCard @ http://localhost:5173/node_modules/.vite/deps/react-dom_client.js?v=68fe320d:3200
[    1759ms] [TIMESTAMP] Remaining Effects @ http://localhost:5173/node_modules/.vite/deps/react-dom_client.js?v=68fe320d:13177
[    2093ms] [TIMESTAMP] Blocking Track @ http://localhost:5173/node_modules/.vite/deps/react-dom_client.js?v=68fe320d:12095
[    2093ms] [TIMESTAMP] Transition Track @ http://localhost:5173/node_modules/.vite/deps/react-dom_client.js?v=68fe320d:12102
[    2093ms] [TIMESTAMP] Suspense Track @ http://localhost:5173/node_modules/.vite/deps/react-dom_client.js?v=68fe320d:12109
[    2093ms] [TIMESTAMP] Idle Track @ http://localhost:5173/node_modules/.vite/deps/react-dom_client.js?v=68fe320d:12116
[    2106ms] [TIMESTAMP] Render @ http://localhost:5173/node_modules/.vite/deps/react-dom_client.js?v=68fe320d:3314
[    2112ms] [TIMESTAMP] Commit @ http://localhost:5173/node_modules/.vite/deps/react-dom_client.js?v=68fe320d:12955
[    2114ms] [TIMESTAMP] Waiting for Paint @ http://localhost:5173/node_modules/.vite/deps/react-dom_client.js?v=68fe320d:13132
[    2114ms] [TIMESTAMP] MemoryGraphTab @ http://localhost:5173/node_modules/.vite/deps/react-dom_client.js?v=68fe320d:3200
[    2115ms] [TIMESTAMP] Remaining Effects @ http://localhost:5173/node_modules/.vite/deps/react-dom_client.js?v=68fe320d:13177
[    2116ms] [TIMESTAMP] Blocking Track @ http://localhost:5173/node_modules/.vite/deps/react-dom_client.js?v=68fe320d:12095
[    2116ms] [TIMESTAMP] Transition Track @ http://localhost:5173/node_modules/.vite/deps/react-dom_client.js?v=68fe320d:12102
[    2117ms] [TIMESTAMP] Suspense Track @ http://localhost:5173/node_modules/.vite/deps/react-dom_client.js?v=68fe320d:12109
[    2117ms] [TIMESTAMP] Idle Track @ http://localhost:5173/node_modules/.vite/deps/react-dom_client.js?v=68fe320d:12116
[    2130ms] [TIMESTAMP] Render @ http://localhost:5173/node_modules/.vite/deps/react-dom_client.js?v=68fe320d:3314
[    2130ms] [TIMESTAMP] Commit @ http://localhost:5173/node_modules/.vite/deps/react-dom_client.js?v=68fe320d:12955
[    2131ms] [TIMESTAMP] AgentDashboard @ http://localhost:5173/node_modules/.vite/deps/react-dom_client.js?v=68fe320d:3200
[    2131ms] [TIMESTAMP] AgentRow @ http://localhost:5173/node_modules/.vite/deps/react-dom_client.js?v=68fe320d:3200
[    2131ms] [TIMESTAMP] ModelTag @ http://localhost:5173/node_modules/.vite/deps/react-dom_client.js?v=68fe320d:3200
[    2131ms] [TIMESTAMP] TimestampCell @ http://localhost:5173/node_modules/.vite/deps/react-dom_client.js?v=68fe320d:3200
[    2131ms] [TIMESTAMP] AgentRow @ http://localhost:5173/node_modules/.vite/deps/react-dom_client.js?v=68fe320d:3200
[    2131ms] [TIMESTAMP] ModelTag @ http://localhost:5173/node_modules/.vite/deps/react-dom_client.js?v=68fe320d:3200
[    2131ms] [TIMESTAMP] TimestampCell @ http://localhost:5173/node_modules/.vite/deps/react-dom_client.js?v=68fe320d:3200
[    2131ms] [TIMESTAMP] AgentRow @ http://localhost:5173/node_modules/.vite/deps/react-dom_client.js?v=68fe320d:3200
[    2131ms] [TIMESTAMP] TimestampCell @ http://localhost:5173/node_modules/.vite/deps/react-dom_client.js?v=68fe320d:3200
[    2132ms] [TIMESTAMP] AgentRow @ http://localhost:5173/node_modules/.vite/deps/react-dom_client.js?v=68fe320d:3200
[    2132ms] [TIMESTAMP] ModelTag @ http://localhost:5173/node_modules/.vite/deps/react-dom_client.js?v=68fe320d:3200
[    2132ms] [TIMESTAMP] TimestampCell @ http://localhost:5173/node_modules/.vite/deps/react-dom_client.js?v=68fe320d:3200
[    2132ms] [TIMESTAMP] AgentRow @ http://localhost:5173/node_modules/.vite/deps/react-dom_client.js?v=68fe320d:3200
[    2132ms] [TIMESTAMP] HealthIndicator @ http://localhost:5173/node_modules/.vite/deps/react-dom_client.js?v=68fe320d:3200
[    2132ms] [TIMESTAMP] TimestampCell @ http://localhost:5173/node_modules/.vite/deps/react-dom_client.js?v=68fe320d:3200
[    2132ms] [TIMESTAMP] AgentRow @ http://localhost:5173/node_modules/.vite/deps/react-dom_client.js?v=68fe320d:3200
[    2132ms] [TIMESTAMP] ModelTag @ http://localhost:5173/node_modules/.vite/deps/react-dom_client.js?v=68fe320d:3200
[    2132ms] [TIMESTAMP] TimestampCell @ http://localhost:5173/node_modules/.vite/deps/react-dom_client.js?v=68fe320d:3200
[    2132ms] [TIMESTAMP] AgentRow @ http://localhost:5173/node_modules/.vite/deps/react-dom_client.js?v=68fe320d:3200
[    2132ms] [TIMESTAMP] TimestampCell @ http://localhost:5173/node_modules/.vite/deps/react-dom_client.js?v=68fe320d:3200
[    2132ms] [TIMESTAMP] AgentRow @ http://localhost:5173/node_modules/.vite/deps/react-dom_client.js?v=68fe320d:3200
[    2133ms] [TIMESTAMP] TimestampCell @ http://localhost:5173/node_modules/.vite/deps/react-dom_client.js?v=68fe320d:3200
[    2133ms] [TIMESTAMP] AgentRow @ http://localhost:5173/node_modules/.vite/deps/react-dom_client.js?v=68fe320d:3200
[    2133ms] [TIMESTAMP] StatusBadge @ http://localhost:5173/node_modules/.vite/deps/react-dom_client.js?v=68fe320d:3200
[    2133ms] [TIMESTAMP] TimestampCell @ http://localhost:5173/node_modules/.vite/deps/react-dom_client.js?v=68fe320d:3200
[    2133ms] [TIMESTAMP] AgentRow @ http://localhost:5173/node_modules/.vite/deps/react-dom_client.js?v=68fe320d:3200
[    2133ms] [TIMESTAMP] ModelTag @ http://localhost:5173/node_modules/.vite/deps/react-dom_client.js?v=68fe320d:3200
[    2133ms] [TIMESTAMP] TimestampCell @ http://localhost:5173/node_modules/.vite/deps/react-dom_client.js?v=68fe320d:3200
[    2133ms] [TIMESTAMP] TimestampCell @ http://localhost:5173/node_modules/.vite/deps/react-dom_client.js?v=68fe320d:3291
[    2133ms] [TIMESTAMP] HealthIndicator @ http://localhost:5173/node_modules/.vite/deps/react-dom_client.js?v=68fe320d:3291
[    2134ms] [TIMESTAMP] Remaining Effects @ http://localhost:5173/node_modules/.vite/deps/react-dom_client.js?v=68fe320d:13177
[    2135ms] [TIMESTAMP] Blocking Track @ http://localhost:5173/node_modules/.vite/deps/react-dom_client.js?v=68fe320d:12095
[    2135ms] [TIMESTAMP] Transition Track @ http://localhost:5173/node_modules/.vite/deps/react-dom_client.js?v=68fe320d:12102
[    2135ms] [TIMESTAMP] Suspense Track @ http://localhost:5173/node_modules/.vite/deps/react-dom_client.js?v=68fe320d:12109
[    2135ms] [TIMESTAMP] Idle Track @ http://localhost:5173/node_modules/.vite/deps/react-dom_client.js?v=68fe320d:12116
[    2139ms] [TIMESTAMP] Render @ http://localhost:5173/node_modules/.vite/deps/react-dom_client.js?v=68fe320d:3314
[    2141ms] [TIMESTAMP] Commit @ http://localhost:5173/node_modules/.vite/deps/react-dom_client.js?v=68fe320d:12955
[    2143ms] [TIMESTAMP] Waiting for Paint @ http://localhost:5173/node_modules/.vite/deps/react-dom_client.js?v=68fe320d:13132
[    2143ms] [TIMESTAMP] AgentSidebar @ http://localhost:5173/node_modules/.vite/deps/react-dom_client.js?v=68fe320d:3200
[    2143ms] [TIMESTAMP] VaultTab @ http://localhost:5173/node_modules/.vite/deps/react-dom_client.js?v=68fe320d:3200
[    2144ms] [TIMESTAMP] Remaining Effects @ http://localhost:5173/node_modules/.vite/deps/react-dom_client.js?v=68fe320d:13177
[    2144ms] [TIMESTAMP] Blocking Track @ http://localhost:5173/node_modules/.vite/deps/react-dom_client.js?v=68fe320d:12095
[    2144ms] [TIMESTAMP] Transition Track @ http://localhost:5173/node_modules/.vite/deps/react-dom_client.js?v=68fe320d:12102
[    2145ms] [TIMESTAMP] Suspense Track @ http://localhost:5173/node_modules/.vite/deps/react-dom_client.js?v=68fe320d:12109
[    2145ms] [TIMESTAMP] Idle Track @ http://localhost:5173/node_modules/.vite/deps/react-dom_client.js?v=68fe320d:12116
[    2153ms] [TIMESTAMP] Render @ http://localhost:5173/node_modules/.vite/deps/react-dom_client.js?v=68fe320d:3314
[    2154ms] [TIMESTAMP] Commit @ http://localhost:5173/node_modules/.vite/deps/react-dom_client.js?v=68fe320d:12955
[    2155ms] [TIMESTAMP] AgentDashboard @ http://localhost:5173/node_modules/.vite/deps/react-dom_client.js?v=68fe320d:3200
[    2155ms] [TIMESTAMP] Blocking Track @ http://localhost:5173/node_modules/.vite/deps/react-dom_client.js?v=68fe320d:12095
[    2156ms] [TIMESTAMP] Transition Track @ http://localhost:5173/node_modules/.vite/deps/react-dom_client.js?v=68fe320d:12102
[    2156ms] [TIMESTAMP] Suspense Track @ http://localhost:5173/node_modules/.vite/deps/react-dom_client.js?v=68fe320d:12109
[    2156ms] [TIMESTAMP] Idle Track @ http://localhost:5173/node_modules/.vite/deps/react-dom_client.js?v=68fe320d:12116
[    2157ms] [TIMESTAMP] Render @ http://localhost:5173/node_modules/.vite/deps/react-dom_client.js?v=68fe320d:3314
[    2380ms] [TIMESTAMP] Blocking Track @ http://localhost:5173/node_modules/.vite/deps/react-dom_client.js?v=68fe320d:12095
[    2380ms] [TIMESTAMP] Transition Track @ http://localhost:5173/node_modules/.vite/deps/react-dom_client.js?v=68fe320d:12102
[    2380ms] [TIMESTAMP] Suspense Track @ http://localhost:5173/node_modules/.vite/deps/react-dom_client.js?v=68fe320d:12109
[    2380ms] [TIMESTAMP] Idle Track @ http://localhost:5173/node_modules/.vite/deps/react-dom_client.js?v=68fe320d:12116
[    2381ms] [TIMESTAMP] Render @ http://localhost:5173/node_modules/.vite/deps/react-dom_client.js?v=68fe320d:3314
[    2382ms] [TIMESTAMP] Waiting for Paint @ http://localhost:5173/node_modules/.vite/deps/react-dom_client.js?v=68fe320d:13132
[    2382ms] [TIMESTAMP] AgentSidebar @ http://localhost:5173/node_modules/.vite/deps/react-dom_client.js?v=68fe320d:3200
[    4467ms] [TIMESTAMP] Blocking Track @ http://localhost:5173/node_modules/.vite/deps/react-dom_client.js?v=68fe320d:12095
[    4467ms] [TIMESTAMP] Transition Track @ http://localhost:5173/node_modules/.vite/deps/react-dom_client.js?v=68fe320d:12102
[    4467ms] [TIMESTAMP] Suspense Track @ http://localhost:5173/node_modules/.vite/deps/react-dom_client.js?v=68fe320d:12109
[    4468ms] [TIMESTAMP] Idle Track @ http://localhost:5173/node_modules/.vite/deps/react-dom_client.js?v=68fe320d:12116
[    4473ms] [TIMESTAMP] Render @ http://localhost:5173/node_modules/.vite/deps/react-dom_client.js?v=68fe320d:3314
[    4473ms] [TIMESTAMP] AgentSidebar @ http://localhost:5173/node_modules/.vite/deps/react-dom_client.js?v=68fe320d:3200
[    4473ms] [TIMESTAMP] Remaining Effects @ http://localhost:5173/node_modules/.vite/deps/react-dom_client.js?v=68fe320d:13177
[    4496ms] [TIMESTAMP] Blocking Track @ http://localhost:5173/node_modules/.vite/deps/react-dom_client.js?v=68fe320d:12095
[    4496ms] [TIMESTAMP] Transition Track @ http://localhost:5173/node_modules/.vite/deps/react-dom_client.js?v=68fe320d:12102
[    4497ms] [TIMESTAMP] Suspense Track @ http://localhost:5173/node_modules/.vite/deps/react-dom_client.js?v=68fe320d:12109
[    4497ms] [TIMESTAMP] Idle Track @ http://localhost:5173/node_modules/.vite/deps/react-dom_client.js?v=68fe320d:12116
[    4504ms] [TIMESTAMP] Render @ http://localhost:5173/node_modules/.vite/deps/react-dom_client.js?v=68fe320d:3314
[    4505ms] [TIMESTAMP] Commit @ http://localhost:5173/node_modules/.vite/deps/react-dom_client.js?v=68fe320d:12955
[    4505ms] [TIMESTAMP] AgentDashboard @ http://localhost:5173/node_modules/.vite/deps/react-dom_client.js?v=68fe320d:3200
[    6466ms] [TIMESTAMP] Blocking Track @ http://localhost:5173/node_modules/.vite/deps/react-dom_client.js?v=68fe320d:12095
[    6466ms] [TIMESTAMP] Transition Track @ http://localhost:5173/node_modules/.vite/deps/react-dom_client.js?v=68fe320d:12102
[    6466ms] [TIMESTAMP] Suspense Track @ http://localhost:5173/node_modules/.vite/deps/react-dom_client.js?v=68fe320d:12109
[    6466ms] [TIMESTAMP] Idle Track @ http://localhost:5173/node_modules/.vite/deps/react-dom_client.js?v=68fe320d:12116
[    6467ms] [TIMESTAMP] Render @ http://localhost:5173/node_modules/.vite/deps/react-dom_client.js?v=68fe320d:3314
[    6468ms] [TIMESTAMP] AgentSidebar @ http://localhost:5173/node_modules/.vite/deps/react-dom_client.js?v=68fe320d:3200
[    6801ms] [TIMESTAMP] Blocking Track @ http://localhost:5173/node_modules/.vite/deps/react-dom_client.js?v=68fe320d:12095
[    6801ms] [TIMESTAMP] Transition Track @ http://localhost:5173/node_modules/.vite/deps/react-dom_client.js?v=68fe320d:12102
[    6801ms] [TIMESTAMP] Suspense Track @ http://localhost:5173/node_modules/.vite/deps/react-dom_client.js?v=68fe320d:12109
[    6801ms] [TIMESTAMP] Idle Track @ http://localhost:5173/node_modules/.vite/deps/react-dom_client.js?v=68fe320d:12116
[    6810ms] [TIMESTAMP] Render @ http://localhost:5173/node_modules/.vite/deps/react-dom_client.js?v=68fe320d:3314
[    6811ms] [TIMESTAMP] Commit @ http://localhost:5173/node_modules/.vite/deps/react-dom_client.js?v=68fe320d:12955
[    6812ms] [TIMESTAMP] Waiting @ http://localhost:5173/node_modules/.vite/deps/react-dom_client.js?v=68fe320d:13132
[    6812ms] [TIMESTAMP] AgentDashboard @ http://localhost:5173/node_modules/.vite/deps/react-dom_client.js?v=68fe320d:3200
[    8474ms] [TIMESTAMP] Blocking Track @ http://localhost:5173/node_modules/.vite/deps/react-dom_client.js?v=68fe320d:12095
[    8474ms] [TIMESTAMP] Transition Track @ http://localhost:5173/node_modules/.vite/deps/react-dom_client.js?v=68fe320d:12102
[    8474ms] [TIMESTAMP] Suspense Track @ http://localhost:5173/node_modules/.vite/deps/react-dom_client.js?v=68fe320d:12109
[    8474ms] [TIMESTAMP] Idle Track @ http://localhost:5173/node_modules/.vite/deps/react-dom_client.js?v=68fe320d:12116
[    8475ms] [TIMESTAMP] Render @ http://localhost:5173/node_modules/.vite/deps/react-dom_client.js?v=68fe320d:3314
[    8476ms] [TIMESTAMP] Commit @ http://localhost:5173/node_modules/.vite/deps/react-dom_client.js?v=68fe320d:12955
[    8476ms] [TIMESTAMP] AgentSidebar @ http://localhost:5173/node_modules/.vite/deps/react-dom_client.js?v=68fe320d:3200
[    8476ms] [TIMESTAMP] Remaining Effects @ http://localhost:5173/node_modules/.vite/deps/react-dom_client.js?v=68fe320d:13177
[    8871ms] [TIMESTAMP] Blocking Track @ http://localhost:5173/node_modules/.vite/deps/react-dom_client.js?v=68fe320d:12095
[    8871ms] [TIMESTAMP] Transition Track @ http://localhost:5173/node_modules/.vite/deps/react-dom_client.js?v=68fe320d:12102
[    8871ms] [TIMESTAMP] Suspense Track @ http://localhost:5173/node_modules/.vite/deps/react-dom_client.js?v=68fe320d:12109
[    8872ms] [TIMESTAMP] Idle Track @ http://localhost:5173/node_modules/.vite/deps/react-dom_client.js?v=68fe320d:12116
[    8880ms] [TIMESTAMP] Render @ http://localhost:5173/node_modules/.vite/deps/react-dom_client.js?v=68fe320d:3314
[    8881ms] [TIMESTAMP] Commit @ http://localhost:5173/node_modules/.vite/deps/react-dom_client.js?v=68fe320d:12955
[    8881ms] [TIMESTAMP] AgentDashboard @ http://localhost:5173/node_modules/.vite/deps/react-dom_client.js?v=68fe320d:3200
[   10482ms] [TIMESTAMP] Blocking Track @ http://localhost:5173/node_modules/.vite/deps/react-dom_client.js?v=68fe320d:12095
[   10482ms] [TIMESTAMP] Transition Track @ http://localhost:5173/node_modules/.vite/deps/react-dom_client.js?v=68fe320d:12102
[   10482ms] [TIMESTAMP] Suspense Track @ http://localhost:5173/node_modules/.vite/deps/react-dom_client.js?v=68fe320d:12109
[   10482ms] [TIMESTAMP] Idle Track @ http://localhost:5173/node_modules/.vite/deps/react-dom_client.js?v=68fe320d:12116
[   10483ms] [TIMESTAMP] Render @ http://localhost:5173/node_modules/.vite/deps/react-dom_client.js?v=68fe320d:3314
[   10483ms] [TIMESTAMP] Commit @ http://localhost:5173/node_modules/.vite/deps/react-dom_client.js?v=68fe320d:12955
[   10484ms] [TIMESTAMP] AgentSidebar @ http://localhost:5173/node_modules/.vite/deps/react-dom_client.js?v=68fe320d:3200
[   10981ms] [TIMESTAMP] Blocking Track @ http://localhost:5173/node_modules/.vite/deps/react-dom_client.js?v=68fe320d:12095
[   10981ms] [TIMESTAMP] Transition Track @ http://localhost:5173/node_modules/.vite/deps/react-dom_client.js?v=68fe320d:12102
[   10982ms] [TIMESTAMP] Suspense Track @ http://localhost:5173/node_modules/.vite/deps/react-dom_client.js?v=68fe320d:12109
[   10982ms] [TIMESTAMP] Idle Track @ http://localhost:5173/node_modules/.vite/deps/react-dom_client.js?v=68fe320d:12116
[   10990ms] [TIMESTAMP] Render @ http://localhost:5173/node_modules/.vite/deps/react-dom_client.js?v=68fe320d:3314
[   10991ms] [TIMESTAMP] Commit @ http://localhost:5173/node_modules/.vite/deps/react-dom_client.js?v=68fe320d:12955
[   10992ms] [TIMESTAMP] Waiting @ http://localhost:5173/node_modules/.vite/deps/react-dom_client.js?v=68fe320d:13132
[   10992ms] [TIMESTAMP] AgentDashboard @ http://localhost:5173/node_modules/.vite/deps/react-dom_client.js?v=68fe320d:3200
[   12491ms] [TIMESTAMP] Blocking Track @ http://localhost:5173/node_modules/.vite/deps/react-dom_client.js?v=68fe320d:12095
[   12491ms] [TIMESTAMP] Transition Track @ http://localhost:5173/node_modules/.vite/deps/react-dom_client.js?v=68fe320d:12102
[   12491ms] [TIMESTAMP] Suspense Track @ http://localhost:5173/node_modules/.vite/deps/react-dom_client.js?v=68fe320d:12109
[   12491ms] [TIMESTAMP] Idle Track @ http://localhost:5173/node_modules/.vite/deps/react-dom_client.js?v=68fe320d:12116
[   12496ms] [TIMESTAMP] Render @ http://localhost:5173/node_modules/.vite/deps/react-dom_client.js?v=68fe320d:3314
[   12499ms] [TIMESTAMP] Commit @ http://localhost:5173/node_modules/.vite/deps/react-dom_client.js?v=68fe320d:12955
[   12499ms] [TIMESTAMP] Waiting for Paint @ http://localhost:5173/node_modules/.vite/deps/react-dom_client.js?v=68fe320d:13132
[   12499ms] [TIMESTAMP] AgentSidebar @ http://localhost:5173/node_modules/.vite/deps/react-dom_client.js?v=68fe320d:3200
[   12500ms] [TIMESTAMP] Remaining Effects @ http://localhost:5173/node_modules/.vite/deps/react-dom_client.js?v=68fe320d:13177
[   13451ms] [TIMESTAMP] Blocking Track @ http://localhost:5173/node_modules/.vite/deps/react-dom_client.js?v=68fe320d:12095
[   13451ms] [TIMESTAMP] Transition Track @ http://localhost:5173/node_modules/.vite/deps/react-dom_client.js?v=68fe320d:12102
[   13451ms] [TIMESTAMP] Suspense Track @ http://localhost:5173/node_modules/.vite/deps/react-dom_client.js?v=68fe320d:12109
[   13451ms] [TIMESTAMP] Idle Track @ http://localhost:5173/node_modules/.vite/deps/react-dom_client.js?v=68fe320d:12116
[   13464ms] [TIMESTAMP] Render @ http://localhost:5173/node_modules/.vite/deps/react-dom_client.js?v=68fe320d:3314
[   13467ms] [TIMESTAMP] Commit @ http://localhost:5173/node_modules/.vite/deps/react-dom_client.js?v=68fe320d:12955
[   13468ms] [TIMESTAMP] Waiting @ http://localhost:5173/node_modules/.vite/deps/react-dom_client.js?v=68fe320d:13132
[   13468ms] [TIMESTAMP] AgentDashboard @ http://localhost:5173/node_modules/.vite/deps/react-dom_client.js?v=68fe320d:3200
[   14499ms] [TIMESTAMP] Blocking Track @ http://localhost:5173/node_modules/.vite/deps/react-dom_client.js?v=68fe320d:12095
[   14499ms] [TIMESTAMP] Transition Track @ http://localhost:5173/node_modules/.vite/deps/react-dom_client.js?v=68fe320d:12102
[   14499ms] [TIMESTAMP] Suspense Track @ http://localhost:5173/node_modules/.vite/deps/react-dom_client.js?v=68fe320d:12109
[   14499ms] [TIMESTAMP] Idle Track @ http://localhost:5173/node_modules/.vite/deps/react-dom_client.js?v=68fe320d:12116
[   14501ms] [TIMESTAMP] Render @ http://localhost:5173/node_modules/.vite/deps/react-dom_client.js?v=68fe320d:3314
[   14501ms] [TIMESTAMP] Commit @ http://localhost:5173/node_modules/.vite/deps/react-dom_client.js?v=68fe320d:12955
[   14502ms] [TIMESTAMP] AgentSidebar @ http://localhost:5173/node_modules/.vite/deps/react-dom_client.js?v=68fe320d:3200
[   15578ms] [TIMESTAMP] Blocking Track @ http://localhost:5173/node_modules/.vite/deps/react-dom_client.js?v=68fe320d:12095
[   15578ms] [TIMESTAMP] Transition Track @ http://localhost:5173/node_modules/.vite/deps/react-dom_client.js?v=68fe320d:12102
[   15579ms] [TIMESTAMP] Suspense Track @ http://localhost:5173/node_modules/.vite/deps/react-dom_client.js?v=68fe320d:12109
[   15579ms] [TIMESTAMP] Idle Track @ http://localhost:5173/node_modules/.vite/deps/react-dom_client.js?v=68fe320d:12116
[   15592ms] [TIMESTAMP] Render @ http://localhost:5173/node_modules/.vite/deps/react-dom_client.js?v=68fe320d:3314
[   15596ms] [TIMESTAMP] Commit @ http://localhost:5173/node_modules/.vite/deps/react-dom_client.js?v=68fe320d:12955
[   15596ms] [TIMESTAMP] AgentDashboard @ http://localhost:5173/node_modules/.vite/deps/react-dom_client.js?v=68fe320d:3200
[   15597ms] [TIMESTAMP] DashboardLayout @ http://localhost:5173/node_modules/.vite/deps/react-dom_client.js?v=68fe320d:3291
[   15597ms] [TIMESTAMP] Remaining Effects @ http://localhost:5173/node_modules/.vite/deps/react-dom_client.js?v=68fe320d:13177
[   16501ms] [TIMESTAMP] Blocking Track @ http://localhost:5173/node_modules/.vite/deps/react-dom_client.js?v=68fe320d:12095
[   16502ms] [TIMESTAMP] Transition Track @ http://localhost:5173/node_modules/.vite/deps/react-dom_client.js?v=68fe320d:12102
[   16502ms] [TIMESTAMP] Suspense Track @ http://localhost:5173/node_modules/.vite/deps/react-dom_client.js?v=68fe320d:12109
[   16502ms] [TIMESTAMP] Idle Track @ http://localhost:5173/node_modules/.vite/deps/react-dom_client.js?v=68fe320d:12116
[   16504ms] [TIMESTAMP] Render @ http://localhost:5173/node_modules/.vite/deps/react-dom_client.js?v=68fe320d:3314
[   16505ms] [TIMESTAMP] Commit @ http://localhost:5173/node_modules/.vite/deps/react-dom_client.js?v=68fe320d:12955
[   16505ms] [TIMESTAMP] AgentSidebar @ http://localhost:5173/node_modules/.vite/deps/react-dom_client.js?v=68fe320d:3200
[   16505ms] [TIMESTAMP] Remaining Effects @ http://localhost:5173/node_modules/.vite/deps/react-dom_client.js?v=68fe320d:13177
[   17134ms] [TIMESTAMP] Blocking Track @ http://localhost:5173/node_modules/.vite/deps/react-dom_client.js?v=68fe320d:12095
[   17135ms] [TIMESTAMP] Transition Track @ http://localhost:5173/node_modules/.vite/deps/react-dom_client.js?v=68fe320d:12102
[   17135ms] [TIMESTAMP] Suspense Track @ http://localhost:5173/node_modules/.vite/deps/react-dom_client.js?v=68fe320d:12109
[   17135ms] [TIMESTAMP] Idle Track @ http://localhost:5173/node_modules/.vite/deps/react-dom_client.js?v=68fe320d:12116
[   17944ms] [TIMESTAMP] Blocking Track @ http://localhost:5173/node_modules/.vite/deps/react-dom_client.js?v=68fe320d:12095
[   17944ms] [TIMESTAMP] Transition Track @ http://localhost:5173/node_modules/.vite/deps/react-dom_client.js?v=68fe320d:12102
[   17944ms] [TIMESTAMP] Suspense Track @ http://localhost:5173/node_modules/.vite/deps/react-dom_client.js?v=68fe320d:12109
[   17944ms] [TIMESTAMP] Idle Track @ http://localhost:5173/node_modules/.vite/deps/react-dom_client.js?v=68fe320d:12116
[   17952ms] [TIMESTAMP] Render @ http://localhost:5173/node_modules/.vite/deps/react-dom_client.js?v=68fe320d:3314
[   17954ms] [TIMESTAMP] Commit @ http://localhost:5173/node_modules/.vite/deps/react-dom_client.js?v=68fe320d:12955
[   17955ms] [TIMESTAMP] AgentDashboard @ http://localhost:5173/node_modules/.vite/deps/react-dom_client.js?v=68fe320d:3200
[   17955ms] [TIMESTAMP] Blocking Track @ http://localhost:5173/node_modules/.vite/deps/react-dom_client.js?v=68fe320d:12095
[   17955ms] [TIMESTAMP] Transition Track @ http://localhost:5173/node_modules/.vite/deps/react-dom_client.js?v=68fe320d:12102
[   17955ms] [TIMESTAMP] Suspense Track @ http://localhost:5173/node_modules/.vite/deps/react-dom_client.js?v=68fe320d:12109
[   17955ms] [TIMESTAMP] Idle Track @ http://localhost:5173/node_modules/.vite/deps/react-dom_client.js?v=68fe320d:12116
[   17956ms] [TIMESTAMP] Render @ http://localhost:5173/node_modules/.vite/deps/react-dom_client.js?v=68fe320d:3314
[   18510ms] [TIMESTAMP] Blocking Track @ http://localhost:5173/node_modules/.vite/deps/react-dom_client.js?v=68fe320d:12095
[   18510ms] [TIMESTAMP] Transition Track @ http://localhost:5173/node_modules/.vite/deps/react-dom_client.js?v=68fe320d:12102
[   18510ms] [TIMESTAMP] Suspense Track @ http://localhost:5173/node_modules/.vite/deps/react-dom_client.js?v=68fe320d:12109
[   18510ms] [TIMESTAMP] Idle Track @ http://localhost:5173/node_modules/.vite/deps/react-dom_client.js?v=68fe320d:12116
[   18512ms] [TIMESTAMP] Render @ http://localhost:5173/node_modules/.vite/deps/react-dom_client.js?v=68fe320d:3314
[   18512ms] [TIMESTAMP] Commit @ http://localhost:5173/node_modules/.vite/deps/react-dom_client.js?v=68fe320d:12955
[   18512ms] [TIMESTAMP] AgentSidebar @ http://localhost:5173/node_modules/.vite/deps/react-dom_client.js?v=68fe320d:3200
[   20124ms] [TIMESTAMP] Blocking Track @ http://localhost:5173/node_modules/.vite/deps/react-dom_client.js?v=68fe320d:12095
[   20124ms] [TIMESTAMP] Transition Track @ http://localhost:5173/node_modules/.vite/deps/react-dom_client.js?v=68fe320d:12102
[   20124ms] [TIMESTAMP] Suspense Track @ http://localhost:5173/node_modules/.vite/deps/react-dom_client.js?v=68fe320d:12109
[   20124ms] [TIMESTAMP] Idle Track @ http://localhost:5173/node_modules/.vite/deps/react-dom_client.js?v=68fe320d:12116
[   20131ms] [TIMESTAMP] Render @ http://localhost:5173/node_modules/.vite/deps/react-dom_client.js?v=68fe320d:3314
[   20132ms] [TIMESTAMP] Commit @ http://localhost:5173/node_modules/.vite/deps/react-dom_client.js?v=68fe320d:12955
[   20132ms] [TIMESTAMP] AgentDashboard @ http://localhost:5173/node_modules/.vite/deps/react-dom_client.js?v=68fe320d:3200
[   20132ms] [TIMESTAMP] Remaining Effects @ http://localhost:5173/node_modules/.vite/deps/react-dom_client.js?v=68fe320d:13177
[   20517ms] [TIMESTAMP] Blocking Track @ http://localhost:5173/node_modules/.vite/deps/react-dom_client.js?v=68fe320d:12095
[   20517ms] [TIMESTAMP] Transition Track @ http://localhost:5173/node_modules/.vite/deps/react-dom_client.js?v=68fe320d:12102
[   20518ms] [TIMESTAMP] Suspense Track @ http://localhost:5173/node_modules/.vite/deps/react-dom_client.js?v=68fe320d:12109
[   20518ms] [TIMESTAMP] Idle Track @ http://localhost:5173/node_modules/.vite/deps/react-dom_client.js?v=68fe320d:12116
[   20519ms] [TIMESTAMP] Render @ http://localhost:5173/node_modules/.vite/deps/react-dom_client.js?v=68fe320d:3314
[   20519ms] [TIMESTAMP] Commit @ http://localhost:5173/node_modules/.vite/deps/react-dom_client.js?v=68fe320d:12955
[   20520ms] [TIMESTAMP] AgentSidebar @ http://localhost:5173/node_modules/.vite/deps/react-dom_client.js?v=68fe320d:3200
[   22526ms] [TIMESTAMP] Blocking Track @ http://localhost:5173/node_modules/.vite/deps/react-dom_client.js?v=68fe320d:12095
[   22527ms] [TIMESTAMP] Transition Track @ http://localhost:5173/node_modules/.vite/deps/react-dom_client.js?v=68fe320d:12102
[   22527ms] [TIMESTAMP] Suspense Track @ http://localhost:5173/node_modules/.vite/deps/react-dom_client.js?v=68fe320d:12109
[   22527ms] [TIMESTAMP] Idle Track @ http://localhost:5173/node_modules/.vite/deps/react-dom_client.js?v=68fe320d:12116
[   22534ms] [TIMESTAMP] Render @ http://localhost:5173/node_modules/.vite/deps/react-dom_client.js?v=68fe320d:3314
[   22535ms] [TIMESTAMP] Commit @ http://localhost:5173/node_modules/.vite/deps/react-dom_client.js?v=68fe320d:12955
[   22535ms] [TIMESTAMP] AgentDashboard @ http://localhost:5173/node_modules/.vite/deps/react-dom_client.js?v=68fe320d:3200
[   22536ms] [TIMESTAMP] Blocking Track @ http://localhost:5173/node_modules/.vite/deps/react-dom_client.js?v=68fe320d:12095
[   22536ms] [TIMESTAMP] Transition Track @ http://localhost:5173/node_modules/.vite/deps/react-dom_client.js?v=68fe320d:12102
[   22537ms] [TIMESTAMP] Suspense Track @ http://localhost:5173/node_modules/.vite/deps/react-dom_client.js?v=68fe320d:12109
[   22537ms] [TIMESTAMP] Idle Track @ http://localhost:5173/node_modules/.vite/deps/react-dom_client.js?v=68fe320d:12116
[   22538ms] [TIMESTAMP] Render @ http://localhost:5173/node_modules/.vite/deps/react-dom_client.js?v=68fe320d:3314
[   22539ms] [TIMESTAMP] AgentSidebar @ http://localhost:5173/node_modules/.vite/deps/react-dom_client.js?v=68fe320d:3200
[   24526ms] [TIMESTAMP] Blocking Track @ http://localhost:5173/node_modules/.vite/deps/react-dom_client.js?v=68fe320d:12095
[   24526ms] [TIMESTAMP] Transition Track @ http://localhost:5173/node_modules/.vite/deps/react-dom_client.js?v=68fe320d:12102
[   24526ms] [TIMESTAMP] Suspense Track @ http://localhost:5173/node_modules/.vite/deps/react-dom_client.js?v=68fe320d:12109
[   24526ms] [TIMESTAMP] Idle Track @ http://localhost:5173/node_modules/.vite/deps/react-dom_client.js?v=68fe320d:12116
[   24528ms] [TIMESTAMP] Render @ http://localhost:5173/node_modules/.vite/deps/react-dom_client.js?v=68fe320d:3314
[   24528ms] [TIMESTAMP] Commit @ http://localhost:5173/node_modules/.vite/deps/react-dom_client.js?v=68fe320d:12955
[   24528ms] [TIMESTAMP] AgentSidebar @ http://localhost:5173/node_modules/.vite/deps/react-dom_client.js?v=68fe320d:3200
[   24549ms] [TIMESTAMP] Blocking Track @ http://localhost:5173/node_modules/.vite/deps/react-dom_client.js?v=68fe320d:12095
[   24549ms] [TIMESTAMP] Transition Track @ http://localhost:5173/node_modules/.vite/deps/react-dom_client.js?v=68fe320d:12102
[   24549ms] [TIMESTAMP] Suspense Track @ http://localhost:5173/node_modules/.vite/deps/react-dom_client.js?v=68fe320d:12109
[   24549ms] [TIMESTAMP] Idle Track @ http://localhost:5173/node_modules/.vite/deps/react-dom_client.js?v=68fe320d:12116
[   24558ms] [TIMESTAMP] Render @ http://localhost:5173/node_modules/.vite/deps/react-dom_client.js?v=68fe320d:3314
[   24560ms] [TIMESTAMP] Commit @ http://localhost:5173/node_modules/.vite/deps/react-dom_client.js?v=68fe320d:12955
[   24560ms] [TIMESTAMP] AgentDashboard @ http://localhost:5173/node_modules/.vite/deps/react-dom_client.js?v=68fe320d:3200
[   26543ms] [TIMESTAMP] Blocking Track @ http://localhost:5173/node_modules/.vite/deps/react-dom_client.js?v=68fe320d:12095
[   26543ms] [TIMESTAMP] Transition Track @ http://localhost:5173/node_modules/.vite/deps/react-dom_client.js?v=68fe320d:12102
[   26543ms] [TIMESTAMP] Suspense Track @ http://localhost:5173/node_modules/.vite/deps/react-dom_client.js?v=68fe320d:12109
[   26543ms] [TIMESTAMP] Idle Track @ http://localhost:5173/node_modules/.vite/deps/react-dom_client.js?v=68fe320d:12116
[   26545ms] [TIMESTAMP] Render @ http://localhost:5173/node_modules/.vite/deps/react-dom_client.js?v=68fe320d:3314
[   26545ms] [TIMESTAMP] Waiting for Paint @ http://localhost:5173/node_modules/.vite/deps/react-dom_client.js?v=68fe320d:13132
[   26545ms] [TIMESTAMP] AgentSidebar @ http://localhost:5173/node_modules/.vite/deps/react-dom_client.js?v=68fe320d:3200
[   26646ms] [TIMESTAMP] Blocking Track @ http://localhost:5173/node_modules/.vite/deps/react-dom_client.js?v=68fe320d:12095
[   26646ms] [TIMESTAMP] Transition Track @ http://localhost:5173/node_modules/.vite/deps/react-dom_client.js?v=68fe320d:12102
[   26646ms] [TIMESTAMP] Suspense Track @ http://localhost:5173/node_modules/.vite/deps/react-dom_client.js?v=68fe320d:12109
[   26646ms] [TIMESTAMP] Idle Track @ http://localhost:5173/node_modules/.vite/deps/react-dom_client.js?v=68fe320d:12116
[   26653ms] [TIMESTAMP] Render @ http://localhost:5173/node_modules/.vite/deps/react-dom_client.js?v=68fe320d:3314
[   26654ms] [TIMESTAMP] Commit @ http://localhost:5173/node_modules/.vite/deps/react-dom_client.js?v=68fe320d:12955
[   26654ms] [TIMESTAMP] AgentDashboard @ http://localhost:5173/node_modules/.vite/deps/react-dom_client.js?v=68fe320d:3200
[   26654ms] [TIMESTAMP] Remaining Effects @ http://localhost:5173/node_modules/.vite/deps/react-dom_client.js?v=68fe320d:13177
[   28549ms] [TIMESTAMP] Blocking Track @ http://localhost:5173/node_modules/.vite/deps/react-dom_client.js?v=68fe320d:12095
[   28549ms] [TIMESTAMP] Transition Track @ http://localhost:5173/node_modules/.vite/deps/react-dom_client.js?v=68fe320d:12102
[   28549ms] [TIMESTAMP] Suspense Track @ http://localhost:5173/node_modules/.vite/deps/react-dom_client.js?v=68fe320d:12109
[   28549ms] [TIMESTAMP] Idle Track @ http://localhost:5173/node_modules/.vite/deps/react-dom_client.js?v=68fe320d:12116
[   28551ms] [TIMESTAMP] Render @ http://localhost:5173/node_modules/.vite/deps/react-dom_client.js?v=68fe320d:3314
[   28551ms] [TIMESTAMP] AgentSidebar @ http://localhost:5173/node_modules/.vite/deps/react-dom_client.js?v=68fe320d:3200
[   28681ms] [TIMESTAMP] Blocking Track @ http://localhost:5173/node_modules/.vite/deps/react-dom_client.js?v=68fe320d:12095
[   28681ms] [TIMESTAMP] Transition Track @ http://localhost:5173/node_modules/.vite/deps/react-dom_client.js?v=68fe320d:12102
[   28681ms] [TIMESTAMP] Suspense Track @ http://localhost:5173/node_modules/.vite/deps/react-dom_client.js?v=68fe320d:12109
[   28681ms] [TIMESTAMP] Idle Track @ http://localhost:5173/node_modules/.vite/deps/react-dom_client.js?v=68fe320d:12116
[   28687ms] [TIMESTAMP] Render @ http://localhost:5173/node_modules/.vite/deps/react-dom_client.js?v=68fe320d:3314
[   28688ms] [TIMESTAMP] Commit @ http://localhost:5173/node_modules/.vite/deps/react-dom_client.js?v=68fe320d:12955
[   28688ms] [TIMESTAMP] AgentDashboard @ http://localhost:5173/node_modules/.vite/deps/react-dom_client.js?v=68fe320d:3200
[   28689ms] [TIMESTAMP] Remaining Effects @ http://localhost:5173/node_modules/.vite/deps/react-dom_client.js?v=68fe320d:13177
[   30557ms] [TIMESTAMP] Blocking Track @ http://localhost:5173/node_modules/.vite/deps/react-dom_client.js?v=68fe320d:12095
[   30558ms] [TIMESTAMP] Transition Track @ http://localhost:5173/node_modules/.vite/deps/react-dom_client.js?v=68fe320d:12102
[   30558ms] [TIMESTAMP] Suspense Track @ http://localhost:5173/node_modules/.vite/deps/react-dom_client.js?v=68fe320d:12109
[   30558ms] [TIMESTAMP] Idle Track @ http://localhost:5173/node_modules/.vite/deps/react-dom_client.js?v=68fe320d:12116
[   30560ms] [TIMESTAMP] Render @ http://localhost:5173/node_modules/.vite/deps/react-dom_client.js?v=68fe320d:3314
[   30560ms] [TIMESTAMP] Waiting for Paint @ http://localhost:5173/node_modules/.vite/deps/react-dom_client.js?v=68fe320d:13132
[   30560ms] [TIMESTAMP] AgentSidebar @ http://localhost:5173/node_modules/.vite/deps/react-dom_client.js?v=68fe320d:3200
[   31064ms] [TIMESTAMP] Blocking Track @ http://localhost:5173/node_modules/.vite/deps/react-dom_client.js?v=68fe320d:12095
[   31064ms] [TIMESTAMP] Transition Track @ http://localhost:5173/node_modules/.vite/deps/react-dom_client.js?v=68fe320d:12102
[   31064ms] [TIMESTAMP] Suspense Track @ http://localhost:5173/node_modules/.vite/deps/react-dom_client.js?v=68fe320d:12109
[   31064ms] [TIMESTAMP] Idle Track @ http://localhost:5173/node_modules/.vite/deps/react-dom_client.js?v=68fe320d:12116
[   31070ms] [TIMESTAMP] Render @ http://localhost:5173/node_modules/.vite/deps/react-dom_client.js?v=68fe320d:3314
[   31071ms] [TIMESTAMP] Commit @ http://localhost:5173/node_modules/.vite/deps/react-dom_client.js?v=68fe320d:12955
[   31071ms] [TIMESTAMP] AgentDashboard @ http://localhost:5173/node_modules/.vite/deps/react-dom_client.js?v=68fe320d:3200
[   32134ms] [TIMESTAMP] Blocking Track @ http://localhost:5173/node_modules/.vite/deps/react-dom_client.js?v=68fe320d:12095
[   32135ms] [TIMESTAMP] Transition Track @ http://localhost:5173/node_modules/.vite/deps/react-dom_client.js?v=68fe320d:12102
[   32135ms] [TIMESTAMP] Suspense Track @ http://localhost:5173/node_modules/.vite/deps/react-dom_client.js?v=68fe320d:12109
[   32135ms] [TIMESTAMP] Idle Track @ http://localhost:5173/node_modules/.vite/deps/react-dom_client.js?v=68fe320d:12116
[   32135ms] [TIMESTAMP] Commit @ http://localhost:5173/node_modules/.vite/deps/react-dom_client.js?v=68fe320d:12955
[   32135ms] [TIMESTAMP] Blocking Track @ http://localhost:5173/node_modules/.vite/deps/react-dom_client.js?v=68fe320d:12095
[   32135ms] [TIMESTAMP] Transition Track @ http://localhost:5173/node_modules/.vite/deps/react-dom_client.js?v=68fe320d:12102
[   32135ms] [TIMESTAMP] Suspense Track @ http://localhost:5173/node_modules/.vite/deps/react-dom_client.js?v=68fe320d:12109
[   32135ms] [TIMESTAMP] Idle Track @ http://localhost:5173/node_modules/.vite/deps/react-dom_client.js?v=68fe320d:12116
[   32135ms] [TIMESTAMP] Render @ http://localhost:5173/node_modules/.vite/deps/react-dom_client.js?v=68fe320d:3314
[   32567ms] [TIMESTAMP] Blocking Track @ http://localhost:5173/node_modules/.vite/deps/react-dom_client.js?v=68fe320d:12095
[   32567ms] [TIMESTAMP] Transition Track @ http://localhost:5173/node_modules/.vite/deps/react-dom_client.js?v=68fe320d:12102
[   32567ms] [TIMESTAMP] Suspense Track @ http://localhost:5173/node_modules/.vite/deps/react-dom_client.js?v=68fe320d:12109
[   32567ms] [TIMESTAMP] Idle Track @ http://localhost:5173/node_modules/.vite/deps/react-dom_client.js?v=68fe320d:12116
[   33368ms] [TIMESTAMP] Blocking Track @ http://localhost:5173/node_modules/.vite/deps/react-dom_client.js?v=68fe320d:12095
[   33368ms] [TIMESTAMP] Transition Track @ http://localhost:5173/node_modules/.vite/deps/react-dom_client.js?v=68fe320d:12102
[   33368ms] [TIMESTAMP] Suspense Track @ http://localhost:5173/node_modules/.vite/deps/react-dom_client.js?v=68fe320d:12109
[   33368ms] [TIMESTAMP] Idle Track @ http://localhost:5173/node_modules/.vite/deps/react-dom_client.js?v=68fe320d:12116
[   33375ms] [TIMESTAMP] Render @ http://localhost:5173/node_modules/.vite/deps/react-dom_client.js?v=68fe320d:3314
[   33375ms] [TIMESTAMP] Commit @ http://localhost:5173/node_modules/.vite/deps/react-dom_client.js?v=68fe320d:12955
[   33376ms] [TIMESTAMP] AgentDashboard @ http://localhost:5173/node_modules/.vite/deps/react-dom_client.js?v=68fe320d:3200
[   33376ms] [TIMESTAMP] Blocking Track @ http://localhost:5173/node_modules/.vite/deps/react-dom_client.js?v=68fe320d:12095
[   33376ms] [TIMESTAMP] Transition Track @ http://localhost:5173/node_modules/.vite/deps/react-dom_client.js?v=68fe320d:12102
[   33376ms] [TIMESTAMP] Suspense Track @ http://localhost:5173/node_modules/.vite/deps/react-dom_client.js?v=68fe320d:12109
[   33376ms] [TIMESTAMP] Idle Track @ http://localhost:5173/node_modules/.vite/deps/react-dom_client.js?v=68fe320d:12116
[   34574ms] [TIMESTAMP] Blocking Track @ http://localhost:5173/node_modules/.vite/deps/react-dom_client.js?v=68fe320d:12095
[   34574ms] [TIMESTAMP] Transition Track @ http://localhost:5173/node_modules/.vite/deps/react-dom_client.js?v=68fe320d:12102
[   34574ms] [TIMESTAMP] Suspense Track @ http://localhost:5173/node_modules/.vite/deps/react-dom_client.js?v=68fe320d:12109
[   34575ms] [TIMESTAMP] Idle Track @ http://localhost:5173/node_modules/.vite/deps/react-dom_client.js?v=68fe320d:12116
[   34576ms] [TIMESTAMP] Render @ http://localhost:5173/node_modules/.vite/deps/react-dom_client.js?v=68fe320d:3314
[   34576ms] [TIMESTAMP] AgentSidebar @ http://localhost:5173/node_modules/.vite/deps/react-dom_client.js?v=68fe320d:3200
[   35747ms] [TIMESTAMP] Blocking Track @ http://localhost:5173/node_modules/.vite/deps/react-dom_client.js?v=68fe320d:12095
[   35747ms] [TIMESTAMP] Transition Track @ http://localhost:5173/node_modules/.vite/deps/react-dom_client.js?v=68fe320d:12102
[   35747ms] [TIMESTAMP] Suspense Track @ http://localhost:5173/node_modules/.vite/deps/react-dom_client.js?v=68fe320d:12109
[   35747ms] [TIMESTAMP] Idle Track @ http://localhost:5173/node_modules/.vite/deps/react-dom_client.js?v=68fe320d:12116
[   35753ms] [TIMESTAMP] Render @ http://localhost:5173/node_modules/.vite/deps/react-dom_client.js?v=68fe320d:3314
[   35754ms] [TIMESTAMP] Commit @ http://localhost:5173/node_modules/.vite/deps/react-dom_client.js?v=68fe320d:12955
[   35754ms] [TIMESTAMP] AgentDashboard @ http://localhost:5173/node_modules/.vite/deps/react-dom_client.js?v=68fe320d:3200
[   36583ms] [TIMESTAMP] Blocking Track @ http://localhost:5173/node_modules/.vite/deps/react-dom_client.js?v=68fe320d:12095
[   36584ms] [TIMESTAMP] Transition Track @ http://localhost:5173/node_modules/.vite/deps/react-dom_client.js?v=68fe320d:12102
[   36584ms] [TIMESTAMP] Suspense Track @ http://localhost:5173/node_modules/.vite/deps/react-dom_client.js?v=68fe320d:12109
[   36584ms] [TIMESTAMP] Idle Track @ http://localhost:5173/node_modules/.vite/deps/react-dom_client.js?v=68fe320d:12116
[   36585ms] [TIMESTAMP] Render @ http://localhost:5173/node_modules/.vite/deps/react-dom_client.js?v=68fe320d:3314
[   36585ms] [TIMESTAMP] AgentSidebar @ http://localhost:5173/node_modules/.vite/deps/react-dom_client.js?v=68fe320d:3200
[   36585ms] [TIMESTAMP] Remaining Effects @ http://localhost:5173/node_modules/.vite/deps/react-dom_client.js?v=68fe320d:13177
[   38053ms] [TIMESTAMP] Blocking Track @ http://localhost:5173/node_modules/.vite/deps/react-dom_client.js?v=68fe320d:12095
[   38053ms] [TIMESTAMP] Transition Track @ http://localhost:5173/node_modules/.vite/deps/react-dom_client.js?v=68fe320d:12102
[   38053ms] [TIMESTAMP] Suspense Track @ http://localhost:5173/node_modules/.vite/deps/react-dom_client.js?v=68fe320d:12109
[   38053ms] [TIMESTAMP] Idle Track @ http://localhost:5173/node_modules/.vite/deps/react-dom_client.js?v=68fe320d:12116
[   38061ms] [TIMESTAMP] Render @ http://localhost:5173/node_modules/.vite/deps/react-dom_client.js?v=68fe320d:3314
[   38062ms] [TIMESTAMP] Commit @ http://localhost:5173/node_modules/.vite/deps/react-dom_client.js?v=68fe320d:12955
[   38062ms] [TIMESTAMP] Waiting @ http://localhost:5173/node_modules/.vite/deps/react-dom_client.js?v=68fe320d:13132
[   38062ms] [TIMESTAMP] AgentDashboard @ http://localhost:5173/node_modules/.vite/deps/react-dom_client.js?v=68fe320d:3200
[   38631ms] [TIMESTAMP] Blocking Track @ http://localhost:5173/node_modules/.vite/deps/react-dom_client.js?v=68fe320d:12095
[   38631ms] [TIMESTAMP] Transition Track @ http://localhost:5173/node_modules/.vite/deps/react-dom_client.js?v=68fe320d:12102
[   38631ms] [TIMESTAMP] Suspense Track @ http://localhost:5173/node_modules/.vite/deps/react-dom_client.js?v=68fe320d:12109
[   38632ms] [TIMESTAMP] Idle Track @ http://localhost:5173/node_modules/.vite/deps/react-dom_client.js?v=68fe320d:12116
[   38633ms] [TIMESTAMP] Render @ http://localhost:5173/node_modules/.vite/deps/react-dom_client.js?v=68fe320d:3314
[   38633ms] [TIMESTAMP] Commit @ http://localhost:5173/node_modules/.vite/deps/react-dom_client.js?v=68fe320d:12955
[   38634ms] [TIMESTAMP] AgentSidebar @ http://localhost:5173/node_modules/.vite/deps/react-dom_client.js?v=68fe320d:3200
[   40106ms] [TIMESTAMP] Blocking Track @ http://localhost:5173/node_modules/.vite/deps/react-dom_client.js?v=68fe320d:12095
[   40106ms] [TIMESTAMP] Transition Track @ http://localhost:5173/node_modules/.vite/deps/react-dom_client.js?v=68fe320d:12102
[   40107ms] [TIMESTAMP] Suspense Track @ http://localhost:5173/node_modules/.vite/deps/react-dom_client.js?v=68fe320d:12109
[   40107ms] [TIMESTAMP] Idle Track @ http://localhost:5173/node_modules/.vite/deps/react-dom_client.js?v=68fe320d:12116
[   40115ms] [TIMESTAMP] Render @ http://localhost:5173/node_modules/.vite/deps/react-dom_client.js?v=68fe320d:3314
[   40116ms] [TIMESTAMP] Commit @ http://localhost:5173/node_modules/.vite/deps/react-dom_client.js?v=68fe320d:12955
[   40116ms] [TIMESTAMP] AgentDashboard @ http://localhost:5173/node_modules/.vite/deps/react-dom_client.js?v=68fe320d:3200
[   40640ms] [TIMESTAMP] Blocking Track @ http://localhost:5173/node_modules/.vite/deps/react-dom_client.js?v=68fe320d:12095
[   40641ms] [TIMESTAMP] Transition Track @ http://localhost:5173/node_modules/.vite/deps/react-dom_client.js?v=68fe320d:12102
[   40641ms] [TIMESTAMP] Suspense Track @ http://localhost:5173/node_modules/.vite/deps/react-dom_client.js?v=68fe320d:12109
[   40641ms] [TIMESTAMP] Idle Track @ http://localhost:5173/node_modules/.vite/deps/react-dom_client.js?v=68fe320d:12116
[   40642ms] [TIMESTAMP] Render @ http://localhost:5173/node_modules/.vite/deps/react-dom_client.js?v=68fe320d:3314
[   40643ms] [TIMESTAMP] AgentSidebar @ http://localhost:5173/node_modules/.vite/deps/react-dom_client.js?v=68fe320d:3200
[   42306ms] [TIMESTAMP] Blocking Track @ http://localhost:5173/node_modules/.vite/deps/react-dom_client.js?v=68fe320d:12095
[   42306ms] [TIMESTAMP] Transition Track @ http://localhost:5173/node_modules/.vite/deps/react-dom_client.js?v=68fe320d:12102
[   42306ms] [TIMESTAMP] Suspense Track @ http://localhost:5173/node_modules/.vite/deps/react-dom_client.js?v=68fe320d:12109
[   42306ms] [TIMESTAMP] Idle Track @ http://localhost:5173/node_modules/.vite/deps/react-dom_client.js?v=68fe320d:12116
[   42313ms] [TIMESTAMP] Render @ http://localhost:5173/node_modules/.vite/deps/react-dom_client.js?v=68fe320d:3314
[   42313ms] [TIMESTAMP] Commit @ http://localhost:5173/node_modules/.vite/deps/react-dom_client.js?v=68fe320d:12955
[   42314ms] [TIMESTAMP] AgentDashboard @ http://localhost:5173/node_modules/.vite/deps/react-dom_client.js?v=68fe320d:3200
[   42648ms] [TIMESTAMP] Blocking Track @ http://localhost:5173/node_modules/.vite/deps/react-dom_client.js?v=68fe320d:12095
[   42648ms] [TIMESTAMP] Transition Track @ http://localhost:5173/node_modules/.vite/deps/react-dom_client.js?v=68fe320d:12102
[   42648ms] [TIMESTAMP] Suspense Track @ http://localhost:5173/node_modules/.vite/deps/react-dom_client.js?v=68fe320d:12109
[   42648ms] [TIMESTAMP] Idle Track @ http://localhost:5173/node_modules/.vite/deps/react-dom_client.js?v=68fe320d:12116
[   42650ms] [TIMESTAMP] Render @ http://localhost:5173/node_modules/.vite/deps/react-dom_client.js?v=68fe320d:3314
[   42651ms] [TIMESTAMP] AgentSidebar @ http://localhost:5173/node_modules/.vite/deps/react-dom_client.js?v=68fe320d:3200
[   42651ms] [TIMESTAMP] Remaining Effects @ http://localhost:5173/node_modules/.vite/deps/react-dom_client.js?v=68fe320d:13177
[   44656ms] [TIMESTAMP] Blocking Track @ http://localhost:5173/node_modules/.vite/deps/react-dom_client.js?v=68fe320d:12095
[   44656ms] [TIMESTAMP] Transition Track @ http://localhost:5173/node_modules/.vite/deps/react-dom_client.js?v=68fe320d:12102
[   44656ms] [TIMESTAMP] Suspense Track @ http://localhost:5173/node_modules/.vite/deps/react-dom_client.js?v=68fe320d:12109
[   44656ms] [TIMESTAMP] Idle Track @ http://localhost:5173/node_modules/.vite/deps/react-dom_client.js?v=68fe320d:12116
[   44666ms] [TIMESTAMP] Render @ http://localhost:5173/node_modules/.vite/deps/react-dom_client.js?v=68fe320d:3314
[   44667ms] [TIMESTAMP] Commit @ http://localhost:5173/node_modules/.vite/deps/react-dom_client.js?v=68fe320d:12955
[   44668ms] [TIMESTAMP] AgentDashboard @ http://localhost:5173/node_modules/.vite/deps/react-dom_client.js?v=68fe320d:3200
[   44669ms] [TIMESTAMP] Blocking Track @ http://localhost:5173/node_modules/.vite/deps/react-dom_client.js?v=68fe320d:12095
[   44669ms] [TIMESTAMP] Transition Track @ http://localhost:5173/node_modules/.vite/deps/react-dom_client.js?v=68fe320d:12102
[   44669ms] [TIMESTAMP] Suspense Track @ http://localhost:5173/node_modules/.vite/deps/react-dom_client.js?v=68fe320d:12109
[   44669ms] [TIMESTAMP] Idle Track @ http://localhost:5173/node_modules/.vite/deps/react-dom_client.js?v=68fe320d:12116
[   44671ms] [TIMESTAMP] Render @ http://localhost:5173/node_modules/.vite/deps/react-dom_client.js?v=68fe320d:3314
[   44672ms] [TIMESTAMP] AgentSidebar @ http://localhost:5173/node_modules/.vite/deps/react-dom_client.js?v=68fe320d:3200
[   46658ms] [TIMESTAMP] Blocking Track @ http://localhost:5173/node_modules/.vite/deps/react-dom_client.js?v=68fe320d:12095
[   46658ms] [TIMESTAMP] Transition Track @ http://localhost:5173/node_modules/.vite/deps/react-dom_client.js?v=68fe320d:12102
[   46658ms] [TIMESTAMP] Suspense Track @ http://localhost:5173/node_modules/.vite/deps/react-dom_client.js?v=68fe320d:12109
[   46658ms] [TIMESTAMP] Idle Track @ http://localhost:5173/node_modules/.vite/deps/react-dom_client.js?v=68fe320d:12116
[   46659ms] [TIMESTAMP] Render @ http://localhost:5173/node_modules/.vite/deps/react-dom_client.js?v=68fe320d:3314
[   46660ms] [TIMESTAMP] Waiting for Paint @ http://localhost:5173/node_modules/.vite/deps/react-dom_client.js?v=68fe320d:13132
[   46660ms] [TIMESTAMP] AgentSidebar @ http://localhost:5173/node_modules/.vite/deps/react-dom_client.js?v=68fe320d:3200
[   46711ms] [TIMESTAMP] Blocking Track @ http://localhost:5173/node_modules/.vite/deps/react-dom_client.js?v=68fe320d:12095
[   46711ms] [TIMESTAMP] Transition Track @ http://localhost:5173/node_modules/.vite/deps/react-dom_client.js?v=68fe320d:12102
[   46711ms] [TIMESTAMP] Suspense Track @ http://localhost:5173/node_modules/.vite/deps/react-dom_client.js?v=68fe320d:12109
[   46711ms] [TIMESTAMP] Idle Track @ http://localhost:5173/node_modules/.vite/deps/react-dom_client.js?v=68fe320d:12116
[   46717ms] [TIMESTAMP] Render @ http://localhost:5173/node_modules/.vite/deps/react-dom_client.js?v=68fe320d:3314
[   46718ms] [TIMESTAMP] Commit @ http://localhost:5173/node_modules/.vite/deps/react-dom_client.js?v=68fe320d:12955
[   46718ms] [TIMESTAMP] AgentDashboard @ http://localhost:5173/node_modules/.vite/deps/react-dom_client.js?v=68fe320d:3200
[   48665ms] [TIMESTAMP] Blocking Track @ http://localhost:5173/node_modules/.vite/deps/react-dom_client.js?v=68fe320d:12095
[   48666ms] [TIMESTAMP] Transition Track @ http://localhost:5173/node_modules/.vite/deps/react-dom_client.js?v=68fe320d:12102
[   48666ms] [TIMESTAMP] Suspense Track @ http://localhost:5173/node_modules/.vite/deps/react-dom_client.js?v=68fe320d:12109
[   48666ms] [TIMESTAMP] Idle Track @ http://localhost:5173/node_modules/.vite/deps/react-dom_client.js?v=68fe320d:12116
[   48667ms] [TIMESTAMP] Render @ http://localhost:5173/node_modules/.vite/deps/react-dom_client.js?v=68fe320d:3314
[   48667ms] [TIMESTAMP] AgentSidebar @ http://localhost:5173/node_modules/.vite/deps/react-dom_client.js?v=68fe320d:3200
[   49202ms] [TIMESTAMP] Blocking Track @ http://localhost:5173/node_modules/.vite/deps/react-dom_client.js?v=68fe320d:12095
[   49202ms] [TIMESTAMP] Transition Track @ http://localhost:5173/node_modules/.vite/deps/react-dom_client.js?v=68fe320d:12102
[   49202ms] [TIMESTAMP] Suspense Track @ http://localhost:5173/node_modules/.vite/deps/react-dom_client.js?v=68fe320d:12109
[   49202ms] [TIMESTAMP] Idle Track @ http://localhost:5173/node_modules/.vite/deps/react-dom_client.js?v=68fe320d:12116
[   49209ms] [TIMESTAMP] Render @ http://localhost:5173/node_modules/.vite/deps/react-dom_client.js?v=68fe320d:3314
[   49210ms] [TIMESTAMP] Commit @ http://localhost:5173/node_modules/.vite/deps/react-dom_client.js?v=68fe320d:12955
[   49210ms] [TIMESTAMP] AgentDashboard @ http://localhost:5173/node_modules/.vite/deps/react-dom_client.js?v=68fe320d:3200
[   49210ms] [TIMESTAMP] Remaining Effects @ http://localhost:5173/node_modules/.vite/deps/react-dom_client.js?v=68fe320d:13177
[   49211ms] [TIMESTAMP] Blocking Track @ http://localhost:5173/node_modules/.vite/deps/react-dom_client.js?v=68fe320d:12095
[   49211ms] [TIMESTAMP] Transition Track @ http://localhost:5173/node_modules/.vite/deps/react-dom_client.js?v=68fe320d:12102
[   49211ms] [TIMESTAMP] Suspense Track @ http://localhost:5173/node_modules/.vite/deps/react-dom_client.js?v=68fe320d:12109
[   49211ms] [TIMESTAMP] Idle Track @ http://localhost:5173/node_modules/.vite/deps/react-dom_client.js?v=68fe320d:12116
[   50675ms] [TIMESTAMP] Blocking Track @ http://localhost:5173/node_modules/.vite/deps/react-dom_client.js?v=68fe320d:12095
[   50676ms] [TIMESTAMP] Transition Track @ http://localhost:5173/node_modules/.vite/deps/react-dom_client.js?v=68fe320d:12102
[   50676ms] [TIMESTAMP] Suspense Track @ http://localhost:5173/node_modules/.vite/deps/react-dom_client.js?v=68fe320d:12109
[   50676ms] [TIMESTAMP] Idle Track @ http://localhost:5173/node_modules/.vite/deps/react-dom_client.js?v=68fe320d:12116
[   50677ms] [TIMESTAMP] Render @ http://localhost:5173/node_modules/.vite/deps/react-dom_client.js?v=68fe320d:3314
[   50678ms] [TIMESTAMP] AgentSidebar @ http://localhost:5173/node_modules/.vite/deps/react-dom_client.js?v=68fe320d:3200
[   51286ms] [TIMESTAMP] Blocking Track @ http://localhost:5173/node_modules/.vite/deps/react-dom_client.js?v=68fe320d:12095
[   51287ms] [TIMESTAMP] Transition Track @ http://localhost:5173/node_modules/.vite/deps/react-dom_client.js?v=68fe320d:12102
[   51287ms] [TIMESTAMP] Suspense Track @ http://localhost:5173/node_modules/.vite/deps/react-dom_client.js?v=68fe320d:12109
[   51287ms] [TIMESTAMP] Idle Track @ http://localhost:5173/node_modules/.vite/deps/react-dom_client.js?v=68fe320d:12116
[   51293ms] [TIMESTAMP] Render @ http://localhost:5173/node_modules/.vite/deps/react-dom_client.js?v=68fe320d:3314
[   51294ms] [TIMESTAMP] AgentDashboard @ http://localhost:5173/node_modules/.vite/deps/react-dom_client.js?v=68fe320d:3200
