[       6ms] [ERROR] [JavaScript Error: "Firefox can’t establish a connection to the server at http://localhost:5173/api/agents/events/stream." {file: "http://localhost:5173/src/agent-status/hooks/useEventStream.ts" line: 11}] @ http://localhost:5173/src/agent-status/hooks/useEventStream.ts:11
[       7ms] [TIMESTAMP] Blocking Track @ http://localhost:5173/node_modules/.vite/deps/react-dom_client.js?v=68fe320d:12095
[       7ms] [TIMESTAMP] Transition Track @ http://localhost:5173/node_modules/.vite/deps/react-dom_client.js?v=68fe320d:12102
[       7ms] [TIMESTAMP] Suspense Track @ http://localhost:5173/node_modules/.vite/deps/react-dom_client.js?v=68fe320d:12109
[       7ms] [TIMESTAMP] Idle Track @ http://localhost:5173/node_modules/.vite/deps/react-dom_client.js?v=68fe320d:12116
[      10ms] [TIMESTAMP] Render @ http://localhost:5173/node_modules/.vite/deps/react-dom_client.js?v=68fe320d:3314
[      11ms] [TIMESTAMP] Commit @ http://localhost:5173/node_modules/.vite/deps/react-dom_client.js?v=68fe320d:12955
[      11ms] [TIMESTAMP] ChatPanel @ http://localhost:5173/node_modules/.vite/deps/react-dom_client.js?v=68fe320d:3200
[     197ms] [INFO] Download the React DevTools for a better development experience: https://react.dev/link/react-devtools @ http://localhost:5173/node_modules/.vite/deps/react-dom_client.js?v=68fe320d:20102
[     223ms] [TIMESTAMP] Blocking Track @ http://localhost:5173/node_modules/.vite/deps/react-dom_client.js?v=68fe320d:12095
[     223ms] [TIMESTAMP] Transition Track @ http://localhost:5173/node_modules/.vite/deps/react-dom_client.js?v=68fe320d:12102
[     223ms] [TIMESTAMP] Suspense Track @ http://localhost:5173/node_modules/.vite/deps/react-dom_client.js?v=68fe320d:12109
[     223ms] [TIMESTAMP] Idle Track @ http://localhost:5173/node_modules/.vite/deps/react-dom_client.js?v=68fe320d:12116
[     236ms] [TIMESTAMP] Render @ http://localhost:5173/node_modules/.vite/deps/react-dom_client.js?v=68fe320d:3314
[     236ms] [TIMESTAMP] Commit @ http://localhost:5173/node_modules/.vite/deps/react-dom_client.js?v=68fe320d:12955
[     245ms] [TIMESTAMP] Waiting for Paint @ http://localhost:5173/node_modules/.vite/deps/react-dom_client.js?v=68fe320d:13132
[     245ms] [TIMESTAMP] App @ http://localhost:5173/node_modules/.vite/deps/react-dom_client.js?v=68fe320d:3200
[     245ms] [TIMESTAMP] ThemeToggle @ http://localhost:5173/node_modules/.vite/deps/react-dom_client.js?v=68fe320d:3200
[     245ms] [TIMESTAMP] AgentSidebar @ http://localhost:5173/node_modules/.vite/deps/react-dom_client.js?v=68fe320d:3200
[     245ms] [TIMESTAMP] ChatPanel @ http://localhost:5173/node_modules/.vite/deps/react-dom_client.js?v=68fe320d:3200
[     245ms] [TIMESTAMP] AgentDashboard @ http://localhost:5173/node_modules/.vite/deps/react-dom_client.js?v=68fe320d:3200
[     245ms] [TIMESTAMP] DashboardHeader @ http://localhost:5173/node_modules/.vite/deps/react-dom_client.js?v=68fe320d:3200
[     245ms] [TIMESTAMP] HealthIndicator @ http://localhost:5173/node_modules/.vite/deps/react-dom_client.js?v=68fe320d:3200
[     245ms] [TIMESTAMP] ForwardRef(CheckCircleIcon) @ http://localhost:5173/node_modules/.vite/deps/react-dom_client.js?v=68fe320d:3200
[     245ms] [TIMESTAMP] ThemeToggle @ http://localhost:5173/node_modules/.vite/deps/react-dom_client.js?v=68fe320d:3200
[     245ms] [TIMESTAMP] DashboardLayout @ http://localhost:5173/node_modules/.vite/deps/react-dom_client.js?v=68fe320d:3200
[     245ms] [TIMESTAMP] FilterBar @ http://localhost:5173/node_modules/.vite/deps/react-dom_client.js?v=68fe320d:3200
[     245ms] [TIMESTAMP] AgentTable @ http://localhost:5173/node_modules/.vite/deps/react-dom_client.js?v=68fe320d:3200
[     245ms] [TIMESTAMP] Sidebar @ http://localhost:5173/node_modules/.vite/deps/react-dom_client.js?v=68fe320d:3200
[     245ms] [TIMESTAMP] EventLogFeed @ http://localhost:5173/node_modules/.vite/deps/react-dom_client.js?v=68fe320d:3200
[     245ms] [TIMESTAMP] AgentDetailPanel @ http://localhost:5173/node_modules/.vite/deps/react-dom_client.js?v=68fe320d:3200
[     245ms] [TIMESTAMP] DashboardFooter @ http://localhost:5173/node_modules/.vite/deps/react-dom_client.js?v=68fe320d:3200
[     246ms] [TIMESTAMP] MemoryGraphTab @ http://localhost:5173/node_modules/.vite/deps/react-dom_client.js?v=68fe320d:3200
[     246ms] [TIMESTAMP] VaultTab @ http://localhost:5173/node_modules/.vite/deps/react-dom_client.js?v=68fe320d:3200
[     246ms] [TIMESTAMP] VaultFileViewer @ http://localhost:5173/node_modules/.vite/deps/react-dom_client.js?v=68fe320d:3200
[     246ms] [TIMESTAMP] SessionsPanel @ http://localhost:5173/node_modules/.vite/deps/react-dom_client.js?v=68fe320d:3200
[     246ms] [TIMESTAMP] ObservabilityTab @ http://localhost:5173/node_modules/.vite/deps/react-dom_client.js?v=68fe320d:3200
[     246ms] [TIMESTAMP] ObservabilityTab @ http://localhost:5173/node_modules/.vite/deps/react-dom_client.js?v=68fe320d:3291
[     250ms] [TIMESTAMP] AgentDashboard @ http://localhost:5173/node_modules/.vite/deps/react-dom_client.js?v=68fe320d:3291
[     252ms] [TIMESTAMP] Remaining Effects @ http://localhost:5173/node_modules/.vite/deps/react-dom_client.js?v=68fe320d:13177
[     252ms] [ERROR] [JavaScript Error: "Firefox can’t establish a connection to the server at ws://localhost:5173/ws." {file: "http://localhost:5173/src/hooks/useWebSocket.ts" line: 36}] @ http://localhost:5173/src/hooks/useWebSocket.ts:36
[     278ms] [ERROR] [JavaScript Error: "The connection to ws://localhost:5173/ws was interrupted while the page was loading." {file: "http://localhost:5173/src/hooks/useWebSocket.ts" line: 36}] @ http://localhost:5173/src/hooks/useWebSocket.ts:36
[     279ms] [TIMESTAMP] Blocking Track @ http://localhost:5173/node_modules/.vite/deps/react-dom_client.js?v=68fe320d:12095
[     279ms] [TIMESTAMP] Transition Track @ http://localhost:5173/node_modules/.vite/deps/react-dom_client.js?v=68fe320d:12102
[     279ms] [TIMESTAMP] Suspense Track @ http://localhost:5173/node_modules/.vite/deps/react-dom_client.js?v=68fe320d:12109
[     279ms] [TIMESTAMP] Idle Track @ http://localhost:5173/node_modules/.vite/deps/react-dom_client.js?v=68fe320d:12116
[     279ms] [TIMESTAMP] Render @ http://localhost:5173/node_modules/.vite/deps/react-dom_client.js?v=68fe320d:3314
[     279ms] [TIMESTAMP] Commit @ http://localhost:5173/node_modules/.vite/deps/react-dom_client.js?v=68fe320d:12955
[     287ms] [TIMESTAMP] Waiting for Paint @ http://localhost:5173/node_modules/.vite/deps/react-dom_client.js?v=68fe320d:13132
[     287ms] [TIMESTAMP] AgentSidebar @ http://localhost:5173/node_modules/.vite/deps/react-dom_client.js?v=68fe320d:3200
[     287ms] [TIMESTAMP] AgentCard @ http://localhost:5173/node_modules/.vite/deps/react-dom_client.js?v=68fe320d:3200
[     287ms] [TIMESTAMP] AgentCard @ http://localhost:5173/node_modules/.vite/deps/react-dom_client.js?v=68fe320d:3291
[     287ms] [TIMESTAMP] AgentCard @ http://localhost:5173/node_modules/.vite/deps/react-dom_client.js?v=68fe320d:3200
[     287ms] [TIMESTAMP] AgentCard @ http://localhost:5173/node_modules/.vite/deps/react-dom_client.js?v=68fe320d:3200
[     287ms] [TIMESTAMP] AgentCard @ http://localhost:5173/node_modules/.vite/deps/react-dom_client.js?v=68fe320d:3200
[     287ms] [TIMESTAMP] AgentCard @ http://localhost:5173/node_modules/.vite/deps/react-dom_client.js?v=68fe320d:3200
[     287ms] [TIMESTAMP] AgentCard @ http://localhost:5173/node_modules/.vite/deps/react-dom_client.js?v=68fe320d:3200
[     287ms] [TIMESTAMP] AgentCard @ http://localhost:5173/node_modules/.vite/deps/react-dom_client.js?v=68fe320d:3200
[     287ms] [TIMESTAMP] AgentCard @ http://localhost:5173/node_modules/.vite/deps/react-dom_client.js?v=68fe320d:3200
[     287ms] [TIMESTAMP] AgentCard @ http://localhost:5173/node_modules/.vite/deps/react-dom_client.js?v=68fe320d:3200
[     287ms] [TIMESTAMP] AgentCard @ http://localhost:5173/node_modules/.vite/deps/react-dom_client.js?v=68fe320d:3200
[     287ms] [TIMESTAMP] AgentCard @ http://localhost:5173/node_modules/.vite/deps/react-dom_client.js?v=68fe320d:3291
[     287ms] [TIMESTAMP] Remaining Effects @ http://localhost:5173/node_modules/.vite/deps/react-dom_client.js?v=68fe320d:13177
[     287ms] [TIMESTAMP] Blocking Track @ http://localhost:5173/node_modules/.vite/deps/react-dom_client.js?v=68fe320d:12095
[     287ms] [TIMESTAMP] Transition Track @ http://localhost:5173/node_modules/.vite/deps/react-dom_client.js?v=68fe320d:12102
[     287ms] [TIMESTAMP] Suspense Track @ http://localhost:5173/node_modules/.vite/deps/react-dom_client.js?v=68fe320d:12109
[     287ms] [TIMESTAMP] Idle Track @ http://localhost:5173/node_modules/.vite/deps/react-dom_client.js?v=68fe320d:12116
[     287ms] [TIMESTAMP] Render @ http://localhost:5173/node_modules/.vite/deps/react-dom_client.js?v=68fe320d:3314
[     287ms] [TIMESTAMP] Commit @ http://localhost:5173/node_modules/.vite/deps/react-dom_client.js?v=68fe320d:12955
[     292ms] [TIMESTAMP] AgentCard @ http://localhost:5173/node_modules/.vite/deps/react-dom_client.js?v=68fe320d:3200
[     294ms] [TIMESTAMP] AgentCard @ http://localhost:5173/node_modules/.vite/deps/react-dom_client.js?v=68fe320d:3200
[     294ms] [TIMESTAMP] AgentCard @ http://localhost:5173/node_modules/.vite/deps/react-dom_client.js?v=68fe320d:3200
[     294ms] [TIMESTAMP] AgentCard @ http://localhost:5173/node_modules/.vite/deps/react-dom_client.js?v=68fe320d:3200
[     294ms] [TIMESTAMP] AgentCard @ http://localhost:5173/node_modules/.vite/deps/react-dom_client.js?v=68fe320d:3200
[     295ms] [TIMESTAMP] AgentCard @ http://localhost:5173/node_modules/.vite/deps/react-dom_client.js?v=68fe320d:3200
[     295ms] [TIMESTAMP] AgentCard @ http://localhost:5173/node_modules/.vite/deps/react-dom_client.js?v=68fe320d:3200
[     295ms] [TIMESTAMP] AgentCard @ http://localhost:5173/node_modules/.vite/deps/react-dom_client.js?v=68fe320d:3200
[     295ms] [TIMESTAMP] AgentCard @ http://localhost:5173/node_modules/.vite/deps/react-dom_client.js?v=68fe320d:3200
[     295ms] [TIMESTAMP] AgentCard @ http://localhost:5173/node_modules/.vite/deps/react-dom_client.js?v=68fe320d:3200
[     295ms] [TIMESTAMP] Remaining Effects @ http://localhost:5173/node_modules/.vite/deps/react-dom_client.js?v=68fe320d:13177
[     531ms] [TIMESTAMP] Blocking Track @ http://localhost:5173/node_modules/.vite/deps/react-dom_client.js?v=68fe320d:12095
[     532ms] [TIMESTAMP] Transition Track @ http://localhost:5173/node_modules/.vite/deps/react-dom_client.js?v=68fe320d:12102
[     532ms] [TIMESTAMP] Suspense Track @ http://localhost:5173/node_modules/.vite/deps/react-dom_client.js?v=68fe320d:12109
[     532ms] [TIMESTAMP] Idle Track @ http://localhost:5173/node_modules/.vite/deps/react-dom_client.js?v=68fe320d:12116
[     559ms] [TIMESTAMP] Render @ http://localhost:5173/node_modules/.vite/deps/react-dom_client.js?v=68fe320d:3314
[     560ms] [TIMESTAMP] Commit @ http://localhost:5173/node_modules/.vite/deps/react-dom_client.js?v=68fe320d:12955
[     563ms] [TIMESTAMP] Waiting for Paint @ http://localhost:5173/node_modules/.vite/deps/react-dom_client.js?v=68fe320d:13132
[     563ms] [TIMESTAMP] MemoryGraphTab @ http://localhost:5173/node_modules/.vite/deps/react-dom_client.js?v=68fe320d:3200
[     564ms] [TIMESTAMP] ScatterPlot @ http://localhost:5173/node_modules/.vite/deps/react-dom_client.js?v=68fe320d:3200
[     564ms] [TIMESTAMP] ClusterLegend @ http://localhost:5173/node_modules/.vite/deps/react-dom_client.js?v=68fe320d:3200
[     564ms] [TIMESTAMP] Remaining Effects @ http://localhost:5173/node_modules/.vite/deps/react-dom_client.js?v=68fe320d:13177
[     569ms] [TIMESTAMP] Blocking Track @ http://localhost:5173/node_modules/.vite/deps/react-dom_client.js?v=68fe320d:12095
[     569ms] [TIMESTAMP] Transition Track @ http://localhost:5173/node_modules/.vite/deps/react-dom_client.js?v=68fe320d:12102
[     569ms] [TIMESTAMP] Suspense Track @ http://localhost:5173/node_modules/.vite/deps/react-dom_client.js?v=68fe320d:12109
[     570ms] [TIMESTAMP] Idle Track @ http://localhost:5173/node_modules/.vite/deps/react-dom_client.js?v=68fe320d:12116
[     579ms] [TIMESTAMP] Render @ http://localhost:5173/node_modules/.vite/deps/react-dom_client.js?v=68fe320d:3314
[     591ms] [TIMESTAMP] Commit @ http://localhost:5173/node_modules/.vite/deps/react-dom_client.js?v=68fe320d:12955
[     598ms] [TIMESTAMP] Waiting for Paint @ http://localhost:5173/node_modules/.vite/deps/react-dom_client.js?v=68fe320d:13132
[     599ms] [TIMESTAMP] ScatterPlot @ http://localhost:5173/node_modules/.vite/deps/react-dom_client.js?v=68fe320d:3200
[     599ms] [TIMESTAMP] Remaining Effects @ http://localhost:5173/node_modules/.vite/deps/react-dom_client.js?v=68fe320d:13177
[     599ms] [TIMESTAMP] Blocking Track @ http://localhost:5173/node_modules/.vite/deps/react-dom_client.js?v=68fe320d:12095
[     599ms] [TIMESTAMP] Transition Track @ http://localhost:5173/node_modules/.vite/deps/react-dom_client.js?v=68fe320d:12102
[     599ms] [TIMESTAMP] Suspense Track @ http://localhost:5173/node_modules/.vite/deps/react-dom_client.js?v=68fe320d:12109
[     599ms] [TIMESTAMP] Idle Track @ http://localhost:5173/node_modules/.vite/deps/react-dom_client.js?v=68fe320d:12116
[     622ms] [TIMESTAMP] Render @ http://localhost:5173/node_modules/.vite/deps/react-dom_client.js?v=68fe320d:3314
[     622ms] [TIMESTAMP] Commit @ http://localhost:5173/node_modules/.vite/deps/react-dom_client.js?v=68fe320d:12955
[     622ms] [TIMESTAMP] Waiting @ http://localhost:5173/node_modules/.vite/deps/react-dom_client.js?v=68fe320d:13132
[     622ms] [TIMESTAMP] AgentDashboard @ http://localhost:5173/node_modules/.vite/deps/react-dom_client.js?v=68fe320d:3200
[     622ms] [TIMESTAMP] AgentRow @ http://localhost:5173/node_modules/.vite/deps/react-dom_client.js?v=68fe320d:3200
[     622ms] [TIMESTAMP] TimestampCell @ http://localhost:5173/node_modules/.vite/deps/react-dom_client.js?v=68fe320d:3200
[     622ms] [TIMESTAMP] TimestampCell @ http://localhost:5173/node_modules/.vite/deps/react-dom_client.js?v=68fe320d:3291
[     622ms] [TIMESTAMP] AgentRow @ http://localhost:5173/node_modules/.vite/deps/react-dom_client.js?v=68fe320d:3200
[     622ms] [TIMESTAMP] TimestampCell @ http://localhost:5173/node_modules/.vite/deps/react-dom_client.js?v=68fe320d:3200
[     623ms] [TIMESTAMP] AgentRow @ http://localhost:5173/node_modules/.vite/deps/react-dom_client.js?v=68fe320d:3200
[     623ms] [TIMESTAMP] HealthIndicator @ http://localhost:5173/node_modules/.vite/deps/react-dom_client.js?v=68fe320d:3200
[     623ms] [TIMESTAMP] TimestampCell @ http://localhost:5173/node_modules/.vite/deps/react-dom_client.js?v=68fe320d:3200
[     623ms] [TIMESTAMP] AgentRow @ http://localhost:5173/node_modules/.vite/deps/react-dom_client.js?v=68fe320d:3200
[     623ms] [TIMESTAMP] TimestampCell @ http://localhost:5173/node_modules/.vite/deps/react-dom_client.js?v=68fe320d:3200
[     623ms] [TIMESTAMP] AgentRow @ http://localhost:5173/node_modules/.vite/deps/react-dom_client.js?v=68fe320d:3200
[     623ms] [TIMESTAMP] ModelTag @ http://localhost:5173/node_modules/.vite/deps/react-dom_client.js?v=68fe320d:3200
[     623ms] [TIMESTAMP] TimestampCell @ http://localhost:5173/node_modules/.vite/deps/react-dom_client.js?v=68fe320d:3200
[     623ms] [TIMESTAMP] AgentRow @ http://localhost:5173/node_modules/.vite/deps/react-dom_client.js?v=68fe320d:3200
[     623ms] [TIMESTAMP] ModelTag @ http://localhost:5173/node_modules/.vite/deps/react-dom_client.js?v=68fe320d:3200
[     623ms] [TIMESTAMP] TimestampCell @ http://localhost:5173/node_modules/.vite/deps/react-dom_client.js?v=68fe320d:3200
[     624ms] [TIMESTAMP] AgentRow @ http://localhost:5173/node_modules/.vite/deps/react-dom_client.js?v=68fe320d:3200
[     624ms] [TIMESTAMP] HealthIndicator @ http://localhost:5173/node_modules/.vite/deps/react-dom_client.js?v=68fe320d:3200
[     624ms] [TIMESTAMP] ForwardRef(CheckCircleIcon) @ http://localhost:5173/node_modules/.vite/deps/react-dom_client.js?v=68fe320d:3200
[     624ms] [TIMESTAMP] TimestampCell @ http://localhost:5173/node_modules/.vite/deps/react-dom_client.js?v=68fe320d:3200
[     624ms] [TIMESTAMP] AgentRow @ http://localhost:5173/node_modules/.vite/deps/react-dom_client.js?v=68fe320d:3200
[     630ms] [TIMESTAMP] HealthIndicator @ http://localhost:5173/node_modules/.vite/deps/react-dom_client.js?v=68fe320d:3200
[     630ms] [TIMESTAMP] ForwardRef(XCircleIcon) @ http://localhost:5173/node_modules/.vite/deps/react-dom_client.js?v=68fe320d:3200
[     630ms] [TIMESTAMP] TimestampCell @ http://localhost:5173/node_modules/.vite/deps/react-dom_client.js?v=68fe320d:3200
[     630ms] [TIMESTAMP] AgentRow @ http://localhost:5173/node_modules/.vite/deps/react-dom_client.js?v=68fe320d:3200
[     630ms] [TIMESTAMP] StatusBadge @ http://localhost:5173/node_modules/.vite/deps/react-dom_client.js?v=68fe320d:3200
[     631ms] [TIMESTAMP] TimestampCell @ http://localhost:5173/node_modules/.vite/deps/react-dom_client.js?v=68fe320d:3200
[     631ms] [TIMESTAMP] AgentRow @ http://localhost:5173/node_modules/.vite/deps/react-dom_client.js?v=68fe320d:3200
[     631ms] [TIMESTAMP] StatusBadge @ http://localhost:5173/node_modules/.vite/deps/react-dom_client.js?v=68fe320d:3200
[     631ms] [TIMESTAMP] TimestampCell @ http://localhost:5173/node_modules/.vite/deps/react-dom_client.js?v=68fe320d:3200
[     631ms] [TIMESTAMP] ForwardRef(XCircleIcon) @ http://localhost:5173/node_modules/.vite/deps/react-dom_client.js?v=68fe320d:3200
[     631ms] [TIMESTAMP] VaultTab @ http://localhost:5173/node_modules/.vite/deps/react-dom_client.js?v=68fe320d:3200
[     631ms] [TIMESTAMP] VaultTree @ http://localhost:5173/node_modules/.vite/deps/react-dom_client.js?v=68fe320d:3200
[     631ms] [TIMESTAMP] VaultTreeNode @ http://localhost:5173/node_modules/.vite/deps/react-dom_client.js?v=68fe320d:3200
[     631ms] [TIMESTAMP] VaultTreeNode @ http://localhost:5173/node_modules/.vite/deps/react-dom_client.js?v=68fe320d:3200
[     631ms] [TIMESTAMP] VaultTreeNode @ http://localhost:5173/node_modules/.vite/deps/react-dom_client.js?v=68fe320d:3200
[     631ms] [TIMESTAMP] VaultTreeNode @ http://localhost:5173/node_modules/.vite/deps/react-dom_client.js?v=68fe320d:3200
[     631ms] [TIMESTAMP] VaultTreeNode @ http://localhost:5173/node_modules/.vite/deps/react-dom_client.js?v=68fe320d:3200
[     631ms] [TIMESTAMP] VaultTreeNode @ http://localhost:5173/node_modules/.vite/deps/react-dom_client.js?v=68fe320d:3200
[     631ms] [TIMESTAMP] VaultTreeNode @ http://localhost:5173/node_modules/.vite/deps/react-dom_client.js?v=68fe320d:3200
[     631ms] [TIMESTAMP] VaultTreeNode @ http://localhost:5173/node_modules/.vite/deps/react-dom_client.js?v=68fe320d:3200
[     631ms] [TIMESTAMP] VaultTreeNode @ http://localhost:5173/node_modules/.vite/deps/react-dom_client.js?v=68fe320d:3200
[     631ms] [TIMESTAMP] VaultTreeNode @ http://localhost:5173/node_modules/.vite/deps/react-dom_client.js?v=68fe320d:3200
[     631ms] [TIMESTAMP] VaultTreeNode @ http://localhost:5173/node_modules/.vite/deps/react-dom_client.js?v=68fe320d:3200
[     631ms] [TIMESTAMP] VaultTreeNode @ http://localhost:5173/node_modules/.vite/deps/react-dom_client.js?v=68fe320d:3200
[     631ms] [TIMESTAMP] VaultTreeNode @ http://localhost:5173/node_modules/.vite/deps/react-dom_client.js?v=68fe320d:3200
[     631ms] [TIMESTAMP] VaultTreeNode @ http://localhost:5173/node_modules/.vite/deps/react-dom_client.js?v=68fe320d:3200
[     631ms] [TIMESTAMP] VaultTreeNode @ http://localhost:5173/node_modules/.vite/deps/react-dom_client.js?v=68fe320d:3200
[     631ms] [TIMESTAMP] VaultTreeNode @ http://localhost:5173/node_modules/.vite/deps/react-dom_client.js?v=68fe320d:3200
[     631ms] [TIMESTAMP] VaultTreeNode @ http://localhost:5173/node_modules/.vite/deps/react-dom_client.js?v=68fe320d:3200
[     631ms] [TIMESTAMP] TimestampCell @ http://localhost:5173/node_modules/.vite/deps/react-dom_client.js?v=68fe320d:3291
[     631ms] [TIMESTAMP] Remaining Effects @ http://localhost:5173/node_modules/.vite/deps/react-dom_client.js?v=68fe320d:13177
[     631ms] [TIMESTAMP] Blocking Track @ http://localhost:5173/node_modules/.vite/deps/react-dom_client.js?v=68fe320d:12095
[     631ms] [TIMESTAMP] Transition Track @ http://localhost:5173/node_modules/.vite/deps/react-dom_client.js?v=68fe320d:12102
[     631ms] [TIMESTAMP] Suspense Track @ http://localhost:5173/node_modules/.vite/deps/react-dom_client.js?v=68fe320d:12109
[     631ms] [TIMESTAMP] Idle Track @ http://localhost:5173/node_modules/.vite/deps/react-dom_client.js?v=68fe320d:12116
[     654ms] [TIMESTAMP] Render @ http://localhost:5173/node_modules/.vite/deps/react-dom_client.js?v=68fe320d:3314
[     654ms] [TIMESTAMP] Waiting for Paint @ http://localhost:5173/node_modules/.vite/deps/react-dom_client.js?v=68fe320d:13132
[     654ms] [TIMESTAMP] ObservabilityTab @ http://localhost:5173/node_modules/.vite/deps/react-dom_client.js?v=68fe320d:3200
[     654ms] [TIMESTAMP] Stat @ http://localhost:5173/node_modules/.vite/deps/react-dom_client.js?v=68fe320d:3200
[     654ms] [TIMESTAMP] Stat @ http://localhost:5173/node_modules/.vite/deps/react-dom_client.js?v=68fe320d:3200
[     654ms] [TIMESTAMP] Stat @ http://localhost:5173/node_modules/.vite/deps/react-dom_client.js?v=68fe320d:3200
[     654ms] [TIMESTAMP] Stat @ http://localhost:5173/node_modules/.vite/deps/react-dom_client.js?v=68fe320d:3200
[     654ms] [TIMESTAMP] Stat @ http://localhost:5173/node_modules/.vite/deps/react-dom_client.js?v=68fe320d:3200
[     654ms] [TIMESTAMP] SortButton @ http://localhost:5173/node_modules/.vite/deps/react-dom_client.js?v=68fe320d:3200
[     654ms] [TIMESTAMP] SortButton @ http://localhost:5173/node_modules/.vite/deps/react-dom_client.js?v=68fe320d:3200
[     654ms] [TIMESTAMP] SortButton @ http://localhost:5173/node_modules/.vite/deps/react-dom_client.js?v=68fe320d:3200
[     654ms] [TIMESTAMP] SortButton @ http://localhost:5173/node_modules/.vite/deps/react-dom_client.js?v=68fe320d:3200
[     654ms] [TIMESTAMP] SortButton @ http://localhost:5173/node_modules/.vite/deps/react-dom_client.js?v=68fe320d:3200
[     654ms] [TIMESTAMP] Remaining Effects @ http://localhost:5173/node_modules/.vite/deps/react-dom_client.js?v=68fe320d:13177
[    1351ms] [TIMESTAMP] Blocking Track @ http://localhost:5173/node_modules/.vite/deps/react-dom_client.js?v=68fe320d:12095
[    1351ms] [TIMESTAMP] Transition Track @ http://localhost:5173/node_modules/.vite/deps/react-dom_client.js?v=68fe320d:12102
[    1351ms] [TIMESTAMP] Suspense Track @ http://localhost:5173/node_modules/.vite/deps/react-dom_client.js?v=68fe320d:12109
[    1351ms] [TIMESTAMP] Idle Track @ http://localhost:5173/node_modules/.vite/deps/react-dom_client.js?v=68fe320d:12116
[    1361ms] [TIMESTAMP] Render @ http://localhost:5173/node_modules/.vite/deps/react-dom_client.js?v=68fe320d:3314
[    1368ms] [TIMESTAMP] Commit @ http://localhost:5173/node_modules/.vite/deps/react-dom_client.js?v=68fe320d:12955
[    1368ms] [TIMESTAMP] Waiting @ http://localhost:5173/node_modules/.vite/deps/react-dom_client.js?v=68fe320d:13132
[    1368ms] [TIMESTAMP] MemoryGraphTab @ http://localhost:5173/node_modules/.vite/deps/react-dom_client.js?v=68fe320d:3200
[    1370ms] [TIMESTAMP] Remaining Effects @ http://localhost:5173/node_modules/.vite/deps/react-dom_client.js?v=68fe320d:13177
[    1370ms] [TIMESTAMP] Blocking Track @ http://localhost:5173/node_modules/.vite/deps/react-dom_client.js?v=68fe320d:12095
[    1370ms] [TIMESTAMP] Transition Track @ http://localhost:5173/node_modules/.vite/deps/react-dom_client.js?v=68fe320d:12102
[    1370ms] [TIMESTAMP] Suspense Track @ http://localhost:5173/node_modules/.vite/deps/react-dom_client.js?v=68fe320d:12109
[    1370ms] [TIMESTAMP] Idle Track @ http://localhost:5173/node_modules/.vite/deps/react-dom_client.js?v=68fe320d:12116
[    1371ms] [TIMESTAMP] Render @ http://localhost:5173/node_modules/.vite/deps/react-dom_client.js?v=68fe320d:3314
[    1371ms] [TIMESTAMP] ChatPanel @ http://localhost:5173/node_modules/.vite/deps/react-dom_client.js?v=68fe320d:3200
[    1372ms] [TIMESTAMP] Blocking Track @ http://localhost:5173/node_modules/.vite/deps/react-dom_client.js?v=68fe320d:12095
[    1372ms] [TIMESTAMP] Transition Track @ http://localhost:5173/node_modules/.vite/deps/react-dom_client.js?v=68fe320d:12102
[    1372ms] [TIMESTAMP] Suspense Track @ http://localhost:5173/node_modules/.vite/deps/react-dom_client.js?v=68fe320d:12109
[    1372ms] [TIMESTAMP] Idle Track @ http://localhost:5173/node_modules/.vite/deps/react-dom_client.js?v=68fe320d:12116
[    1375ms] [TIMESTAMP] Blocking Track @ http://localhost:5173/node_modules/.vite/deps/react-dom_client.js?v=68fe320d:12095
[    1375ms] [TIMESTAMP] Transition Track @ http://localhost:5173/node_modules/.vite/deps/react-dom_client.js?v=68fe320d:12102
[    1375ms] [TIMESTAMP] Suspense Track @ http://localhost:5173/node_modules/.vite/deps/react-dom_client.js?v=68fe320d:12109
[    1375ms] [TIMESTAMP] Idle Track @ http://localhost:5173/node_modules/.vite/deps/react-dom_client.js?v=68fe320d:12116
[    1415ms] [TIMESTAMP] Render @ http://localhost:5173/node_modules/.vite/deps/react-dom_client.js?v=68fe320d:3314
[    1417ms] [TIMESTAMP] Commit @ http://localhost:5173/node_modules/.vite/deps/react-dom_client.js?v=68fe320d:12955
[    1418ms] [TIMESTAMP] Waiting @ http://localhost:5173/node_modules/.vite/deps/react-dom_client.js?v=68fe320d:13132
[    1418ms] [TIMESTAMP] AgentDashboard @ http://localhost:5173/node_modules/.vite/deps/react-dom_client.js?v=68fe320d:3200
[    1418ms] [TIMESTAMP] VaultTab @ http://localhost:5173/node_modules/.vite/deps/react-dom_client.js?v=68fe320d:3200
[    1418ms] [TIMESTAMP] ObservabilityTab @ http://localhost:5173/node_modules/.vite/deps/react-dom_client.js?v=68fe320d:3200
[    1418ms] [TIMESTAMP] Remaining Effects @ http://localhost:5173/node_modules/.vite/deps/react-dom_client.js?v=68fe320d:13177
[    1421ms] [TIMESTAMP] Blocking Track @ http://localhost:5173/node_modules/.vite/deps/react-dom_client.js?v=68fe320d:12095
[    1421ms] [TIMESTAMP] Transition Track @ http://localhost:5173/node_modules/.vite/deps/react-dom_client.js?v=68fe320d:12102
[    1421ms] [TIMESTAMP] Suspense Track @ http://localhost:5173/node_modules/.vite/deps/react-dom_client.js?v=68fe320d:12109
[    1421ms] [TIMESTAMP] Idle Track @ http://localhost:5173/node_modules/.vite/deps/react-dom_client.js?v=68fe320d:12116
[    1423ms] [TIMESTAMP] Render @ http://localhost:5173/node_modules/.vite/deps/react-dom_client.js?v=68fe320d:3314
[    1424ms] [TIMESTAMP] Commit @ http://localhost:5173/node_modules/.vite/deps/react-dom_client.js?v=68fe320d:12955
[    1425ms] [TIMESTAMP] Waiting for Paint @ http://localhost:5173/node_modules/.vite/deps/react-dom_client.js?v=68fe320d:13132
[    1425ms] [TIMESTAMP] AgentSidebar @ http://localhost:5173/node_modules/.vite/deps/react-dom_client.js?v=68fe320d:3200
[    2253ms] [TIMESTAMP] Blocking Track @ http://localhost:5173/node_modules/.vite/deps/react-dom_client.js?v=68fe320d:12095
[    2254ms] [TIMESTAMP] Transition Track @ http://localhost:5173/node_modules/.vite/deps/react-dom_client.js?v=68fe320d:12102
[    2254ms] [TIMESTAMP] Suspense Track @ http://localhost:5173/node_modules/.vite/deps/react-dom_client.js?v=68fe320d:12109
[    2254ms] [TIMESTAMP] Idle Track @ http://localhost:5173/node_modules/.vite/deps/react-dom_client.js?v=68fe320d:12116
[    2255ms] [TIMESTAMP] Render @ http://localhost:5173/node_modules/.vite/deps/react-dom_client.js?v=68fe320d:3314
[    2256ms] [TIMESTAMP] Commit @ http://localhost:5173/node_modules/.vite/deps/react-dom_client.js?v=68fe320d:12955
[    2256ms] [TIMESTAMP] AgentSidebar @ http://localhost:5173/node_modules/.vite/deps/react-dom_client.js?v=68fe320d:3200
[    3603ms] [TIMESTAMP] Blocking Track @ http://localhost:5173/node_modules/.vite/deps/react-dom_client.js?v=68fe320d:12095
[    3603ms] [TIMESTAMP] Transition Track @ http://localhost:5173/node_modules/.vite/deps/react-dom_client.js?v=68fe320d:12102
[    3603ms] [TIMESTAMP] Suspense Track @ http://localhost:5173/node_modules/.vite/deps/react-dom_client.js?v=68fe320d:12109
[    3603ms] [TIMESTAMP] Idle Track @ http://localhost:5173/node_modules/.vite/deps/react-dom_client.js?v=68fe320d:12116
[    3611ms] [TIMESTAMP] Render @ http://localhost:5173/node_modules/.vite/deps/react-dom_client.js?v=68fe320d:3314
[    3611ms] [TIMESTAMP] Commit @ http://localhost:5173/node_modules/.vite/deps/react-dom_client.js?v=68fe320d:12955
[    3612ms] [TIMESTAMP] AgentDashboard @ http://localhost:5173/node_modules/.vite/deps/react-dom_client.js?v=68fe320d:3200
[    4254ms] [TIMESTAMP] Blocking Track @ http://localhost:5173/node_modules/.vite/deps/react-dom_client.js?v=68fe320d:12095
[    4255ms] [TIMESTAMP] Transition Track @ http://localhost:5173/node_modules/.vite/deps/react-dom_client.js?v=68fe320d:12102
[    4255ms] [TIMESTAMP] Suspense Track @ http://localhost:5173/node_modules/.vite/deps/react-dom_client.js?v=68fe320d:12109
[    4255ms] [TIMESTAMP] Idle Track @ http://localhost:5173/node_modules/.vite/deps/react-dom_client.js?v=68fe320d:12116
[    4256ms] [TIMESTAMP] Render @ http://localhost:5173/node_modules/.vite/deps/react-dom_client.js?v=68fe320d:3314
[    4256ms] [TIMESTAMP] Commit @ http://localhost:5173/node_modules/.vite/deps/react-dom_client.js?v=68fe320d:12955
[    4257ms] [TIMESTAMP] AgentSidebar @ http://localhost:5173/node_modules/.vite/deps/react-dom_client.js?v=68fe320d:3200
[    5749ms] [TIMESTAMP] Blocking Track @ http://localhost:5173/node_modules/.vite/deps/react-dom_client.js?v=68fe320d:12095
[    5749ms] [TIMESTAMP] Transition Track @ http://localhost:5173/node_modules/.vite/deps/react-dom_client.js?v=68fe320d:12102
[    5749ms] [TIMESTAMP] Suspense Track @ http://localhost:5173/node_modules/.vite/deps/react-dom_client.js?v=68fe320d:12109
[    5749ms] [TIMESTAMP] Idle Track @ http://localhost:5173/node_modules/.vite/deps/react-dom_client.js?v=68fe320d:12116
[    5757ms] [TIMESTAMP] Render @ http://localhost:5173/node_modules/.vite/deps/react-dom_client.js?v=68fe320d:3314
[    5757ms] [TIMESTAMP] Commit @ http://localhost:5173/node_modules/.vite/deps/react-dom_client.js?v=68fe320d:12955
[    5758ms] [TIMESTAMP] AgentDashboard @ http://localhost:5173/node_modules/.vite/deps/react-dom_client.js?v=68fe320d:3200
[    6254ms] [TIMESTAMP] Blocking Track @ http://localhost:5173/node_modules/.vite/deps/react-dom_client.js?v=68fe320d:12095
[    6254ms] [TIMESTAMP] Transition Track @ http://localhost:5173/node_modules/.vite/deps/react-dom_client.js?v=68fe320d:12102
[    6254ms] [TIMESTAMP] Suspense Track @ http://localhost:5173/node_modules/.vite/deps/react-dom_client.js?v=68fe320d:12109
[    6254ms] [TIMESTAMP] Idle Track @ http://localhost:5173/node_modules/.vite/deps/react-dom_client.js?v=68fe320d:12116
[    6256ms] [TIMESTAMP] Render @ http://localhost:5173/node_modules/.vite/deps/react-dom_client.js?v=68fe320d:3314
[    6256ms] [TIMESTAMP] AgentSidebar @ http://localhost:5173/node_modules/.vite/deps/react-dom_client.js?v=68fe320d:3200
[    8121ms] [TIMESTAMP] Blocking Track @ http://localhost:5173/node_modules/.vite/deps/react-dom_client.js?v=68fe320d:12095
[    8121ms] [TIMESTAMP] Transition Track @ http://localhost:5173/node_modules/.vite/deps/react-dom_client.js?v=68fe320d:12102
[    8121ms] [TIMESTAMP] Suspense Track @ http://localhost:5173/node_modules/.vite/deps/react-dom_client.js?v=68fe320d:12109
[    8121ms] [TIMESTAMP] Idle Track @ http://localhost:5173/node_modules/.vite/deps/react-dom_client.js?v=68fe320d:12116
[    8128ms] [TIMESTAMP] Render @ http://localhost:5173/node_modules/.vite/deps/react-dom_client.js?v=68fe320d:3314
[    8129ms] [TIMESTAMP] Commit @ http://localhost:5173/node_modules/.vite/deps/react-dom_client.js?v=68fe320d:12955
[    8129ms] [TIMESTAMP] AgentDashboard @ http://localhost:5173/node_modules/.vite/deps/react-dom_client.js?v=68fe320d:3200
[    8254ms] [TIMESTAMP] Blocking Track @ http://localhost:5173/node_modules/.vite/deps/react-dom_client.js?v=68fe320d:12095
[    8254ms] [TIMESTAMP] Transition Track @ http://localhost:5173/node_modules/.vite/deps/react-dom_client.js?v=68fe320d:12102
[    8254ms] [TIMESTAMP] Suspense Track @ http://localhost:5173/node_modules/.vite/deps/react-dom_client.js?v=68fe320d:12109
[    8254ms] [TIMESTAMP] Idle Track @ http://localhost:5173/node_modules/.vite/deps/react-dom_client.js?v=68fe320d:12116
[    8260ms] [TIMESTAMP] Render @ http://localhost:5173/node_modules/.vite/deps/react-dom_client.js?v=68fe320d:3314
[    8261ms] [TIMESTAMP] Commit @ http://localhost:5173/node_modules/.vite/deps/react-dom_client.js?v=68fe320d:12955
[    8262ms] [TIMESTAMP] AgentSidebar @ http://localhost:5173/node_modules/.vite/deps/react-dom_client.js?v=68fe320d:3200
[    8262ms] [TIMESTAMP] Remaining Effects @ http://localhost:5173/node_modules/.vite/deps/react-dom_client.js?v=68fe320d:13177
[   10254ms] [TIMESTAMP] Blocking Track @ http://localhost:5173/node_modules/.vite/deps/react-dom_client.js?v=68fe320d:12095
[   10254ms] [TIMESTAMP] Transition Track @ http://localhost:5173/node_modules/.vite/deps/react-dom_client.js?v=68fe320d:12102
[   10254ms] [TIMESTAMP] Suspense Track @ http://localhost:5173/node_modules/.vite/deps/react-dom_client.js?v=68fe320d:12109
[   10254ms] [TIMESTAMP] Idle Track @ http://localhost:5173/node_modules/.vite/deps/react-dom_client.js?v=68fe320d:12116
[   10256ms] [TIMESTAMP] Render @ http://localhost:5173/node_modules/.vite/deps/react-dom_client.js?v=68fe320d:3314
[   10257ms] [TIMESTAMP] Waiting for Paint @ http://localhost:5173/node_modules/.vite/deps/react-dom_client.js?v=68fe320d:13132
[   10258ms] [TIMESTAMP] AgentSidebar @ http://localhost:5173/node_modules/.vite/deps/react-dom_client.js?v=68fe320d:3200
[   10560ms] [TIMESTAMP] Blocking Track @ http://localhost:5173/node_modules/.vite/deps/react-dom_client.js?v=68fe320d:12095
[   10560ms] [TIMESTAMP] Transition Track @ http://localhost:5173/node_modules/.vite/deps/react-dom_client.js?v=68fe320d:12102
[   10561ms] [TIMESTAMP] Suspense Track @ http://localhost:5173/node_modules/.vite/deps/react-dom_client.js?v=68fe320d:12109
[   10561ms] [TIMESTAMP] Idle Track @ http://localhost:5173/node_modules/.vite/deps/react-dom_client.js?v=68fe320d:12116
[   10570ms] [TIMESTAMP] Render @ http://localhost:5173/node_modules/.vite/deps/react-dom_client.js?v=68fe320d:3314
[   10573ms] [TIMESTAMP] Commit @ http://localhost:5173/node_modules/.vite/deps/react-dom_client.js?v=68fe320d:12955
[   10573ms] [TIMESTAMP] AgentDashboard @ http://localhost:5173/node_modules/.vite/deps/react-dom_client.js?v=68fe320d:3200
[   10574ms] [TIMESTAMP] Remaining Effects @ http://localhost:5173/node_modules/.vite/deps/react-dom_client.js?v=68fe320d:13177
[   12263ms] [TIMESTAMP] Blocking Track @ http://localhost:5173/node_modules/.vite/deps/react-dom_client.js?v=68fe320d:12095
[   12264ms] [TIMESTAMP] Transition Track @ http://localhost:5173/node_modules/.vite/deps/react-dom_client.js?v=68fe320d:12102
[   12264ms] [TIMESTAMP] Suspense Track @ http://localhost:5173/node_modules/.vite/deps/react-dom_client.js?v=68fe320d:12109
[   12264ms] [TIMESTAMP] Idle Track @ http://localhost:5173/node_modules/.vite/deps/react-dom_client.js?v=68fe320d:12116
[   12266ms] [TIMESTAMP] Render @ http://localhost:5173/node_modules/.vite/deps/react-dom_client.js?v=68fe320d:3314
[   12266ms] [TIMESTAMP] Commit @ http://localhost:5173/node_modules/.vite/deps/react-dom_client.js?v=68fe320d:12955
[   12266ms] [TIMESTAMP] AgentSidebar @ http://localhost:5173/node_modules/.vite/deps/react-dom_client.js?v=68fe320d:3200
[   12901ms] [TIMESTAMP] Blocking Track @ http://localhost:5173/node_modules/.vite/deps/react-dom_client.js?v=68fe320d:12095
[   12901ms] [TIMESTAMP] Transition Track @ http://localhost:5173/node_modules/.vite/deps/react-dom_client.js?v=68fe320d:12102
[   12902ms] [TIMESTAMP] Suspense Track @ http://localhost:5173/node_modules/.vite/deps/react-dom_client.js?v=68fe320d:12109
[   12902ms] [TIMESTAMP] Idle Track @ http://localhost:5173/node_modules/.vite/deps/react-dom_client.js?v=68fe320d:12116
[   12909ms] [TIMESTAMP] Render @ http://localhost:5173/node_modules/.vite/deps/react-dom_client.js?v=68fe320d:3314
[   12910ms] [TIMESTAMP] Commit @ http://localhost:5173/node_modules/.vite/deps/react-dom_client.js?v=68fe320d:12955
[   12911ms] [TIMESTAMP] Waiting @ http://localhost:5173/node_modules/.vite/deps/react-dom_client.js?v=68fe320d:13132
[   12911ms] [TIMESTAMP] AgentDashboard @ http://localhost:5173/node_modules/.vite/deps/react-dom_client.js?v=68fe320d:3200
[   14271ms] [TIMESTAMP] Blocking Track @ http://localhost:5173/node_modules/.vite/deps/react-dom_client.js?v=68fe320d:12095
[   14271ms] [TIMESTAMP] Transition Track @ http://localhost:5173/node_modules/.vite/deps/react-dom_client.js?v=68fe320d:12102
[   14271ms] [TIMESTAMP] Suspense Track @ http://localhost:5173/node_modules/.vite/deps/react-dom_client.js?v=68fe320d:12109
[   14271ms] [TIMESTAMP] Idle Track @ http://localhost:5173/node_modules/.vite/deps/react-dom_client.js?v=68fe320d:12116
[   14273ms] [TIMESTAMP] Render @ http://localhost:5173/node_modules/.vite/deps/react-dom_client.js?v=68fe320d:3314
[   14273ms] [TIMESTAMP] AgentSidebar @ http://localhost:5173/node_modules/.vite/deps/react-dom_client.js?v=68fe320d:3200
[   14273ms] [TIMESTAMP] Remaining Effects @ http://localhost:5173/node_modules/.vite/deps/react-dom_client.js?v=68fe320d:13177
[   15416ms] [TIMESTAMP] Blocking Track @ http://localhost:5173/node_modules/.vite/deps/react-dom_client.js?v=68fe320d:12095
[   15416ms] [TIMESTAMP] Transition Track @ http://localhost:5173/node_modules/.vite/deps/react-dom_client.js?v=68fe320d:12102
[   15416ms] [TIMESTAMP] Suspense Track @ http://localhost:5173/node_modules/.vite/deps/react-dom_client.js?v=68fe320d:12109
[   15416ms] [TIMESTAMP] Idle Track @ http://localhost:5173/node_modules/.vite/deps/react-dom_client.js?v=68fe320d:12116
[   15422ms] [TIMESTAMP] Render @ http://localhost:5173/node_modules/.vite/deps/react-dom_client.js?v=68fe320d:3314
[   15424ms] [TIMESTAMP] Commit @ http://localhost:5173/node_modules/.vite/deps/react-dom_client.js?v=68fe320d:12955
[   15425ms] [TIMESTAMP] AgentDashboard @ http://localhost:5173/node_modules/.vite/deps/react-dom_client.js?v=68fe320d:3200
[   16272ms] [TIMESTAMP] Blocking Track @ http://localhost:5173/node_modules/.vite/deps/react-dom_client.js?v=68fe320d:12095
[   16273ms] [TIMESTAMP] Transition Track @ http://localhost:5173/node_modules/.vite/deps/react-dom_client.js?v=68fe320d:12102
[   16273ms] [TIMESTAMP] Suspense Track @ http://localhost:5173/node_modules/.vite/deps/react-dom_client.js?v=68fe320d:12109
[   16273ms] [TIMESTAMP] Idle Track @ http://localhost:5173/node_modules/.vite/deps/react-dom_client.js?v=68fe320d:12116
[   16274ms] [TIMESTAMP] Render @ http://localhost:5173/node_modules/.vite/deps/react-dom_client.js?v=68fe320d:3314
[   16275ms] [TIMESTAMP] Commit @ http://localhost:5173/node_modules/.vite/deps/react-dom_client.js?v=68fe320d:12955
[   16275ms] [TIMESTAMP] AgentSidebar @ http://localhost:5173/node_modules/.vite/deps/react-dom_client.js?v=68fe320d:3200
[   17782ms] [TIMESTAMP] Blocking Track @ http://localhost:5173/node_modules/.vite/deps/react-dom_client.js?v=68fe320d:12095
[   17782ms] [TIMESTAMP] Transition Track @ http://localhost:5173/node_modules/.vite/deps/react-dom_client.js?v=68fe320d:12102
[   17782ms] [TIMESTAMP] Suspense Track @ http://localhost:5173/node_modules/.vite/deps/react-dom_client.js?v=68fe320d:12109
[   17782ms] [TIMESTAMP] Idle Track @ http://localhost:5173/node_modules/.vite/deps/react-dom_client.js?v=68fe320d:12116
[   17789ms] [TIMESTAMP] Render @ http://localhost:5173/node_modules/.vite/deps/react-dom_client.js?v=68fe320d:3314
[   17790ms] [TIMESTAMP] Commit @ http://localhost:5173/node_modules/.vite/deps/react-dom_client.js?v=68fe320d:12955
[   17790ms] [TIMESTAMP] AgentDashboard @ http://localhost:5173/node_modules/.vite/deps/react-dom_client.js?v=68fe320d:3200
[   17790ms] [TIMESTAMP] Blocking Track @ http://localhost:5173/node_modules/.vite/deps/react-dom_client.js?v=68fe320d:12095
[   17791ms] [TIMESTAMP] Transition Track @ http://localhost:5173/node_modules/.vite/deps/react-dom_client.js?v=68fe320d:12102
[   17791ms] [TIMESTAMP] Suspense Track @ http://localhost:5173/node_modules/.vite/deps/react-dom_client.js?v=68fe320d:12109
[   17791ms] [TIMESTAMP] Idle Track @ http://localhost:5173/node_modules/.vite/deps/react-dom_client.js?v=68fe320d:12116
[   17791ms] [TIMESTAMP] Render @ http://localhost:5173/node_modules/.vite/deps/react-dom_client.js?v=68fe320d:3314
[   18281ms] [TIMESTAMP] Blocking Track @ http://localhost:5173/node_modules/.vite/deps/react-dom_client.js?v=68fe320d:12095
[   18281ms] [TIMESTAMP] Transition Track @ http://localhost:5173/node_modules/.vite/deps/react-dom_client.js?v=68fe320d:12102
[   18281ms] [TIMESTAMP] Suspense Track @ http://localhost:5173/node_modules/.vite/deps/react-dom_client.js?v=68fe320d:12109
[   18281ms] [TIMESTAMP] Idle Track @ http://localhost:5173/node_modules/.vite/deps/react-dom_client.js?v=68fe320d:12116
[   18282ms] [TIMESTAMP] Render @ http://localhost:5173/node_modules/.vite/deps/react-dom_client.js?v=68fe320d:3314
[   18283ms] [TIMESTAMP] AgentSidebar @ http://localhost:5173/node_modules/.vite/deps/react-dom_client.js?v=68fe320d:3200
[   19897ms] [TIMESTAMP] Blocking Track @ http://localhost:5173/node_modules/.vite/deps/react-dom_client.js?v=68fe320d:12095
[   19897ms] [TIMESTAMP] Transition Track @ http://localhost:5173/node_modules/.vite/deps/react-dom_client.js?v=68fe320d:12102
[   19897ms] [TIMESTAMP] Suspense Track @ http://localhost:5173/node_modules/.vite/deps/react-dom_client.js?v=68fe320d:12109
[   19897ms] [TIMESTAMP] Idle Track @ http://localhost:5173/node_modules/.vite/deps/react-dom_client.js?v=68fe320d:12116
[   19904ms] [TIMESTAMP] Render @ http://localhost:5173/node_modules/.vite/deps/react-dom_client.js?v=68fe320d:3314
[   19905ms] [TIMESTAMP] Commit @ http://localhost:5173/node_modules/.vite/deps/react-dom_client.js?v=68fe320d:12955
[   19905ms] [TIMESTAMP] AgentDashboard @ http://localhost:5173/node_modules/.vite/deps/react-dom_client.js?v=68fe320d:3200
[   20288ms] [TIMESTAMP] Blocking Track @ http://localhost:5173/node_modules/.vite/deps/react-dom_client.js?v=68fe320d:12095
[   20288ms] [TIMESTAMP] Transition Track @ http://localhost:5173/node_modules/.vite/deps/react-dom_client.js?v=68fe320d:12102
[   20288ms] [TIMESTAMP] Suspense Track @ http://localhost:5173/node_modules/.vite/deps/react-dom_client.js?v=68fe320d:12109
[   20288ms] [TIMESTAMP] Idle Track @ http://localhost:5173/node_modules/.vite/deps/react-dom_client.js?v=68fe320d:12116
[   20290ms] [TIMESTAMP] Render @ http://localhost:5173/node_modules/.vite/deps/react-dom_client.js?v=68fe320d:3314
[   20290ms] [TIMESTAMP] AgentSidebar @ http://localhost:5173/node_modules/.vite/deps/react-dom_client.js?v=68fe320d:3200
[   21975ms] [TIMESTAMP] Blocking Track @ http://localhost:5173/node_modules/.vite/deps/react-dom_client.js?v=68fe320d:12095
[   21975ms] [TIMESTAMP] Transition Track @ http://localhost:5173/node_modules/.vite/deps/react-dom_client.js?v=68fe320d:12102
[   21975ms] [TIMESTAMP] Suspense Track @ http://localhost:5173/node_modules/.vite/deps/react-dom_client.js?v=68fe320d:12109
[   21975ms] [TIMESTAMP] Idle Track @ http://localhost:5173/node_modules/.vite/deps/react-dom_client.js?v=68fe320d:12116
[   21984ms] [TIMESTAMP] Render @ http://localhost:5173/node_modules/.vite/deps/react-dom_client.js?v=68fe320d:3314
[   21984ms] [TIMESTAMP] Commit @ http://localhost:5173/node_modules/.vite/deps/react-dom_client.js?v=68fe320d:12955
[   21984ms] [TIMESTAMP] AgentDashboard @ http://localhost:5173/node_modules/.vite/deps/react-dom_client.js?v=68fe320d:3200
[   21985ms] [TIMESTAMP] Remaining Effects @ http://localhost:5173/node_modules/.vite/deps/react-dom_client.js?v=68fe320d:13177
[   22289ms] [TIMESTAMP] Blocking Track @ http://localhost:5173/node_modules/.vite/deps/react-dom_client.js?v=68fe320d:12095
[   22289ms] [TIMESTAMP] Transition Track @ http://localhost:5173/node_modules/.vite/deps/react-dom_client.js?v=68fe320d:12102
[   22289ms] [TIMESTAMP] Suspense Track @ http://localhost:5173/node_modules/.vite/deps/react-dom_client.js?v=68fe320d:12109
[   22289ms] [TIMESTAMP] Idle Track @ http://localhost:5173/node_modules/.vite/deps/react-dom_client.js?v=68fe320d:12116
[   22291ms] [TIMESTAMP] Render @ http://localhost:5173/node_modules/.vite/deps/react-dom_client.js?v=68fe320d:3314
[   22291ms] [TIMESTAMP] AgentSidebar @ http://localhost:5173/node_modules/.vite/deps/react-dom_client.js?v=68fe320d:3200
[   24290ms] [TIMESTAMP] Blocking Track @ http://localhost:5173/node_modules/.vite/deps/react-dom_client.js?v=68fe320d:12095
[   24290ms] [TIMESTAMP] Transition Track @ http://localhost:5173/node_modules/.vite/deps/react-dom_client.js?v=68fe320d:12102
[   24290ms] [TIMESTAMP] Suspense Track @ http://localhost:5173/node_modules/.vite/deps/react-dom_client.js?v=68fe320d:12109
[   24290ms] [TIMESTAMP] Idle Track @ http://localhost:5173/node_modules/.vite/deps/react-dom_client.js?v=68fe320d:12116
[   24291ms] [TIMESTAMP] Render @ http://localhost:5173/node_modules/.vite/deps/react-dom_client.js?v=68fe320d:3314
[   24292ms] [TIMESTAMP] AgentSidebar @ http://localhost:5173/node_modules/.vite/deps/react-dom_client.js?v=68fe320d:3200
[   24393ms] [TIMESTAMP] Blocking Track @ http://localhost:5173/node_modules/.vite/deps/react-dom_client.js?v=68fe320d:12095
[   24393ms] [TIMESTAMP] Transition Track @ http://localhost:5173/node_modules/.vite/deps/react-dom_client.js?v=68fe320d:12102
[   24393ms] [TIMESTAMP] Suspense Track @ http://localhost:5173/node_modules/.vite/deps/react-dom_client.js?v=68fe320d:12109
[   24393ms] [TIMESTAMP] Idle Track @ http://localhost:5173/node_modules/.vite/deps/react-dom_client.js?v=68fe320d:12116
[   24401ms] [TIMESTAMP] Render @ http://localhost:5173/node_modules/.vite/deps/react-dom_client.js?v=68fe320d:3314
[   24403ms] [TIMESTAMP] Commit @ http://localhost:5173/node_modules/.vite/deps/react-dom_client.js?v=68fe320d:12955
[   24403ms] [TIMESTAMP] AgentDashboard @ http://localhost:5173/node_modules/.vite/deps/react-dom_client.js?v=68fe320d:3200
[   26297ms] [TIMESTAMP] Blocking Track @ http://localhost:5173/node_modules/.vite/deps/react-dom_client.js?v=68fe320d:12095
[   26297ms] [TIMESTAMP] Transition Track @ http://localhost:5173/node_modules/.vite/deps/react-dom_client.js?v=68fe320d:12102
[   26297ms] [TIMESTAMP] Suspense Track @ http://localhost:5173/node_modules/.vite/deps/react-dom_client.js?v=68fe320d:12109
[   26297ms] [TIMESTAMP] Idle Track @ http://localhost:5173/node_modules/.vite/deps/react-dom_client.js?v=68fe320d:12116
[   26299ms] [TIMESTAMP] Render @ http://localhost:5173/node_modules/.vite/deps/react-dom_client.js?v=68fe320d:3314
[   26299ms] [TIMESTAMP] AgentSidebar @ http://localhost:5173/node_modules/.vite/deps/react-dom_client.js?v=68fe320d:3200
[   26300ms] [TIMESTAMP] Remaining Effects @ http://localhost:5173/node_modules/.vite/deps/react-dom_client.js?v=68fe320d:13177
[   26730ms] [TIMESTAMP] Blocking Track @ http://localhost:5173/node_modules/.vite/deps/react-dom_client.js?v=68fe320d:12095
[   26730ms] [TIMESTAMP] Transition Track @ http://localhost:5173/node_modules/.vite/deps/react-dom_client.js?v=68fe320d:12102
[   26730ms] [TIMESTAMP] Suspense Track @ http://localhost:5173/node_modules/.vite/deps/react-dom_client.js?v=68fe320d:12109
[   26730ms] [TIMESTAMP] Idle Track @ http://localhost:5173/node_modules/.vite/deps/react-dom_client.js?v=68fe320d:12116
[   26736ms] [TIMESTAMP] Render @ http://localhost:5173/node_modules/.vite/deps/react-dom_client.js?v=68fe320d:3314
[   26737ms] [TIMESTAMP] Commit @ http://localhost:5173/node_modules/.vite/deps/react-dom_client.js?v=68fe320d:12955
[   26738ms] [TIMESTAMP] AgentDashboard @ http://localhost:5173/node_modules/.vite/deps/react-dom_client.js?v=68fe320d:3200
[   28306ms] [TIMESTAMP] Blocking Track @ http://localhost:5173/node_modules/.vite/deps/react-dom_client.js?v=68fe320d:12095
[   28306ms] [TIMESTAMP] Transition Track @ http://localhost:5173/node_modules/.vite/deps/react-dom_client.js?v=68fe320d:12102
[   28306ms] [TIMESTAMP] Suspense Track @ http://localhost:5173/node_modules/.vite/deps/react-dom_client.js?v=68fe320d:12109
[   28306ms] [TIMESTAMP] Idle Track @ http://localhost:5173/node_modules/.vite/deps/react-dom_client.js?v=68fe320d:12116
[   28307ms] [TIMESTAMP] Render @ http://localhost:5173/node_modules/.vite/deps/react-dom_client.js?v=68fe320d:3314
[   28308ms] [TIMESTAMP] Waiting for Paint @ http://localhost:5173/node_modules/.vite/deps/react-dom_client.js?v=68fe320d:13132
[   28308ms] [TIMESTAMP] AgentSidebar @ http://localhost:5173/node_modules/.vite/deps/react-dom_client.js?v=68fe320d:3200
[   28986ms] [TIMESTAMP] Blocking Track @ http://localhost:5173/node_modules/.vite/deps/react-dom_client.js?v=68fe320d:12095
[   28987ms] [TIMESTAMP] Transition Track @ http://localhost:5173/node_modules/.vite/deps/react-dom_client.js?v=68fe320d:12102
[   28987ms] [TIMESTAMP] Suspense Track @ http://localhost:5173/node_modules/.vite/deps/react-dom_client.js?v=68fe320d:12109
[   28987ms] [TIMESTAMP] Idle Track @ http://localhost:5173/node_modules/.vite/deps/react-dom_client.js?v=68fe320d:12116
[   28993ms] [TIMESTAMP] Render @ http://localhost:5173/node_modules/.vite/deps/react-dom_client.js?v=68fe320d:3314
[   28994ms] [TIMESTAMP] AgentDashboard @ http://localhost:5173/node_modules/.vite/deps/react-dom_client.js?v=68fe320d:3200
[   30305ms] [TIMESTAMP] Blocking Track @ http://localhost:5173/node_modules/.vite/deps/react-dom_client.js?v=68fe320d:12095
[   30305ms] [TIMESTAMP] Transition Track @ http://localhost:5173/node_modules/.vite/deps/react-dom_client.js?v=68fe320d:12102
[   30305ms] [TIMESTAMP] Suspense Track @ http://localhost:5173/node_modules/.vite/deps/react-dom_client.js?v=68fe320d:12109
[   30305ms] [TIMESTAMP] Idle Track @ http://localhost:5173/node_modules/.vite/deps/react-dom_client.js?v=68fe320d:12116
[   30307ms] [TIMESTAMP] Render @ http://localhost:5173/node_modules/.vite/deps/react-dom_client.js?v=68fe320d:3314
[   30308ms] [TIMESTAMP] Waiting for Paint @ http://localhost:5173/node_modules/.vite/deps/react-dom_client.js?v=68fe320d:13132
[   30308ms] [TIMESTAMP] AgentSidebar @ http://localhost:5173/node_modules/.vite/deps/react-dom_client.js?v=68fe320d:3200
[   31418ms] [TIMESTAMP] Blocking Track @ http://localhost:5173/node_modules/.vite/deps/react-dom_client.js?v=68fe320d:12095
[   31418ms] [TIMESTAMP] Transition Track @ http://localhost:5173/node_modules/.vite/deps/react-dom_client.js?v=68fe320d:12102
[   31418ms] [TIMESTAMP] Suspense Track @ http://localhost:5173/node_modules/.vite/deps/react-dom_client.js?v=68fe320d:12109
[   31418ms] [TIMESTAMP] Idle Track @ http://localhost:5173/node_modules/.vite/deps/react-dom_client.js?v=68fe320d:12116
[   31425ms] [TIMESTAMP] Render @ http://localhost:5173/node_modules/.vite/deps/react-dom_client.js?v=68fe320d:3314
[   31426ms] [TIMESTAMP] Commit @ http://localhost:5173/node_modules/.vite/deps/react-dom_client.js?v=68fe320d:12955
[   31426ms] [TIMESTAMP] AgentDashboard @ http://localhost:5173/node_modules/.vite/deps/react-dom_client.js?v=68fe320d:3200
[   31426ms] [TIMESTAMP] Blocking Track @ http://localhost:5173/node_modules/.vite/deps/react-dom_client.js?v=68fe320d:12095
[   31426ms] [TIMESTAMP] Transition Track @ http://localhost:5173/node_modules/.vite/deps/react-dom_client.js?v=68fe320d:12102
[   31427ms] [TIMESTAMP] Suspense Track @ http://localhost:5173/node_modules/.vite/deps/react-dom_client.js?v=68fe320d:12109
[   31427ms] [TIMESTAMP] Idle Track @ http://localhost:5173/node_modules/.vite/deps/react-dom_client.js?v=68fe320d:12116
[   31427ms] [TIMESTAMP] Render @ http://localhost:5173/node_modules/.vite/deps/react-dom_client.js?v=68fe320d:3314
[   32305ms] [TIMESTAMP] Blocking Track @ http://localhost:5173/node_modules/.vite/deps/react-dom_client.js?v=68fe320d:12095
[   32306ms] [TIMESTAMP] Transition Track @ http://localhost:5173/node_modules/.vite/deps/react-dom_client.js?v=68fe320d:12102
[   32306ms] [TIMESTAMP] Suspense Track @ http://localhost:5173/node_modules/.vite/deps/react-dom_client.js?v=68fe320d:12109
[   32306ms] [TIMESTAMP] Idle Track @ http://localhost:5173/node_modules/.vite/deps/react-dom_client.js?v=68fe320d:12116
[   32308ms] [TIMESTAMP] Render @ http://localhost:5173/node_modules/.vite/deps/react-dom_client.js?v=68fe320d:3314
[   32308ms] [TIMESTAMP] AgentSidebar @ http://localhost:5173/node_modules/.vite/deps/react-dom_client.js?v=68fe320d:3200
[   33558ms] [TIMESTAMP] Blocking Track @ http://localhost:5173/node_modules/.vite/deps/react-dom_client.js?v=68fe320d:12095
[   33559ms] [TIMESTAMP] Transition Track @ http://localhost:5173/node_modules/.vite/deps/react-dom_client.js?v=68fe320d:12102
[   33559ms] [TIMESTAMP] Suspense Track @ http://localhost:5173/node_modules/.vite/deps/react-dom_client.js?v=68fe320d:12109
[   33559ms] [TIMESTAMP] Idle Track @ http://localhost:5173/node_modules/.vite/deps/react-dom_client.js?v=68fe320d:12116
[   33566ms] [TIMESTAMP] Render @ http://localhost:5173/node_modules/.vite/deps/react-dom_client.js?v=68fe320d:3314
[   33566ms] [TIMESTAMP] Commit @ http://localhost:5173/node_modules/.vite/deps/react-dom_client.js?v=68fe320d:12955
[   33566ms] [TIMESTAMP] AgentDashboard @ http://localhost:5173/node_modules/.vite/deps/react-dom_client.js?v=68fe320d:3200
[   34306ms] [TIMESTAMP] Blocking Track @ http://localhost:5173/node_modules/.vite/deps/react-dom_client.js?v=68fe320d:12095
[   34306ms] [TIMESTAMP] Transition Track @ http://localhost:5173/node_modules/.vite/deps/react-dom_client.js?v=68fe320d:12102
[   34307ms] [TIMESTAMP] Suspense Track @ http://localhost:5173/node_modules/.vite/deps/react-dom_client.js?v=68fe320d:12109
[   34307ms] [TIMESTAMP] Idle Track @ http://localhost:5173/node_modules/.vite/deps/react-dom_client.js?v=68fe320d:12116
[   34309ms] [TIMESTAMP] Render @ http://localhost:5173/node_modules/.vite/deps/react-dom_client.js?v=68fe320d:3314
[   34310ms] [TIMESTAMP] Waiting for Paint @ http://localhost:5173/node_modules/.vite/deps/react-dom_client.js?v=68fe320d:13132
[   34310ms] [TIMESTAMP] AgentSidebar @ http://localhost:5173/node_modules/.vite/deps/react-dom_client.js?v=68fe320d:3200
[   35697ms] [TIMESTAMP] Blocking Track @ http://localhost:5173/node_modules/.vite/deps/react-dom_client.js?v=68fe320d:12095
[   35697ms] [TIMESTAMP] Transition Track @ http://localhost:5173/node_modules/.vite/deps/react-dom_client.js?v=68fe320d:12102
[   35697ms] [TIMESTAMP] Suspense Track @ http://localhost:5173/node_modules/.vite/deps/react-dom_client.js?v=68fe320d:12109
[   35697ms] [TIMESTAMP] Idle Track @ http://localhost:5173/node_modules/.vite/deps/react-dom_client.js?v=68fe320d:12116
[   35703ms] [TIMESTAMP] Render @ http://localhost:5173/node_modules/.vite/deps/react-dom_client.js?v=68fe320d:3314
[   35704ms] [TIMESTAMP] Commit @ http://localhost:5173/node_modules/.vite/deps/react-dom_client.js?v=68fe320d:12955
[   35704ms] [TIMESTAMP] AgentDashboard @ http://localhost:5173/node_modules/.vite/deps/react-dom_client.js?v=68fe320d:3200
[   36305ms] [TIMESTAMP] Blocking Track @ http://localhost:5173/node_modules/.vite/deps/react-dom_client.js?v=68fe320d:12095
[   36305ms] [TIMESTAMP] Transition Track @ http://localhost:5173/node_modules/.vite/deps/react-dom_client.js?v=68fe320d:12102
[   36305ms] [TIMESTAMP] Suspense Track @ http://localhost:5173/node_modules/.vite/deps/react-dom_client.js?v=68fe320d:12109
[   36306ms] [TIMESTAMP] Idle Track @ http://localhost:5173/node_modules/.vite/deps/react-dom_client.js?v=68fe320d:12116
[   36307ms] [TIMESTAMP] Render @ http://localhost:5173/node_modules/.vite/deps/react-dom_client.js?v=68fe320d:3314
[   36308ms] [TIMESTAMP] Waiting for Paint @ http://localhost:5173/node_modules/.vite/deps/react-dom_client.js?v=68fe320d:13132
[   36308ms] [TIMESTAMP] AgentSidebar @ http://localhost:5173/node_modules/.vite/deps/react-dom_client.js?v=68fe320d:3200
[   37780ms] [TIMESTAMP] Blocking Track @ http://localhost:5173/node_modules/.vite/deps/react-dom_client.js?v=68fe320d:12095
[   37780ms] [TIMESTAMP] Transition Track @ http://localhost:5173/node_modules/.vite/deps/react-dom_client.js?v=68fe320d:12102
[   37780ms] [TIMESTAMP] Suspense Track @ http://localhost:5173/node_modules/.vite/deps/react-dom_client.js?v=68fe320d:12109
[   37780ms] [TIMESTAMP] Idle Track @ http://localhost:5173/node_modules/.vite/deps/react-dom_client.js?v=68fe320d:12116
[   37787ms] [TIMESTAMP] Render @ http://localhost:5173/node_modules/.vite/deps/react-dom_client.js?v=68fe320d:3314
[   37787ms] [TIMESTAMP] AgentDashboard @ http://localhost:5173/node_modules/.vite/deps/react-dom_client.js?v=68fe320d:3200
[   38306ms] [TIMESTAMP] Blocking Track @ http://localhost:5173/node_modules/.vite/deps/react-dom_client.js?v=68fe320d:12095
[   38306ms] [TIMESTAMP] Transition Track @ http://localhost:5173/node_modules/.vite/deps/react-dom_client.js?v=68fe320d:12102
[   38306ms] [TIMESTAMP] Suspense Track @ http://localhost:5173/node_modules/.vite/deps/react-dom_client.js?v=68fe320d:12109
[   38306ms] [TIMESTAMP] Idle Track @ http://localhost:5173/node_modules/.vite/deps/react-dom_client.js?v=68fe320d:12116
[   38308ms] [TIMESTAMP] Render @ http://localhost:5173/node_modules/.vite/deps/react-dom_client.js?v=68fe320d:3314
[   38309ms] [TIMESTAMP] AgentSidebar @ http://localhost:5173/node_modules/.vite/deps/react-dom_client.js?v=68fe320d:3200
[   39995ms] [TIMESTAMP] Blocking Track @ http://localhost:5173/node_modules/.vite/deps/react-dom_client.js?v=68fe320d:12095
[   39995ms] [TIMESTAMP] Transition Track @ http://localhost:5173/node_modules/.vite/deps/react-dom_client.js?v=68fe320d:12102
[   39995ms] [TIMESTAMP] Suspense Track @ http://localhost:5173/node_modules/.vite/deps/react-dom_client.js?v=68fe320d:12109
[   39995ms] [TIMESTAMP] Idle Track @ http://localhost:5173/node_modules/.vite/deps/react-dom_client.js?v=68fe320d:12116
[   40002ms] [TIMESTAMP] Render @ http://localhost:5173/node_modules/.vite/deps/react-dom_client.js?v=68fe320d:3314
[   40002ms] [TIMESTAMP] Commit @ http://localhost:5173/node_modules/.vite/deps/react-dom_client.js?v=68fe320d:12955
[   40003ms] [TIMESTAMP] AgentDashboard @ http://localhost:5173/node_modules/.vite/deps/react-dom_client.js?v=68fe320d:3200
[   40305ms] [TIMESTAMP] Blocking Track @ http://localhost:5173/node_modules/.vite/deps/react-dom_client.js?v=68fe320d:12095
[   40305ms] [TIMESTAMP] Transition Track @ http://localhost:5173/node_modules/.vite/deps/react-dom_client.js?v=68fe320d:12102
[   40305ms] [TIMESTAMP] Suspense Track @ http://localhost:5173/node_modules/.vite/deps/react-dom_client.js?v=68fe320d:12109
[   40305ms] [TIMESTAMP] Idle Track @ http://localhost:5173/node_modules/.vite/deps/react-dom_client.js?v=68fe320d:12116
[   40307ms] [TIMESTAMP] Render @ http://localhost:5173/node_modules/.vite/deps/react-dom_client.js?v=68fe320d:3314
[   40307ms] [TIMESTAMP] Commit @ http://localhost:5173/node_modules/.vite/deps/react-dom_client.js?v=68fe320d:12955
[   40308ms] [TIMESTAMP] AgentSidebar @ http://localhost:5173/node_modules/.vite/deps/react-dom_client.js?v=68fe320d:3200
